#
# A fatal error has been detected by the Java Runtime Environment:
#
#  Internal Error (g1PageBasedVirtualSpace.cpp:220), pid=15723, tid=15758
#  guarantee(is_area_committed(start_page, size_in_pages)) failed: Specified area is not committed, start page: 22528, page count: 32768
#
# JRE version: OpenJDK Runtime Environment (17.0.17+10) (build 17.0.17+10-Ubuntu-122.04)
# Java VM: OpenJDK 64-Bit Server VM (17.0.17+10-Ubuntu-122.04, mixed mode, sharing, tiered, compressed oops, compressed class ptrs, g1 gc, linux-amd64)
# Problematic frame:
# V  [libjvm.so+0x74155e]  G1PageBasedVirtualSpace::uncommit(unsigned long, unsigned long)+0x10e
#
# Core dump will be written. Default location: Core dumps may be processed with "/usr/share/apport/apport -p%p -s%s -c%c -d%d -P%P -u%u -g%g -F%F -- %E" (or dumping to /home/timur/eclipse-workspaceак/b9-gateway/core.15723)
#
# If you would like to submit a bug report, please visit:
#   https://bugs.launchpad.net/ubuntu/+source/openjdk-17
#

---------------  S U M M A R Y ------------

Command Line: --enable-native-access=ALL-UNNAMED -Dclassworlds.conf=/opt/apache-maven-3.9.11/bin/m2.conf -Dmaven.home=/opt/apache-maven-3.9.11 -Dlibrary.jansi.path=/opt/apache-maven-3.9.11/lib/jansi-native -Dmaven.multiModuleProjectDirectory=/home/timur/eclipse-workspaceак/b9-gateway org.codehaus.plexus.classworlds.launcher.Launcher clean install

Host: Intel(R) Core(TM) i5-10400 CPU @ 2.90GHz, 12 cores, 31G, Ubuntu 22.04.2 LTS
Time: Thu Jan  1 13:31:03 2026 MSK elapsed time: 1.787123 seconds (0d 0h 0m 1s)

---------------  T H R E A D  ---------------

Current thread (0x0000705cb01175a0):  ConcurrentGCThread "G1 Service" [stack: 0x0000705caff00000,0x0000705cb0000000] [id=15758]

Stack: [0x0000705caff00000,0x0000705cb0000000],  sp=0x0000705cafffebf0,  free space=1018k
Native frames: (J=compiled Java code, j=interpreted, Vv=VM code, C=native code)
V  [libjvm.so+0x74155e]  G1PageBasedVirtualSpace::uncommit(unsigned long, unsigned long)+0x10e
V  [libjvm.so+0x755c12]  G1RegionsLargerThanCommitSizeMapper::uncommit_regions(unsigned int, unsigned long)+0x92
V  [libjvm.so+0x7edce5]  HeapRegionManager::uncommit_regions(unsigned int, unsigned int)+0xf5
V  [libjvm.so+0x7ede02]  HeapRegionManager::uncommit_inactive_regions(unsigned int)+0x62
V  [libjvm.so+0x77babe]  G1UncommitRegionTask::execute()+0x4e
V  [libjvm.so+0x76a935]  G1ServiceThread::run_task(G1ServiceTask*)+0x105
V  [libjvm.so+0x76a9f0]  G1ServiceThread::run_service()+0xb0
V  [libjvm.so+0x5fd30f]  ConcurrentGCThread::run()+0x2f
V  [libjvm.so+0xec1dfe]  Thread::call_run()+0xae
V  [libjvm.so+0xc487ab]  thread_native_entry(Thread*)+0xeb

Registers:
RAX=0x0000705cb866e000, RBX=0x0000705cb001ace0, RCX=0x0000705cb7e096b8, RDX=0x0000705cb7e09700
RSP=0x0000705cafffebf0, RBP=0x0000705cafffec10, RSI=0x00000000000000dc, RDI=0x0000705cb7e09280
R8 =0x0000000000005800, R9 =0x0000000000008000, R10=0x0000705cb003d250, R11=0x0000000000000016
R12=0x0000000000005800, R13=0x0000705cb001ad00, R14=0x000000000000d800, R15=0x0000000000000020
RIP=0x0000705cb754155e, EFLAGS=0x0000000000010216, CSGSFS=0x002b000000000033, ERR=0x0000000000000006
  TRAPNO=0x000000000000000e

XMM[0]=0x0000000000000000 0x0000004500000016
XMM[1]=0x0000000000000000 0x00000000000007c2
XMM[2]=0x0000000000000000 0x0000000000000045
XMM[3]=0x0000000000000000 0x3fe0000000000000
XMM[4]=0x0000000000000000 0x3fe0000000000000
XMM[5]=0x0000705cb864ae87 0x0000705cb0118380
XMM[6]=0x0000000000000000 0x3ff0000000000000
XMM[7]=0x00005a8237746880 0x0000000000000007
XMM[8]=0x74696e6f6d202020 0x2020202020202000
XMM[9]=0x0000000000000000 0x0000000000000000
XMM[10]=0x0000000000000000 0x0000000000000000
XMM[11]=0x0000705cb7dd4b40 0x0000705cb7dd4960
XMM[12]=0x0000705cb7dd49c0 0x0000705cb7dd4cac
XMM[13]=0x0000705cb7dd4a40 0x0000705cb7dd4cac
XMM[14]=0x0000705cb7dd4ac0 0x0000705cb7dd4cac
XMM[15]=0xcafebabecafebabe 0xcafebabecafebabe
  MXCSR=0x00001fa0


Register to memory mapping:

RAX=0x0000705cb866e000 points into unknown readable memory: 0x0000000000000058 | 58 00 00 00 00 00 00 00
RBX=0x0000705cb001ace0 points into unknown readable memory: 0x000000060f800000 | 00 00 80 0f 06 00 00 00
RCX=0x0000705cb7e096b8: <offset 0x00000000010096b8> in /usr/lib/jvm/java-17-openjdk-amd64/lib/server/libjvm.so at 0x0000705cb6e00000
RDX=0x0000705cb7e09700: <offset 0x0000000001009700> in /usr/lib/jvm/java-17-openjdk-amd64/lib/server/libjvm.so at 0x0000705cb6e00000
RSP=0x0000705cafffebf0 points into unknown readable memory: 0x0000705cb001acd0 | d0 ac 01 b0 5c 70 00 00
RBP=0x0000705cafffec10 points into unknown readable memory: 0x0000705cafffec50 | 50 ec ff af 5c 70 00 00
RSI=0x00000000000000dc is an unknown value
RDI=0x0000705cb7e09280: <offset 0x0000000001009280> in /usr/lib/jvm/java-17-openjdk-amd64/lib/server/libjvm.so at 0x0000705cb6e00000
R8 =0x0000000000005800 is an unknown value
R9 =0x0000000000008000 is an unknown value
R10=0x0000705cb003d250 points into unknown readable memory: 0xffffffffffc00000 | 00 00 c0 ff ff ff ff ff
R11=0x0000000000000016 is an unknown value
R12=0x0000000000005800 is an unknown value
R13=0x0000705cb001ad00 points into unknown readable memory: 0x0000705cb8473010 | 10 30 47 b8 5c 70 00 00
R14=0x000000000000d800 is an unknown value
R15=0x0000000000000020 is an unknown value


Top of Stack: (sp=0x0000705cafffebf0)
0x0000705cafffebf0:   0000705cb001acd0 0000705cb001ad40
0x0000705cafffec00:   0000000000000016 0000000000000036
0x0000705cafffec10:   0000705cafffec50 0000705cb7555c12
0x0000705cafffec20:   0000705cafffec60 0000000000000020
0x0000705cafffec30:   0000000000000020 0000000000000016
0x0000705cafffec40:   0000705cb002b230 0000705cb002b248
0x0000705cafffec50:   0000705cafffecb0 0000705cb75edce5
0x0000705cafffec60:   000000000000000c 0000705cb0117878
0x0000705cafffec70:   00000036b0117850 0000705c2400f650
0x0000705cafffec80:   0000705c2400f650 0000000000000020
0x0000705cafffec90:   0000000000000020 0000705cb002b230
0x0000705cafffeca0:   0000705cb0014190 0000705cb002b248
0x0000705cafffecb0:   0000705cafffecf0 0000705cb75ede02
0x0000705cafffecc0:   0000705cafffecd0 0000705c2400f650
0x0000705cafffecd0:   0000705c2400f650 0000705cb814c9b8
0x0000705cafffece0:   0000705cb002b100 0000705cb6dfe6d0
0x0000705cafffecf0:   0000705cafffed40 0000705cb757babe
0x0000705cafffed00:   0000000000000000 0000000000000000
0x0000705cafffed10:   0000000064a37762 000000012405cc10
0x0000705cafffed20:   0000000000000000 0000705c2400f650
0x0000705cafffed30:   0000705cb0117848 0000000000100000
0x0000705cafffed40:   0000705cafffed70 0000705cb756a935
0x0000705cafffed50:   3f24d72799a1fd15 3ffb03cd514e73a3
0x0000705cafffed60:   0000705cb01175a0 0000000000100000
0x0000705cafffed70:   0000705cafffeda0 0000705cb756a9f0
0x0000705cafffed80:   0000705cafffeda0 0000705cb01175a0
0x0000705cafffed90:   0000705cb01175a0 0000705caff00000
0x0000705cafffeda0:   0000705cafffedc0 0000705cb73fd30f
0x0000705cafffedb0:   0000705cb0118200 0000705cb01175a0
0x0000705cafffedc0:   0000705cafffee20 0000705cb7cc1dfe
0x0000705cafffedd0:   0000000000000000 0000705cb01182e0
0x0000705cafffede0:   0000000000000000 0000705cb01175a0 

Instructions: (pc=0x0000705cb754155e)
0x0000705cb754145e:   41 55 4c 8d 6f 20 41 54 49 89 f4 53 48 89 fb 4c
0x0000705cb754146e:   39 f6 73 76 48 8b 77 20 4c 89 e0 49 89 d1 4c 89
0x0000705cb754147e:   e1 48 c1 e8 06 83 e1 3f 48 8b 14 c6 48 f7 d2 48
0x0000705cb754148e:   d3 ea f6 c2 01 0f 85 9e 00 00 00 48 85 d2 0f 85
0x0000705cb754149e:   7e 00 00 00 49 8d 4e 3f 48 c1 e9 06 66 0f 1f 44
0x0000705cb75414ae:   00 00 48 83 c0 01 48 39 c1 0f 86 b0 00 00 00 48
0x0000705cb75414be:   8b 14 c6 48 83 f2 ff 74 e9 f3 48 0f bc d2 48 c1
0x0000705cb75414ce:   e0 06 48 63 d2 48 01 d0 4c 39 f0 49 0f 47 c6 48
0x0000705cb75414de:   89 c2 eb 50 66 0f 1f 44 00 00 80 7f 50 00 0f 84
0x0000705cb75414ee:   be 00 00 00 48 8d 7b 38 b9 01 00 00 00 4c 89 f2
0x0000705cb75414fe:   4c 89 e6 e8 0a 55 d0 ff 5b 4c 89 f2 4c 89 e6 4c
0x0000705cb754150e:   89 ef 41 5c 31 c9 41 5d 41 5e 5d e9 f2 54 d0 ff
0x0000705cb754151e:   66 90 f3 48 0f bc d2 48 63 d2 4c 01 e2 4c 39 f2
0x0000705cb754152e:   49 0f 47 d6 49 39 d6 76 36 48 8d 05 0a 4e bc 00
0x0000705cb754153e:   4d 89 e0 48 8d 0d 70 81 8c 00 48 8d 15 b1 81 8c
0x0000705cb754154e:   00 be dc 00 00 00 48 8d 3d 25 7d 8c 00 48 8b 00
0x0000705cb754155e:   c6 00 58 31 c0 e8 68 f5 ec ff e8 03 1f 50 00 80
0x0000705cb754156e:   7b 50 00 0f 85 7b ff ff ff 48 8b 43 18 4c 89 e7
0x0000705cb754157e:   48 8b 13 48 0f af f8 49 0f af c6 48 01 d7 48 8d
0x0000705cb754158e:   34 02 48 8b 43 08 48 39 c6 48 0f 47 f0 31 d2 48
0x0000705cb754159e:   29 fe e8 4b e3 4f 00 e9 5c ff ff ff 66 0f 1f 44
0x0000705cb75415ae:   00 00 48 8d 05 91 4d bc 00 4d 89 f1 4d 89 e0 48
0x0000705cb75415be:   8d 0d 94 7f 8c 00 48 8d 15 c5 7f 8c 00 be d4 00
0x0000705cb75415ce:   00 00 48 8d 3d a9 7c 8c 00 48 8b 00 c6 00 58 31
0x0000705cb75415de:   c0 e8 ec f4 ec ff e8 87 1e 50 00 eb 8c 90 0f 1f
0x0000705cb75415ee:   40 00 f3 0f 1e fa 49 89 c8 48 8b 4f 18 48 01 f2
0x0000705cb75415fe:   48 8b 07 48 8b 7f 08 48 0f af d1 48 01 c2 48 39
0x0000705cb754160e:   fa 48 0f 47 d7 48 0f af f1 48 8d 3d 32 81 8c 00
0x0000705cb754161e:   48 01 c6 e9 8a a2 55 00 66 2e 0f 1f 84 00 00 00
0x0000705cb754162e:   00 00 f3 0f 1e fa 31 c0 48 39 37 77 07 48 39 77
0x0000705cb754163e:   08 0f 97 c0 c3 66 2e 0f 1f 84 00 00 00 00 00 0f
0x0000705cb754164e:   1f 00 f3 0f 1e fa 55 48 8d 05 44 5a b1 00 48 89 


Stack slot to memory mapping:
stack at sp + 0 slots: 0x0000705cb001acd0 points into unknown readable memory: 0x0000705cb8057158 | 58 71 05 b8 5c 70 00 00
stack at sp + 1 slots: 0x0000705cb001ad40 points into unknown readable memory: 0x0000705cb00364a0 | a0 64 03 b0 5c 70 00 00
stack at sp + 2 slots: 0x0000000000000016 is an unknown value
stack at sp + 3 slots: 0x0000000000000036 is an unknown value
stack at sp + 4 slots: 0x0000705cafffec50 points into unknown readable memory: 0x0000705cafffecb0 | b0 ec ff af 5c 70 00 00
stack at sp + 5 slots: 0x0000705cb7555c12: <offset 0x0000000000755c12> in /usr/lib/jvm/java-17-openjdk-amd64/lib/server/libjvm.so at 0x0000705cb6e00000
stack at sp + 6 slots: 0x0000705cafffec60 points into unknown readable memory: 0x000000000000000c | 0c 00 00 00 00 00 00 00
stack at sp + 7 slots: 0x0000000000000020 is an unknown value


---------------  P R O C E S S  ---------------

Threads class SMR info:
_java_thread_list=0x0000705cb09636a0, length=14, elements={
0x0000705cb0018960, 0x0000705cb0148770, 0x0000705cb0149b50, 0x0000705cb0150630,
0x0000705cb01519e0, 0x0000705cb0152df0, 0x0000705cb01547a0, 0x0000705cb0155cd0,
0x0000705cb015f130, 0x0000705cb018f730, 0x0000705cb0192640, 0x0000705c041851e0,
0x0000705c042998b0, 0x0000705cb0962970
}

Java Threads: ( => current thread )
  0x0000705cb0018960 JavaThread "main" [_thread_blocked, id=15753, stack(0x0000705cb6d00000,0x0000705cb6e00000)]
  0x0000705cb0148770 JavaThread "Reference Handler" daemon [_thread_blocked, id=15760, stack(0x0000705c8592e000,0x0000705c85a2e000)]
  0x0000705cb0149b50 JavaThread "Finalizer" daemon [_thread_blocked, id=15761, stack(0x0000705c8582e000,0x0000705c8592e000)]
  0x0000705cb0150630 JavaThread "Signal Dispatcher" daemon [_thread_blocked, id=15762, stack(0x0000705c85100000,0x0000705c85200000)]
  0x0000705cb01519e0 JavaThread "Service Thread" daemon [_thread_blocked, id=15763, stack(0x0000705c85000000,0x0000705c85100000)]
  0x0000705cb0152df0 JavaThread "Monitor Deflation Thread" daemon [_thread_blocked, id=15764, stack(0x0000705c84f00000,0x0000705c85000000)]
  0x0000705cb01547a0 JavaThread "C2 CompilerThread0" daemon [_thread_blocked, id=15765, stack(0x0000705c84e00000,0x0000705c84f00000)]
  0x0000705cb0155cd0 JavaThread "C1 CompilerThread0" daemon [_thread_blocked, id=15766, stack(0x0000705c84d00000,0x0000705c84e00000)]
  0x0000705cb015f130 JavaThread "Sweeper thread" daemon [_thread_blocked, id=15767, stack(0x0000705c84c00000,0x0000705c84d00000)]
  0x0000705cb018f730 JavaThread "Notification Thread" daemon [_thread_blocked, id=15768, stack(0x0000705c84b00000,0x0000705c84c00000)]
  0x0000705cb0192640 JavaThread "Common-Cleaner" daemon [_thread_blocked, id=15770, stack(0x0000705c848ff000,0x0000705c849ff000)]
  0x0000705c041851e0 JavaThread "C2 CompilerThread1" daemon [_thread_blocked, id=15772, stack(0x0000705c847ff000,0x0000705c848ff000)]
  0x0000705c042998b0 JavaThread "C2 CompilerThread2" daemon [_thread_blocked, id=15773, stack(0x0000705c846ff000,0x0000705c847ff000)]
  0x0000705cb0962970 JavaThread "Thread-1" daemon [_thread_blocked, id=15783, stack(0x0000705c2a8fa000,0x0000705c2a9fa000)]

Other Threads:
  0x0000705cb01448f0 VMThread "VM Thread" [stack: 0x0000705c85a2f000,0x0000705c85b2f000] [id=15759]
  0x0000705cb0191070 WatcherThread [stack: 0x0000705c84a00000,0x0000705c84b00000] [id=15769]
  0x0000705cb0047340 GCTaskThread "GC Thread#0" [stack: 0x0000705cb4d9c000,0x0000705cb4e9c000] [id=15754]
  0x0000705c24006e40 GCTaskThread "GC Thread#1" [stack: 0x0000705c84300000,0x0000705c84400000] [id=15774]
  0x0000705c24007880 GCTaskThread "GC Thread#2" [stack: 0x0000705c841ff000,0x0000705c842ff000] [id=15775]
  0x0000705c240082c0 GCTaskThread "GC Thread#3" [stack: 0x0000705c840fe000,0x0000705c841fe000] [id=15776]
  0x0000705c24008d00 GCTaskThread "GC Thread#4" [stack: 0x0000705c2af00000,0x0000705c2b000000] [id=15777]
  0x0000705c24009740 GCTaskThread "GC Thread#5" [stack: 0x0000705c2adff000,0x0000705c2aeff000] [id=15778]
  0x0000705c2400a570 GCTaskThread "GC Thread#6" [stack: 0x0000705c2acfe000,0x0000705c2adfe000] [id=15779]
  0x0000705c2400b3e0 GCTaskThread "GC Thread#7" [stack: 0x0000705c2abfd000,0x0000705c2acfd000] [id=15780]
  0x0000705c2400c250 GCTaskThread "GC Thread#8" [stack: 0x0000705c2aafc000,0x0000705c2abfc000] [id=15781]
  0x0000705c2400d0c0 GCTaskThread "GC Thread#9" [stack: 0x0000705c2a9fb000,0x0000705c2aafb000] [id=15782]
  0x0000705cb00581a0 ConcurrentGCThread "G1 Main Marker" [stack: 0x0000705cb4c9b000,0x0000705cb4d9b000] [id=15755]
  0x0000705cb0059110 ConcurrentGCThread "G1 Conc#0" [stack: 0x0000705cb4b9a000,0x0000705cb4c9a000] [id=15756]
  0x0000705c78000ea0 ConcurrentGCThread "G1 Conc#1" [stack: 0x0000705c2a40d000,0x0000705c2a50d000] [id=15784]
  0x0000705c780018f0 ConcurrentGCThread "G1 Conc#2" [stack: 0x0000705c2a30c000,0x0000705c2a40c000] [id=15785]
  0x0000705cb01166a0 ConcurrentGCThread "G1 Refine#0" [stack: 0x0000705cb408f000,0x0000705cb418f000] [id=15757]
=>0x0000705cb01175a0 ConcurrentGCThread "G1 Service" [stack: 0x0000705caff00000,0x0000705cb0000000] [id=15758]

Threads with active compile tasks:

VM state: not at safepoint (normal execution)

VM Mutex/Monitor currently owned by a thread:  ([mutex/lock_event])
[0x0000705cb0014190] Uncommit_lock - owner thread: 0x0000705cb01175a0
[0x0000705cb0016230] Heap_lock - owner thread: 0x0000705cb00581a0

Heap address: 0x000000060f800000, size: 7944 MB, Compressed Oops mode: Zero based, Oop shift amount: 3

CDS archive(s) mapped at: [0x0000705c2f000000-0x0000705c2fbca000-0x0000705c2fbca000), size 12361728, SharedBaseAddress: 0x0000705c2f000000, ArchiveRelocationMode: 1.
Compressed class space mapped at: 0x0000705c30000000-0x0000705c70000000, reserved size: 1073741824
Narrow klass base: 0x0000705c2f000000, Narrow klass shift: 0, Narrow klass range: 0x100000000

GC Precious Log:
 CPUs: 12 total, 12 available
 Memory: 31764M
 Large Page Support: Disabled
 NUMA Support: Disabled
 Compressed Oops: Enabled (Zero based)
 Heap Region Size: 4M
 Heap Min Capacity: 8M
 Heap Initial Capacity: 500M
 Heap Max Capacity: 7944M
 Pre-touch: Disabled
 Parallel Workers: 10
 Concurrent Workers: 3
 Concurrent Refinement Workers: 10
 Periodic GC: Disabled

Heap:
 garbage-first heap   total 122880K, used 26907K [0x000000060f800000, 0x0000000800000000)
  region size 4096K, 6 young (24576K), 5 survivors (20480K)
 Metaspace       used 24753K, committed 25088K, reserved 1114112K
  class space    used 2920K, committed 3072K, reserved 1048576K

Heap Regions: E=young(eden), S=young(survivor), O=old, HS=humongous(starts), HC=humongous(continues), CS=collection set, F=free, OA=open archive, CA=closed archive, TAMS=top-at-mark-start (previous, next)
|   0|0x000000060f800000, 0x000000060fae1400, 0x000000060fc00000| 71%| O|  |TAMS 0x000000060fae1400, 0x000000060f800000| Updating 
|   1|0x000000060fc00000, 0x000000060fc00000, 0x0000000610000000|  0%| F|  |TAMS 0x000000060fc00000, 0x000000060fc00000| Untracked 
|   2|0x0000000610000000, 0x0000000610000000, 0x0000000610400000|  0%| F|  |TAMS 0x0000000610000000, 0x0000000610000000| Untracked 
|   3|0x0000000610400000, 0x0000000610400000, 0x0000000610800000|  0%| F|  |TAMS 0x0000000610400000, 0x0000000610400000| Untracked 
|   4|0x0000000610800000, 0x0000000610800000, 0x0000000610c00000|  0%| F|  |TAMS 0x0000000610800000, 0x0000000610800000| Untracked 
|   5|0x0000000610c00000, 0x0000000610c00000, 0x0000000611000000|  0%| F|  |TAMS 0x0000000610c00000, 0x0000000610c00000| Untracked 
|   6|0x0000000611000000, 0x0000000611000000, 0x0000000611400000|  0%| F|  |TAMS 0x0000000611000000, 0x0000000611000000| Untracked 
|   7|0x0000000611400000, 0x0000000611400000, 0x0000000611800000|  0%| F|  |TAMS 0x0000000611400000, 0x0000000611400000| Untracked 
|   8|0x0000000611800000, 0x0000000611800000, 0x0000000611c00000|  0%| F|  |TAMS 0x0000000611800000, 0x0000000611800000| Untracked 
|   9|0x0000000611c00000, 0x0000000611c00000, 0x0000000612000000|  0%| F|  |TAMS 0x0000000611c00000, 0x0000000611c00000| Untracked 
|  10|0x0000000612000000, 0x0000000612000000, 0x0000000612400000|  0%| F|  |TAMS 0x0000000612000000, 0x0000000612000000| Untracked 
|  11|0x0000000612400000, 0x0000000612400000, 0x0000000612800000|  0%| F|  |TAMS 0x0000000612400000, 0x0000000612400000| Untracked 
|  12|0x0000000612800000, 0x0000000612800000, 0x0000000612c00000|  0%| F|  |TAMS 0x0000000612800000, 0x0000000612800000| Untracked 
|  13|0x0000000612c00000, 0x0000000612c00000, 0x0000000613000000|  0%| F|  |TAMS 0x0000000612c00000, 0x0000000612c00000| Untracked 
|  14|0x0000000613000000, 0x0000000613000000, 0x0000000613400000|  0%| F|  |TAMS 0x0000000613000000, 0x0000000613000000| Untracked 
|  15|0x0000000613400000, 0x0000000613400000, 0x0000000613800000|  0%| F|  |TAMS 0x0000000613400000, 0x0000000613400000| Untracked 
|  16|0x0000000613800000, 0x0000000613800000, 0x0000000613c00000|  0%| F|  |TAMS 0x0000000613800000, 0x0000000613800000| Untracked 
|  17|0x0000000613c00000, 0x0000000613c00000, 0x0000000614000000|  0%| F|  |TAMS 0x0000000613c00000, 0x0000000613c00000| Untracked 
|  18|0x0000000614000000, 0x0000000614000000, 0x0000000614400000|  0%| F|  |TAMS 0x0000000614000000, 0x0000000614000000| Untracked 
|  19|0x0000000614400000, 0x0000000614400000, 0x0000000614800000|  0%| F|  |TAMS 0x0000000614400000, 0x0000000614400000| Untracked 
|  20|0x0000000614800000, 0x0000000614800000, 0x0000000614c00000|  0%| F|  |TAMS 0x0000000614800000, 0x0000000614800000| Untracked 
|  21|0x0000000614c00000, 0x0000000614c00000, 0x0000000615000000|  0%| F|  |TAMS 0x0000000614c00000, 0x0000000614c00000| Untracked 
|  69|0x0000000620c00000, 0x0000000620f78ae8, 0x0000000621000000| 86%| S|CS|TAMS 0x0000000620c00000, 0x0000000620c00000| Complete 
|  70|0x0000000621000000, 0x0000000621400000, 0x0000000621400000|100%| S|CS|TAMS 0x0000000621000000, 0x0000000621000000| Complete 
|  71|0x0000000621400000, 0x0000000621800000, 0x0000000621800000|100%| S|CS|TAMS 0x0000000621400000, 0x0000000621400000| Complete 
|  72|0x0000000621800000, 0x0000000621c00000, 0x0000000621c00000|100%| S|CS|TAMS 0x0000000621800000, 0x0000000621800000| Complete 
|  73|0x0000000621c00000, 0x0000000622000000, 0x0000000622000000|100%| S|CS|TAMS 0x0000000621c00000, 0x0000000621c00000| Complete 
| 124|0x000000062e800000, 0x000000062ec00000, 0x000000062ec00000|100%| E|  |TAMS 0x000000062e800000, 0x000000062e800000| Complete 
|1984|0x00000007ff800000, 0x00000007ffb75000, 0x00000007ffc00000| 86%|OA|  |TAMS 0x00000007ffb75000, 0x00000007ff800000| Untracked 
|1985|0x00000007ffc00000, 0x00000007ffc78000, 0x0000000800000000| 11%|CA|  |TAMS 0x00000007ffc78000, 0x00000007ffc00000| Untracked 

Card table byte_map: [0x0000705c9847c000,0x0000705c99400000] _byte_map_base: 0x0000705c95400000

Marking Bits (Prev, Next): (CMBitMap*) 0x0000705cb0047e10, (CMBitMap*) 0x0000705cb0047dd0
 Prev Bits: [0x0000705c87cb8000, 0x0000705c8f8d8000)
 Next Bits: [0x0000705c8f8d8000, 0x0000705c974f8000)

Polling page: 0x0000705cb862a000

Metaspace:

Usage:
  Non-class:     21,32 MB used.
      Class:      2,85 MB used.
       Both:     24,17 MB used.

Virtual space:
  Non-class space:       64,00 MB reserved,      21,50 MB ( 34%) committed,  1 nodes.
      Class space:        1,00 GB reserved,       3,00 MB ( <1%) committed,  1 nodes.
             Both:        1,06 GB reserved,      24,50 MB (  2%) committed. 

Chunk freelists:
   Non-Class:  10,31 MB
       Class:  12,95 MB
        Both:  23,27 MB

MaxMetaspaceSize: unlimited
CompressedClassSpaceSize: 1,00 GB
Initial GC threshold: 21,00 MB
Current GC threshold: 35,31 MB
CDS: on
MetaspaceReclaimPolicy: balanced
 - commit_granule_bytes: 65536.
 - commit_granule_words: 8192.
 - virtual_space_node_default_size: 8388608.
 - enlarge_chunks_in_place: 1.
 - new_chunks_are_fully_committed: 0.
 - uncommit_free_chunks: 1.
 - use_allocation_guard: 0.
 - handle_deallocations: 1.


Internal statistics:

num_allocs_failed_limit: 3.
num_arena_births: 158.
num_arena_deaths: 0.
num_vsnodes_births: 2.
num_vsnodes_deaths: 0.
num_space_committed: 392.
num_space_uncommitted: 0.
num_chunks_returned_to_freelist: 3.
num_chunks_taken_from_freelist: 1050.
num_chunk_merges: 3.
num_chunk_splits: 739.
num_chunks_enlarged: 574.
num_inconsistent_stats: 0.

CodeHeap 'non-profiled nmethods': size=120028Kb used=2789Kb max_used=2789Kb free=117238Kb
 bounds [0x0000705ca0ec9000, 0x0000705ca1189000, 0x0000705ca8400000]
CodeHeap 'profiled nmethods': size=120028Kb used=10412Kb max_used=10412Kb free=109615Kb
 bounds [0x0000705c99400000, 0x0000705c99e30000, 0x0000705ca0937000]
CodeHeap 'non-nmethods': size=5704Kb used=1191Kb max_used=1293Kb free=4512Kb
 bounds [0x0000705ca0937000, 0x0000705ca0ba7000, 0x0000705ca0ec9000]
 total_blobs=5495 nmethods=5005 adapters=403
 compilation: enabled
              stopped_count=0, restarted_count=0
 full_count=0

Compilation events (20 events):
Event: 1,671 Thread 0x0000705cb0155cd0 nmethod 4948 0x0000705c99e07b10 code [0x0000705c99e07ce0, 0x0000705c99e07f80]
Event: 1,671 Thread 0x0000705cb0155cd0 4949       3       jdk.internal.jimage.BasicImageReader::releaseByteBuffer (16 bytes)
Event: 1,671 Thread 0x0000705cb0155cd0 nmethod 4949 0x0000705c99e08090 code [0x0000705c99e08240, 0x0000705c99e084a0]
Event: 1,673 Thread 0x0000705c042998b0 nmethod 4749 0x0000705ca1162510 code [0x0000705ca11626e0, 0x0000705ca1162d58]
Event: 1,673 Thread 0x0000705c042998b0 4950       4       java.lang.String::replace (42 bytes)
Event: 1,682 Thread 0x0000705cb0155cd0 4952       3       java.lang.ref.Reference::enqueueFromPending (19 bytes)
Event: 1,682 Thread 0x0000705cb0155cd0 nmethod 4952 0x0000705c99e08590 code [0x0000705c99e08740, 0x0000705c99e08960]
Event: 1,682 Thread 0x0000705cb0155cd0 4953   !   3       java.lang.ref.ReferenceQueue::enqueue (119 bytes)
Event: 1,682 Thread 0x0000705c042998b0 nmethod 4950 0x0000705ca1163510 code [0x0000705ca11636c0, 0x0000705ca1163d88]
Event: 1,682 Thread 0x0000705c042998b0 4951       4       jdk.internal.jimage.BasicImageReader::match (37 bytes)
Event: 1,682 Thread 0x0000705cb0155cd0 nmethod 4953 0x0000705c99e08a10 code [0x0000705c99e08c00, 0x0000705c99e092e0]
Event: 1,682 Thread 0x0000705cb0155cd0 4955       3       java.lang.ref.ReferenceQueue::reallyPoll (65 bytes)
Event: 1,683 Thread 0x0000705cb0155cd0 nmethod 4955 0x0000705c99e09490 code [0x0000705c99e09660, 0x0000705c99e09b90]
Event: 1,683 Thread 0x0000705cb0155cd0 4956   !   3       java.lang.ref.ReferenceQueue::remove (125 bytes)
Event: 1,683 Thread 0x0000705cb0155cd0 nmethod 4956 0x0000705c99e09c90 code [0x0000705c99e09ec0, 0x0000705c99e0a630]
Event: 1,683 Thread 0x0000705c041851e0 nmethod 4866 0x0000705ca1164090 code [0x0000705ca11642e0, 0x0000705ca11665a8]
Event: 1,683 Thread 0x0000705c041851e0 4755       4       java.util.zip.ZipUtils::CENNAM (9 bytes)
Event: 1,684 Thread 0x0000705c041851e0 nmethod 4755 0x0000705ca1167790 code [0x0000705ca1167920, 0x0000705ca11679d8]
Event: 1,685 Thread 0x0000705cb0155cd0 4957   !   3       jdk.internal.jimage.BasicImageReader::readBuffer (238 bytes)
Event: 1,686 Thread 0x0000705cb0155cd0 nmethod 4957 0x0000705c99e0a910 code [0x0000705c99e0ac00, 0x0000705c99e0b8f0]

GC Heap History (6 events):
Event: 0,288 GC heap before
{Heap before GC invocations=0 (full 0):
 garbage-first heap   total 520192K, used 28596K [0x000000060f800000, 0x0000000800000000)
  region size 4096K, 6 young (24576K), 0 survivors (0K)
 Metaspace       used 5502K, committed 5632K, reserved 1114112K
  class space    used 675K, committed 768K, reserved 1048576K
}
Event: 0,289 GC heap after
{Heap after GC invocations=1 (full 0):
 garbage-first heap   total 520192K, used 7265K [0x000000060f800000, 0x0000000800000000)
  region size 4096K, 1 young (4096K), 1 survivors (4096K)
 Metaspace       used 5502K, committed 5632K, reserved 1114112K
  class space    used 675K, committed 768K, reserved 1048576K
}
Event: 0,526 GC heap before
{Heap before GC invocations=1 (full 0):
 garbage-first heap   total 520192K, used 35937K [0x000000060f800000, 0x0000000800000000)
  region size 4096K, 8 young (32768K), 1 survivors (4096K)
 Metaspace       used 9966K, committed 10112K, reserved 1114112K
  class space    used 1227K, committed 1280K, reserved 1048576K
}
Event: 0,527 GC heap after
{Heap after GC invocations=2 (full 0):
 garbage-first heap   total 520192K, used 8906K [0x000000060f800000, 0x0000000800000000)
  region size 4096K, 1 young (4096K), 1 survivors (4096K)
 Metaspace       used 9966K, committed 10112K, reserved 1114112K
  class space    used 1227K, committed 1280K, reserved 1048576K
}
Event: 1,675 GC heap before
{Heap before GC invocations=2 (full 0):
 garbage-first heap   total 520192K, used 209610K [0x000000060f800000, 0x0000000800000000)
  region size 4096K, 51 young (208896K), 1 survivors (4096K)
 Metaspace       used 21177K, committed 21504K, reserved 1114112K
  class space    used 2501K, committed 2688K, reserved 1048576K
}
Event: 1,682 GC heap after
{Heap after GC invocations=3 (full 0):
 garbage-first heap   total 520192K, used 26907K [0x000000060f800000, 0x0000000800000000)
  region size 4096K, 5 young (20480K), 5 survivors (20480K)
 Metaspace       used 21177K, committed 21504K, reserved 1114112K
  class space    used 2501K, committed 2688K, reserved 1048576K
}

Dll operation events (8 events):
Event: 0,001 Loaded shared library /usr/lib/jvm/java-17-openjdk-amd64/lib/libjava.so
Event: 0,010 Loaded shared library /usr/lib/jvm/java-17-openjdk-amd64/lib/libjsvml.so
Event: 0,019 Loaded shared library /usr/lib/jvm/java-17-openjdk-amd64/lib/libnio.so
Event: 0,021 Loaded shared library /usr/lib/jvm/java-17-openjdk-amd64/lib/libzip.so
Event: 0,025 Loaded shared library /usr/lib/jvm/java-17-openjdk-amd64/lib/libnet.so
Event: 0,070 Loaded shared library /usr/lib/jvm/java-17-openjdk-amd64/lib/libjimage.so
Event: 0,074 Loaded shared library /tmp/jansi-2.4.2-2315fd036140c2b1-libjansi.so
Event: 0,080 Loaded shared library /usr/lib/jvm/java-17-openjdk-amd64/lib/libverify.so

Deoptimization events (20 events):
Event: 1,597 Thread 0x0000705cb0018960 DEOPT PACKING pc=0x0000705c99dc2ef4 sp=0x0000705cb6dfbf90
Event: 1,597 Thread 0x0000705cb0018960 DEOPT UNPACKING pc=0x0000705ca098de2f sp=0x0000705cb6dfb440 mode 0
Event: 1,598 Thread 0x0000705cb0018960 DEOPT PACKING pc=0x0000705c99dc2ef4 sp=0x0000705cb6dfbf90
Event: 1,598 Thread 0x0000705cb0018960 DEOPT UNPACKING pc=0x0000705ca098de2f sp=0x0000705cb6dfb440 mode 0
Event: 1,627 Thread 0x0000705cb0018960 DEOPT PACKING pc=0x0000705c99dd44c5 sp=0x0000705cb6dfb9f0
Event: 1,627 Thread 0x0000705cb0018960 DEOPT UNPACKING pc=0x0000705ca098de2f sp=0x0000705cb6dfae90 mode 0
Event: 1,628 Thread 0x0000705cb0018960 DEOPT PACKING pc=0x0000705c99dd505e sp=0x0000705cb6dfb9f0
Event: 1,628 Thread 0x0000705cb0018960 DEOPT UNPACKING pc=0x0000705ca098de2f sp=0x0000705cb6dfaea8 mode 0
Event: 1,633 Thread 0x0000705cb0018960 Uncommon trap: trap_request=0xffffff45 fr.pc=0x0000705ca10e2998 relative=0x0000000000000df8
Event: 1,633 Thread 0x0000705cb0018960 Uncommon trap: reason=unstable_if action=reinterpret pc=0x0000705ca10e2998 method=java.lang.String.<init>([BIILjava/nio/charset/Charset;)V @ 47 c2
Event: 1,633 Thread 0x0000705cb0018960 DEOPT PACKING pc=0x0000705ca10e2998 sp=0x0000705cb6dfbc50
Event: 1,633 Thread 0x0000705cb0018960 DEOPT UNPACKING pc=0x0000705ca098d699 sp=0x0000705cb6dfbc38 mode 2
Event: 1,634 Thread 0x0000705cb0018960 Uncommon trap: trap_request=0xffffffde fr.pc=0x0000705ca106430c relative=0x000000000000016c
Event: 1,634 Thread 0x0000705cb0018960 Uncommon trap: reason=class_check action=maybe_recompile pc=0x0000705ca106430c method=java.util.stream.StreamOpFlag.fromCharacteristics(Ljava/util/Spliterator;)I @ 14 c2
Event: 1,634 Thread 0x0000705cb0018960 DEOPT PACKING pc=0x0000705ca106430c sp=0x0000705cb6dfc710
Event: 1,634 Thread 0x0000705cb0018960 DEOPT UNPACKING pc=0x0000705ca098d699 sp=0x0000705cb6dfc660 mode 2
Event: 1,635 Thread 0x0000705cb0018960 Uncommon trap: trap_request=0xffffff45 fr.pc=0x0000705ca114f170 relative=0x0000000000000150
Event: 1,635 Thread 0x0000705cb0018960 Uncommon trap: reason=unstable_if action=reinterpret pc=0x0000705ca114f170 method=java.util.Arrays.hashCode([B)I @ 1 c2
Event: 1,635 Thread 0x0000705cb0018960 DEOPT PACKING pc=0x0000705ca114f170 sp=0x0000705cb6dfc870
Event: 1,635 Thread 0x0000705cb0018960 DEOPT UNPACKING pc=0x0000705ca098d699 sp=0x0000705cb6dfc800 mode 2

Classes loaded (20 events):
Event: 1,652 Loading class java/security/AllPermissionCollection
Event: 1,652 Loading class java/security/AllPermissionCollection done
Event: 1,652 Loading class jdk/internal/jrtfs/SystemImage$2
Event: 1,652 Loading class jdk/internal/jrtfs/SystemImage$2 done
Event: 1,652 Loading class jdk/internal/jimage/ImageReader$Directory
Event: 1,653 Loading class jdk/internal/jimage/ImageReader$Node
Event: 1,653 Loading class jdk/internal/jimage/ImageReader$Node done
Event: 1,653 Loading class jdk/internal/jimage/ImageReader$Directory done
Event: 1,653 Loading class jdk/internal/jrtfs/SystemImage$1
Event: 1,653 Loading class jdk/internal/jrtfs/SystemImage$1 done
Event: 1,653 Loading class java/io/BufferedReader$1
Event: 1,653 Loading class java/io/BufferedReader$1 done
Event: 1,654 Loading class jdk/internal/jimage/ImageReader$SharedImageReader$LocationVisitor
Event: 1,654 Loading class jdk/internal/jimage/ImageReader$SharedImageReader$LocationVisitor done
Event: 1,654 Loading class java/nio/ByteBufferAsIntBufferL
Event: 1,654 Loading class java/nio/ByteBufferAsIntBufferL done
Event: 1,655 Loading class jdk/internal/jimage/ImageReader$Resource
Event: 1,655 Loading class jdk/internal/jimage/ImageReader$Resource done
Event: 1,655 Loading class jdk/internal/jrtfs/JrtFileAttributes
Event: 1,655 Loading class jdk/internal/jrtfs/JrtFileAttributes done

Classes unloaded (0 events):
No events

Classes redefined (0 events):
No events

Internal exceptions (20 events):
Event: 0,771 Thread 0x0000705cb0018960 Exception <a 'java/lang/NoSuchMethodError'{0x000000062d6004b0}: 'void java.lang.invoke.DirectMethodHandle$Holder.invokeSpecial(java.lang.Object, java.lang.Object, java.lang.Object, java.lang.Object, java.lang.Object)'> (0x000000062d6004b0) 
thrown [./src/hotspot/share/interpreter/linkResolver.cpp, line 758]
Event: 0,772 Thread 0x0000705cb0018960 Exception <a 'java/lang/NoSuchMethodError'{0x000000062d6195b0}: 'void java.lang.invoke.DirectMethodHandle$Holder.invokeSpecial(java.lang.Object, java.lang.Object, java.lang.Object, java.lang.Object, java.lang.Object, java.lang.Object)'> (0x000000062d6195b0) 
thrown [./src/hotspot/share/interpreter/linkResolver.cpp, line 758]
Event: 0,779 Thread 0x0000705cb0018960 Exception <a 'java/lang/NoSuchMethodError'{0x000000062d710458}: 'java.lang.Object java.lang.invoke.DirectMethodHandle$Holder.invokeVirtual(java.lang.Object, java.lang.Object, java.lang.Object)'> (0x000000062d710458) 
thrown [./src/hotspot/share/interpreter/linkResolver.cpp, line 758]
Event: 1,336 Thread 0x0000705cb0018960 Implicit null exception at 0x0000705ca10dcfef to 0x0000705ca10dd1c4
Event: 1,337 Thread 0x0000705cb0018960 Implicit null exception at 0x0000705ca107afef to 0x0000705ca107b1c4
Event: 1,337 Thread 0x0000705cb0018960 Implicit null exception at 0x0000705ca0f77b2f to 0x0000705ca0f77ba9
Event: 1,361 Thread 0x0000705cb0018960 Exception <a 'java/lang/NoSuchMethodError'{0x0000000625794788}: 'java.lang.Object java.lang.invoke.DirectMethodHandle$Holder.newInvokeSpecial(java.lang.Object, java.lang.Object, java.lang.Object, java.lang.Object, java.lang.Object, java.lang.Object, java.lang.Object)'> (0x0000000625794788) 
thrown [./src/hotspot/share/interpreter/linkResolver.cpp, line 758]
Event: 1,361 Thread 0x0000705cb0018960 Exception <a 'java/lang/NoSuchMethodError'{0x0000000625799098}: 'java.lang.Object java.lang.invoke.Invokers$Holder.linkToTargetMethod(java.lang.Object, java.lang.Object, java.lang.Object, java.lang.Object, java.lang.Object, java.lang.Object, java.lang.Object)'> (0x0000000625799098) 
thrown [./src/hotspot/share/interpreter/linkResolver.cpp, line 758]
Event: 1,362 Thread 0x0000705cb0018960 Implicit null exception at 0x0000705ca109a9c3 to 0x0000705ca109b558
Event: 1,383 Thread 0x0000705cb0018960 Exception <a 'java/lang/NoSuchMethodError'{0x0000000625248c20}: 'int java.lang.invoke.DirectMethodHandle$Holder.invokeVirtual(java.lang.Object, java.lang.Object)'> (0x0000000625248c20) 
thrown [./src/hotspot/share/interpreter/linkResolver.cpp, line 758]
Event: 1,390 Thread 0x0000705cb0018960 Implicit null exception at 0x0000705ca0f4fa60 to 0x0000705ca0f4faf2
Event: 1,450 Thread 0x0000705cb0018960 Exception <a 'java/lang/NoSuchMethodError'{0x00000006245c3470}: 'int java.lang.invoke.DirectMethodHandle$Holder.invokeStatic(java.lang.Object, java.lang.Object, int)'> (0x00000006245c3470) 
thrown [./src/hotspot/share/interpreter/linkResolver.cpp, line 758]
Event: 1,532 Thread 0x0000705cb0018960 Exception <a 'java/lang/IncompatibleClassChangeError'{0x0000000623a49538}: Found class java.lang.Object, but interface was expected> (0x0000000623a49538) 
thrown [./src/hotspot/share/interpreter/linkResolver.cpp, line 826]
Event: 1,533 Thread 0x0000705cb0018960 Exception <a 'java/lang/NoSuchMethodError'{0x0000000623a4f320}: 'void java.lang.invoke.DirectMethodHandle$Holder.invokeInterface(java.lang.Object, java.lang.Object, java.lang.Object)'> (0x0000000623a4f320) 
thrown [./src/hotspot/share/interpreter/linkResolver.cpp, line 758]
Event: 1,568 Thread 0x0000705cb0018960 Exception <a 'java/lang/NoSuchMethodError'{0x0000000623b8e050}: 'int java.lang.invoke.DirectMethodHandle$Holder.invokeInterface(java.lang.Object, java.lang.Object)'> (0x0000000623b8e050) 
thrown [./src/hotspot/share/interpreter/linkResolver.cpp, line 758]
Event: 1,600 Thread 0x0000705cb0018960 Exception <a 'java/lang/NoSuchMethodError'{0x0000000622e0c810}: 'int java.lang.invoke.DirectMethodHandle$Holder.invokeVirtual(java.lang.Object, java.lang.Object, java.lang.Object)'> (0x0000000622e0c810) 
thrown [./src/hotspot/share/interpreter/linkResolver.cpp, line 758]
Event: 1,601 Thread 0x0000705cb0018960 Exception <a 'java/lang/NoSuchMethodError'{0x0000000622e1ae80}: 'int java.lang.invoke.DirectMethodHandle$Holder.invokeStaticInit(java.lang.Object, java.lang.Object, java.lang.Object)'> (0x0000000622e1ae80) 
thrown [./src/hotspot/share/interpreter/linkResolver.cpp, line 758]
Event: 1,605 Thread 0x0000705cb0018960 Exception <a 'sun/nio/fs/UnixException'{0x0000000622e2c870}> (0x0000000622e2c870) 
thrown [./src/hotspot/share/prims/jni.cpp, line 516]
Event: 1,635 Thread 0x0000705cb0018960 Implicit null exception at 0x0000705ca114f02c to 0x0000705ca114f162
Event: 1,635 Thread 0x0000705cb0018960 Exception <a 'sun/nio/fs/UnixException'{0x0000000622b20198}> (0x0000000622b20198) 
thrown [./src/hotspot/share/prims/jni.cpp, line 516]

VM Operations (20 events):
Event: 1,547 Executing VM operation: HandshakeAllThreads
Event: 1,547 Executing VM operation: HandshakeAllThreads done
Event: 1,548 Executing VM operation: ICBufferFull
Event: 1,548 Executing VM operation: ICBufferFull done
Event: 1,567 Executing VM operation: HandshakeAllThreads
Event: 1,567 Executing VM operation: HandshakeAllThreads done
Event: 1,604 Executing VM operation: HandshakeAllThreads
Event: 1,604 Executing VM operation: HandshakeAllThreads done
Event: 1,605 Executing VM operation: HandshakeAllThreads
Event: 1,605 Executing VM operation: HandshakeAllThreads done
Event: 1,606 Executing VM operation: HandshakeAllThreads
Event: 1,606 Executing VM operation: HandshakeAllThreads done
Event: 1,654 Executing VM operation: HandshakeAllThreads
Event: 1,654 Executing VM operation: HandshakeAllThreads done
Event: 1,655 Executing VM operation: HandshakeAllThreads
Event: 1,655 Executing VM operation: HandshakeAllThreads done
Event: 1,675 Executing VM operation: CollectForMetadataAllocation
Event: 1,682 Executing VM operation: CollectForMetadataAllocation done
Event: 1,687 Executing VM operation: G1PauseRemark
Event: 1,688 Executing VM operation: G1PauseRemark done

Memory protections (15 events):
Event: 0,001 Protecting memory [0x0000705cb6d00000,0x0000705cb6d04000] with protection modes 0
Event: 0,011 Protecting memory [0x0000705c8592e000,0x0000705c85932000] with protection modes 0
Event: 0,011 Protecting memory [0x0000705c8582e000,0x0000705c85832000] with protection modes 0
Event: 0,013 Protecting memory [0x0000705c85100000,0x0000705c85104000] with protection modes 0
Event: 0,013 Protecting memory [0x0000705c85000000,0x0000705c85004000] with protection modes 0
Event: 0,013 Protecting memory [0x0000705c84f00000,0x0000705c84f04000] with protection modes 0
Event: 0,013 Protecting memory [0x0000705c84e00000,0x0000705c84e04000] with protection modes 0
Event: 0,013 Protecting memory [0x0000705c84d00000,0x0000705c84d04000] with protection modes 0
Event: 0,013 Protecting memory [0x0000705c84c00000,0x0000705c84c04000] with protection modes 0
Event: 0,018 Protecting memory [0x0000705c84b00000,0x0000705c84b04000] with protection modes 0
Event: 0,019 Protecting memory [0x0000705c848ff000,0x0000705c84903000] with protection modes 0
Event: 0,069 Protecting memory [0x0000705c847ff000,0x0000705c84803000] with protection modes 0
Event: 0,134 Protecting memory [0x0000705c847ff000,0x0000705c84803000] with protection modes 0
Event: 0,269 Protecting memory [0x0000705c846ff000,0x0000705c84703000] with protection modes 0
Event: 0,733 Protecting memory [0x0000705c2a8fa000,0x0000705c2a8fe000] with protection modes 0

Nmethod flushes (0 events):
No events

Events (16 events):
Event: 0,010 Thread 0x0000705cb0018960 Thread added: 0x0000705cb0018960
Event: 0,011 Thread 0x0000705cb0018960 Thread added: 0x0000705cb0148770
Event: 0,011 Thread 0x0000705cb0018960 Thread added: 0x0000705cb0149b50
Event: 0,013 Thread 0x0000705cb0018960 Thread added: 0x0000705cb0150630
Event: 0,013 Thread 0x0000705cb0018960 Thread added: 0x0000705cb01519e0
Event: 0,013 Thread 0x0000705cb0018960 Thread added: 0x0000705cb0152df0
Event: 0,013 Thread 0x0000705cb0018960 Thread added: 0x0000705cb01547a0
Event: 0,013 Thread 0x0000705cb0018960 Thread added: 0x0000705cb0155cd0
Event: 0,013 Thread 0x0000705cb0018960 Thread added: 0x0000705cb015f130
Event: 0,018 Thread 0x0000705cb0018960 Thread added: 0x0000705cb018f730
Event: 0,019 Thread 0x0000705cb0018960 Thread added: 0x0000705cb0192640
Event: 0,069 Thread 0x0000705cb0018960 Thread added: 0x0000705cb03baef0
Event: 0,073 Thread 0x0000705cb03baef0 Thread exited: 0x0000705cb03baef0
Event: 0,134 Thread 0x0000705cb0155cd0 Thread added: 0x0000705c041851e0
Event: 0,269 Thread 0x0000705cb0155cd0 Thread added: 0x0000705c042998b0
Event: 0,733 Thread 0x0000705cb0018960 Thread added: 0x0000705cb0962970


Dynamic libraries:
60f800000-62ec00000 rw-p 00000000 00:00 0 
62ec00000-7ff800000 ---p 00000000 00:00 0 
7ff800000-7ffb00000 rw-p 00000000 00:00 0 
7ffb00000-7ffb75000 rw-p 00c7a000 08:06 17957031                         /usr/lib/jvm/java-17-openjdk-amd64/lib/server/classes.jsa
7ffb75000-7ffc00000 rw-p 00000000 00:00 0 
7ffc00000-7ffc78000 rw-p 00c02000 08:06 17957031                         /usr/lib/jvm/java-17-openjdk-amd64/lib/server/classes.jsa
7ffc78000-800000000 rw-p 00000000 00:00 0 
5a8213c8b000-5a8213c8c000 r--p 00000000 08:06 17956937                   /usr/lib/jvm/java-17-openjdk-amd64/bin/java
5a8213c8c000-5a8213c8d000 r-xp 00001000 08:06 17956937                   /usr/lib/jvm/java-17-openjdk-amd64/bin/java
5a8213c8d000-5a8213c8e000 r--p 00002000 08:06 17956937                   /usr/lib/jvm/java-17-openjdk-amd64/bin/java
5a8213c8e000-5a8213c8f000 r--p 00002000 08:06 17956937                   /usr/lib/jvm/java-17-openjdk-amd64/bin/java
5a8213c8f000-5a8213c90000 rw-p 00003000 08:06 17956937                   /usr/lib/jvm/java-17-openjdk-amd64/bin/java
5a8237746000-5a823778d000 rw-p 00000000 00:00 0                          [heap]
705bbc000000-705bbc021000 rw-p 00000000 00:00 0 
705bbc021000-705bc0000000 ---p 00000000 00:00 0 
705bc4000000-705bc4021000 rw-p 00000000 00:00 0 
705bc4021000-705bc8000000 ---p 00000000 00:00 0 
705bc8000000-705bc8021000 rw-p 00000000 00:00 0 
705bc8021000-705bcc000000 ---p 00000000 00:00 0 
705bcc000000-705bcc021000 rw-p 00000000 00:00 0 
705bcc021000-705bd0000000 ---p 00000000 00:00 0 
705bd0000000-705bd0021000 rw-p 00000000 00:00 0 
705bd0021000-705bd4000000 ---p 00000000 00:00 0 
705bd4000000-705bd4021000 rw-p 00000000 00:00 0 
705bd4021000-705bd8000000 ---p 00000000 00:00 0 
705bd8000000-705bd8021000 rw-p 00000000 00:00 0 
705bd8021000-705bdc000000 ---p 00000000 00:00 0 
705bdc000000-705bdc021000 rw-p 00000000 00:00 0 
705bdc021000-705be0000000 ---p 00000000 00:00 0 
705be0000000-705be0021000 rw-p 00000000 00:00 0 
705be0021000-705be4000000 ---p 00000000 00:00 0 
705be4000000-705be4021000 rw-p 00000000 00:00 0 
705be4021000-705be8000000 ---p 00000000 00:00 0 
705be8000000-705be8021000 rw-p 00000000 00:00 0 
705be8021000-705bec000000 ---p 00000000 00:00 0 
705bec000000-705bec8c6000 rw-p 00000000 00:00 0 
705bec8c6000-705bf0000000 ---p 00000000 00:00 0 
705bf0000000-705bf0021000 rw-p 00000000 00:00 0 
705bf0021000-705bf4000000 ---p 00000000 00:00 0 
705bf4000000-705bf4021000 rw-p 00000000 00:00 0 
705bf4021000-705bf8000000 ---p 00000000 00:00 0 
705bf8000000-705bf8ce4000 rw-p 00000000 00:00 0 
705bf8ce4000-705bfc000000 ---p 00000000 00:00 0 
705bfc000000-705bfc021000 rw-p 00000000 00:00 0 
705bfc021000-705c00000000 ---p 00000000 00:00 0 
705c00000000-705c00021000 rw-p 00000000 00:00 0 
705c00021000-705c04000000 ---p 00000000 00:00 0 
705c04000000-705c04759000 rw-p 00000000 00:00 0 
705c04759000-705c08000000 ---p 00000000 00:00 0 
705c08000000-705c08021000 rw-p 00000000 00:00 0 
705c08021000-705c0c000000 ---p 00000000 00:00 0 
705c0c000000-705c0c021000 rw-p 00000000 00:00 0 
705c0c021000-705c10000000 ---p 00000000 00:00 0 
705c10000000-705c11200000 rw-p 00000000 00:00 0 
705c11200000-705c14000000 ---p 00000000 00:00 0 
705c14000000-705c14021000 rw-p 00000000 00:00 0 
705c14021000-705c18000000 ---p 00000000 00:00 0 
705c18000000-705c18021000 rw-p 00000000 00:00 0 
705c18021000-705c1c000000 ---p 00000000 00:00 0 
705c1c000000-705c1c021000 rw-p 00000000 00:00 0 
705c1c021000-705c20000000 ---p 00000000 00:00 0 
705c20000000-705c20021000 rw-p 00000000 00:00 0 
705c20021000-705c24000000 ---p 00000000 00:00 0 
705c24000000-705c24021000 rw-p 00000000 00:00 0 
705c24021000-705c28000000 ---p 00000000 00:00 0 
705c2a30b000-705c2a30c000 ---p 00000000 00:00 0 
705c2a30c000-705c2a40c000 rw-p 00000000 00:00 0 
705c2a40c000-705c2a40d000 ---p 00000000 00:00 0 
705c2a40d000-705c2a50d000 rw-p 00000000 00:00 0 
705c2a66c000-705c2a8fa000 rw-p 00000000 00:00 0 
705c2a8fa000-705c2a8fe000 ---p 00000000 00:00 0 
705c2a8fe000-705c2a9fa000 rw-p 00000000 00:00 0 
705c2a9fa000-705c2a9fb000 ---p 00000000 00:00 0 
705c2a9fb000-705c2aafb000 rw-p 00000000 00:00 0 
705c2aafb000-705c2aafc000 ---p 00000000 00:00 0 
705c2aafc000-705c2abfc000 rw-p 00000000 00:00 0 
705c2abfc000-705c2abfd000 ---p 00000000 00:00 0 
705c2abfd000-705c2acfd000 rw-p 00000000 00:00 0 
705c2acfd000-705c2acfe000 ---p 00000000 00:00 0 
705c2acfe000-705c2adfe000 rw-p 00000000 00:00 0 
705c2adfe000-705c2adff000 ---p 00000000 00:00 0 
705c2adff000-705c2aeff000 rw-p 00000000 00:00 0 
705c2aeff000-705c2af00000 ---p 00000000 00:00 0 
705c2af00000-705c2b000000 rw-p 00000000 00:00 0 
705c2b000000-705c2b3f0000 rw-p 00000000 00:00 0 
705c2b3f0000-705c2c170000 rw-p 00000000 00:00 0 
705c2c170000-705c2c1d0000 rw-p 00000000 00:00 0 
705c2c1d0000-705c2c200000 ---p 00000000 00:00 0 
705c2c200000-705c2c5b0000 rw-p 00000000 00:00 0 
705c2c5b0000-705c2f000000 ---p 00000000 00:00 0 
705c2f000000-705c2fbca000 rw-p 00001000 08:06 17957031                   /usr/lib/jvm/java-17-openjdk-amd64/lib/server/classes.jsa
705c2fbca000-705c30000000 ---p 00000000 00:00 0 
705c30000000-705c30030000 rw-p 00000000 00:00 0 
705c30030000-705c30070000 rw-p 00000000 00:00 0 
705c30070000-705c301b0000 rw-p 00000000 00:00 0 
705c301b0000-705c301f0000 rw-p 00000000 00:00 0 
705c301f0000-705c30200000 ---p 00000000 00:00 0 
705c30200000-705c30310000 rw-p 00000000 00:00 0 
705c30310000-705c70000000 ---p 00000000 00:00 0 
705c70000000-705c70021000 rw-p 00000000 00:00 0 
705c70021000-705c74000000 ---p 00000000 00:00 0 
705c74000000-705c7415d000 rw-p 00000000 00:00 0 
705c7415d000-705c78000000 ---p 00000000 00:00 0 
705c78000000-705c78021000 rw-p 00000000 00:00 0 
705c78021000-705c7c000000 ---p 00000000 00:00 0 
705c7c000000-705c7c021000 rw-p 00000000 00:00 0 
705c7c021000-705c80000000 ---p 00000000 00:00 0 
705c80000000-705c80021000 rw-p 00000000 00:00 0 
705c80021000-705c84000000 ---p 00000000 00:00 0 
705c840fd000-705c840fe000 ---p 00000000 00:00 0 
705c840fe000-705c841fe000 rw-p 00000000 00:00 0 
705c841fe000-705c841ff000 ---p 00000000 00:00 0 
705c841ff000-705c842ff000 rw-p 00000000 00:00 0 
705c842ff000-705c84300000 ---p 00000000 00:00 0 
705c84300000-705c84400000 rw-p 00000000 00:00 0 
705c84400000-705c84403000 r-xp 00000000 08:06 26739501                   /tmp/jansi-2.4.2-2315fd036140c2b1-libjansi.so
705c84403000-705c84602000 ---p 00003000 08:06 26739501                   /tmp/jansi-2.4.2-2315fd036140c2b1-libjansi.so
705c84602000-705c84603000 r--p 00002000 08:06 26739501                   /tmp/jansi-2.4.2-2315fd036140c2b1-libjansi.so
705c84603000-705c84604000 rw-p 00003000 08:06 26739501                   /tmp/jansi-2.4.2-2315fd036140c2b1-libjansi.so
705c846ff000-705c84703000 ---p 00000000 00:00 0 
705c84703000-705c847ff000 rw-p 00000000 00:00 0 
705c847ff000-705c84803000 ---p 00000000 00:00 0 
705c84803000-705c848ff000 rw-p 00000000 00:00 0 
705c848ff000-705c84903000 ---p 00000000 00:00 0 
705c84903000-705c849ff000 rw-p 00000000 00:00 0 
705c849ff000-705c84a00000 ---p 00000000 00:00 0 
705c84a00000-705c84b00000 rw-p 00000000 00:00 0 
705c84b00000-705c84b04000 ---p 00000000 00:00 0 
705c84b04000-705c84c00000 rw-p 00000000 00:00 0 
705c84c00000-705c84c04000 ---p 00000000 00:00 0 
705c84c04000-705c84d00000 rw-p 00000000 00:00 0 
705c84d00000-705c84d04000 ---p 00000000 00:00 0 
705c84d04000-705c84e00000 rw-p 00000000 00:00 0 
705c84e00000-705c84e04000 ---p 00000000 00:00 0 
705c84e04000-705c84f00000 rw-p 00000000 00:00 0 
705c84f00000-705c84f04000 ---p 00000000 00:00 0 
705c84f04000-705c85000000 rw-p 00000000 00:00 0 
705c85000000-705c85004000 ---p 00000000 00:00 0 
705c85004000-705c85100000 rw-p 00000000 00:00 0 
705c85100000-705c85104000 ---p 00000000 00:00 0 
705c85104000-705c85200000 rw-p 00000000 00:00 0 
705c85200000-705c85774000 r--p 00000000 08:06 17042922                   /usr/lib/locale/locale-archive
705c8582e000-705c85832000 ---p 00000000 00:00 0 
705c85832000-705c8592e000 rw-p 00000000 00:00 0 
705c8592e000-705c85932000 ---p 00000000 00:00 0 
705c85932000-705c85a2e000 rw-p 00000000 00:00 0 
705c85a2e000-705c85a2f000 ---p 00000000 00:00 0 
705c85a2f000-705c85b2f000 rw-p 00000000 00:00 0 
705c85b2f000-705c85b34000 r--p 00000000 08:06 17956994                   /usr/lib/jvm/java-17-openjdk-amd64/lib/libjsvml.so
705c85b34000-705c85b75000 r-xp 00005000 08:06 17956994                   /usr/lib/jvm/java-17-openjdk-amd64/lib/libjsvml.so
705c85b75000-705c85bfe000 r--p 00046000 08:06 17956994                   /usr/lib/jvm/java-17-openjdk-amd64/lib/libjsvml.so
705c85bfe000-705c85bff000 r--p 000ce000 08:06 17956994                   /usr/lib/jvm/java-17-openjdk-amd64/lib/libjsvml.so
705c85bff000-705c85c00000 rw-p 000cf000 08:06 17956994                   /usr/lib/jvm/java-17-openjdk-amd64/lib/libjsvml.so
705c85c00000-705c87c00000 rw-p 00000000 00:00 0 
705c87c37000-705c88488000 rw-p 00000000 00:00 0 
705c88488000-705c8f8b8000 ---p 00000000 00:00 0 
705c8f8b8000-705c900a8000 rw-p 00000000 00:00 0 
705c900a8000-705c974d8000 ---p 00000000 00:00 0 
705c974d8000-705c975f2000 rw-p 00000000 00:00 0 
705c975f2000-705c98478000 ---p 00000000 00:00 0 
705c98478000-705c98576000 rw-p 00000000 00:00 0 
705c98576000-705c993fc000 ---p 00000000 00:00 0 
705c993fc000-705c99400000 rw-p 00000000 00:00 0 
705c99400000-705c99e30000 rwxp 00000000 00:00 0 
705c99e30000-705ca0937000 ---p 00000000 00:00 0 
705ca0937000-705ca0ba7000 rwxp 00000000 00:00 0 
705ca0ba7000-705ca0ec9000 ---p 00000000 00:00 0 
705ca0ec9000-705ca1189000 rwxp 00000000 00:00 0 
705ca1189000-705ca8400000 ---p 00000000 00:00 0 
705ca8400000-705cafed0000 r--s 00000000 08:06 17957030                   /usr/lib/jvm/java-17-openjdk-amd64/lib/modules
705cafeff000-705caff00000 ---p 00000000 00:00 0 
705caff00000-705cb0000000 rw-p 00000000 00:00 0 
705cb0000000-705cb0fcd000 rw-p 00000000 00:00 0 
705cb0fcd000-705cb4000000 ---p 00000000 00:00 0 
705cb4033000-705cb408e000 rw-p 00000000 00:00 0 
705cb408e000-705cb408f000 ---p 00000000 00:00 0 
705cb408f000-705cb418f000 rw-p 00000000 00:00 0 
705cb418f000-705cb4b99000 rw-p 00000000 00:00 0 
705cb4b99000-705cb4b9a000 ---p 00000000 00:00 0 
705cb4b9a000-705cb4c9a000 rw-p 00000000 00:00 0 
705cb4c9a000-705cb4c9b000 ---p 00000000 00:00 0 
705cb4c9b000-705cb4d9b000 rw-p 00000000 00:00 0 
705cb4d9b000-705cb4d9c000 ---p 00000000 00:00 0 
705cb4d9c000-705cb4e9c000 rw-p 00000000 00:00 0 
705cb4e9c000-705cb4f96000 rw-p 00000000 00:00 0 
705cb4f96000-705cb5e1c000 ---p 00000000 00:00 0 
705cb5e1c000-705cb6830000 rw-p 00000000 00:00 0 
705cb6830000-705cb6915000 ---p 00000000 00:00 0 
705cb6915000-705cb692a000 rw-p 00000000 00:00 0 
705cb692a000-705cb6a00000 ---p 00000000 00:00 0 
705cb6a00000-705cb6a9a000 r--p 00000000 08:06 17045153                   /usr/lib/x86_64-linux-gnu/libstdc++.so.6.0.30
705cb6a9a000-705cb6bab000 r-xp 0009a000 08:06 17045153                   /usr/lib/x86_64-linux-gnu/libstdc++.so.6.0.30
705cb6bab000-705cb6c1a000 r--p 001ab000 08:06 17045153                   /usr/lib/x86_64-linux-gnu/libstdc++.so.6.0.30
705cb6c1a000-705cb6c1b000 ---p 0021a000 08:06 17045153                   /usr/lib/x86_64-linux-gnu/libstdc++.so.6.0.30
705cb6c1b000-705cb6c26000 r--p 0021a000 08:06 17045153                   /usr/lib/x86_64-linux-gnu/libstdc++.so.6.0.30
705cb6c26000-705cb6c29000 rw-p 00225000 08:06 17045153                   /usr/lib/x86_64-linux-gnu/libstdc++.so.6.0.30
705cb6c29000-705cb6c2c000 rw-p 00000000 00:00 0 
705cb6c2e000-705cb6c32000 r--p 00000000 08:06 17957028                   /usr/lib/jvm/java-17-openjdk-amd64/lib/libverify.so
705cb6c32000-705cb6c39000 r-xp 00004000 08:06 17957028                   /usr/lib/jvm/java-17-openjdk-amd64/lib/libverify.so
705cb6c39000-705cb6c3b000 r--p 0000b000 08:06 17957028                   /usr/lib/jvm/java-17-openjdk-amd64/lib/libverify.so
705cb6c3b000-705cb6c3d000 r--p 0000c000 08:06 17957028                   /usr/lib/jvm/java-17-openjdk-amd64/lib/libverify.so
705cb6c3d000-705cb6c3e000 rw-p 0000e000 08:06 17957028                   /usr/lib/jvm/java-17-openjdk-amd64/lib/libverify.so
705cb6c3e000-705cb6d00000 rw-p 00000000 00:00 0 
705cb6d00000-705cb6d04000 ---p 00000000 00:00 0 
705cb6d04000-705cb6e00000 rw-p 00000000 00:00 0 
705cb6e00000-705cb7051000 r--p 00000000 08:06 17957034                   /usr/lib/jvm/java-17-openjdk-amd64/lib/server/libjvm.so
705cb7051000-705cb7dc6000 r-xp 00251000 08:06 17957034                   /usr/lib/jvm/java-17-openjdk-amd64/lib/server/libjvm.so
705cb7dc6000-705cb8049000 r--p 00fc6000 08:06 17957034                   /usr/lib/jvm/java-17-openjdk-amd64/lib/server/libjvm.so
705cb8049000-705cb804a000 ---p 01249000 08:06 17957034                   /usr/lib/jvm/java-17-openjdk-amd64/lib/server/libjvm.so
705cb804a000-705cb8102000 r--p 01249000 08:06 17957034                   /usr/lib/jvm/java-17-openjdk-amd64/lib/server/libjvm.so
705cb8102000-705cb8137000 rw-p 01301000 08:06 17957034                   /usr/lib/jvm/java-17-openjdk-amd64/lib/server/libjvm.so
705cb8137000-705cb8191000 rw-p 00000000 00:00 0 
705cb8199000-705cb81a0000 r--s 00000000 08:06 17048970                   /usr/lib/x86_64-linux-gnu/gconv/gconv-modules.cache
705cb81a0000-705cb81d1000 rw-p 00000000 00:00 0 
705cb81d1000-705cb81d5000 r--p 00000000 08:06 17957003                   /usr/lib/jvm/java-17-openjdk-amd64/lib/libnet.so
705cb81d5000-705cb81e3000 r-xp 00004000 08:06 17957003                   /usr/lib/jvm/java-17-openjdk-amd64/lib/libnet.so
705cb81e3000-705cb81e7000 r--p 00012000 08:06 17957003                   /usr/lib/jvm/java-17-openjdk-amd64/lib/libnet.so
705cb81e7000-705cb81e8000 r--p 00015000 08:06 17957003                   /usr/lib/jvm/java-17-openjdk-amd64/lib/libnet.so
705cb81e8000-705cb81e9000 rw-p 00016000 08:06 17957003                   /usr/lib/jvm/java-17-openjdk-amd64/lib/libnet.so
705cb81e9000-705cb81f0000 r--p 00000000 08:06 17957004                   /usr/lib/jvm/java-17-openjdk-amd64/lib/libnio.so
705cb81f0000-705cb81f9000 r-xp 00007000 08:06 17957004                   /usr/lib/jvm/java-17-openjdk-amd64/lib/libnio.so
705cb81f9000-705cb81fd000 r--p 00010000 08:06 17957004                   /usr/lib/jvm/java-17-openjdk-amd64/lib/libnio.so
705cb81fd000-705cb81fe000 ---p 00014000 08:06 17957004                   /usr/lib/jvm/java-17-openjdk-amd64/lib/libnio.so
705cb81fe000-705cb81ff000 r--p 00014000 08:06 17957004                   /usr/lib/jvm/java-17-openjdk-amd64/lib/libnio.so
705cb81ff000-705cb8200000 rw-p 00015000 08:06 17957004                   /usr/lib/jvm/java-17-openjdk-amd64/lib/libnio.so
705cb8200000-705cb8228000 r--p 00000000 08:06 17045259                   /usr/lib/x86_64-linux-gnu/libc.so.6
705cb8228000-705cb83bd000 r-xp 00028000 08:06 17045259                   /usr/lib/x86_64-linux-gnu/libc.so.6
705cb83bd000-705cb8415000 r--p 001bd000 08:06 17045259                   /usr/lib/x86_64-linux-gnu/libc.so.6
705cb8415000-705cb8416000 ---p 00215000 08:06 17045259                   /usr/lib/x86_64-linux-gnu/libc.so.6
705cb8416000-705cb841a000 r--p 00215000 08:06 17045259                   /usr/lib/x86_64-linux-gnu/libc.so.6
705cb841a000-705cb841c000 rw-p 00219000 08:06 17045259                   /usr/lib/x86_64-linux-gnu/libc.so.6
705cb841c000-705cb8429000 rw-p 00000000 00:00 0 
705cb8429000-705cb842b000 r--p 00000000 08:06 17957029                   /usr/lib/jvm/java-17-openjdk-amd64/lib/libzip.so
705cb842b000-705cb8430000 r-xp 00002000 08:06 17957029                   /usr/lib/jvm/java-17-openjdk-amd64/lib/libzip.so
705cb8430000-705cb8432000 r--p 00007000 08:06 17957029                   /usr/lib/jvm/java-17-openjdk-amd64/lib/libzip.so
705cb8432000-705cb8433000 r--p 00008000 08:06 17957029                   /usr/lib/jvm/java-17-openjdk-amd64/lib/libzip.so
705cb8433000-705cb8434000 rw-p 00009000 08:06 17957029                   /usr/lib/jvm/java-17-openjdk-amd64/lib/libzip.so
705cb8434000-705cb84b7000 rw-p 00000000 00:00 0 
705cb84b7000-705cb84be000 ---p 00000000 00:00 0 
705cb84be000-705cb84ca000 r--p 00000000 08:06 17956987                   /usr/lib/jvm/java-17-openjdk-amd64/lib/libjava.so
705cb84ca000-705cb84dd000 r-xp 0000c000 08:06 17956987                   /usr/lib/jvm/java-17-openjdk-amd64/lib/libjava.so
705cb84dd000-705cb84e3000 r--p 0001f000 08:06 17956987                   /usr/lib/jvm/java-17-openjdk-amd64/lib/libjava.so
705cb84e3000-705cb84e4000 r--p 00024000 08:06 17956987                   /usr/lib/jvm/java-17-openjdk-amd64/lib/libjava.so
705cb84e4000-705cb84e5000 rw-p 00025000 08:06 17956987                   /usr/lib/jvm/java-17-openjdk-amd64/lib/libjava.so
705cb84e5000-705cb84e6000 rw-p 00000000 00:00 0 
705cb84e6000-705cb84ee000 rw-s 00000000 08:06 26739499                   /tmp/hsperfdata_timur/15723
705cb84ee000-705cb84f1000 r--p 00000000 08:06 17039554                   /usr/lib/x86_64-linux-gnu/libgcc_s.so.1
705cb84f1000-705cb8508000 r-xp 00003000 08:06 17039554                   /usr/lib/x86_64-linux-gnu/libgcc_s.so.1
705cb8508000-705cb850c000 r--p 0001a000 08:06 17039554                   /usr/lib/x86_64-linux-gnu/libgcc_s.so.1
705cb850c000-705cb850d000 r--p 0001d000 08:06 17039554                   /usr/lib/x86_64-linux-gnu/libgcc_s.so.1
705cb850d000-705cb850e000 rw-p 0001e000 08:06 17039554                   /usr/lib/x86_64-linux-gnu/libgcc_s.so.1
705cb850e000-705cb851c000 r--p 00000000 08:06 17045262                   /usr/lib/x86_64-linux-gnu/libm.so.6
705cb851c000-705cb8598000 r-xp 0000e000 08:06 17045262                   /usr/lib/x86_64-linux-gnu/libm.so.6
705cb8598000-705cb85f3000 r--p 0008a000 08:06 17045262                   /usr/lib/x86_64-linux-gnu/libm.so.6
705cb85f3000-705cb85f4000 r--p 000e4000 08:06 17045262                   /usr/lib/x86_64-linux-gnu/libm.so.6
705cb85f4000-705cb85f5000 rw-p 000e5000 08:06 17045262                   /usr/lib/x86_64-linux-gnu/libm.so.6
705cb85f5000-705cb85f8000 rw-p 00000000 00:00 0 
705cb85f8000-705cb85fa000 r--p 00000000 08:06 17956991                   /usr/lib/jvm/java-17-openjdk-amd64/lib/libjli.so
705cb85fa000-705cb8604000 r-xp 00002000 08:06 17956991                   /usr/lib/jvm/java-17-openjdk-amd64/lib/libjli.so
705cb8604000-705cb8607000 r--p 0000c000 08:06 17956991                   /usr/lib/jvm/java-17-openjdk-amd64/lib/libjli.so
705cb8607000-705cb8608000 r--p 0000e000 08:06 17956991                   /usr/lib/jvm/java-17-openjdk-amd64/lib/libjli.so
705cb8608000-705cb8609000 rw-p 0000f000 08:06 17956991                   /usr/lib/jvm/java-17-openjdk-amd64/lib/libjli.so
705cb8609000-705cb860b000 r--p 00000000 08:06 17067559                   /usr/lib/x86_64-linux-gnu/libz.so.1.2.11
705cb860b000-705cb861c000 r-xp 00002000 08:06 17067559                   /usr/lib/x86_64-linux-gnu/libz.so.1.2.11
705cb861c000-705cb8622000 r--p 00013000 08:06 17067559                   /usr/lib/x86_64-linux-gnu/libz.so.1.2.11
705cb8622000-705cb8623000 ---p 00019000 08:06 17067559                   /usr/lib/x86_64-linux-gnu/libz.so.1.2.11
705cb8623000-705cb8624000 r--p 00019000 08:06 17067559                   /usr/lib/x86_64-linux-gnu/libz.so.1.2.11
705cb8624000-705cb8625000 rw-p 0001a000 08:06 17067559                   /usr/lib/x86_64-linux-gnu/libz.so.1.2.11
705cb8625000-705cb8626000 r--p 00000000 08:06 17045275                   /usr/lib/x86_64-linux-gnu/libutil.so.1
705cb8626000-705cb8627000 r-xp 00001000 08:06 17045275                   /usr/lib/x86_64-linux-gnu/libutil.so.1
705cb8627000-705cb8628000 r--p 00002000 08:06 17045275                   /usr/lib/x86_64-linux-gnu/libutil.so.1
705cb8628000-705cb8629000 r--p 00002000 08:06 17045275                   /usr/lib/x86_64-linux-gnu/libutil.so.1
705cb8629000-705cb862a000 rw-p 00003000 08:06 17045275                   /usr/lib/x86_64-linux-gnu/libutil.so.1
705cb862a000-705cb862b000 ---p 00000000 00:00 0 
705cb862b000-705cb862c000 r--p 00000000 00:00 0 
705cb862c000-705cb862e000 r--p 00000000 08:06 17956990                   /usr/lib/jvm/java-17-openjdk-amd64/lib/libjimage.so
705cb862e000-705cb8631000 r-xp 00002000 08:06 17956990                   /usr/lib/jvm/java-17-openjdk-amd64/lib/libjimage.so
705cb8631000-705cb8632000 r--p 00005000 08:06 17956990                   /usr/lib/jvm/java-17-openjdk-amd64/lib/libjimage.so
705cb8632000-705cb8633000 ---p 00006000 08:06 17956990                   /usr/lib/jvm/java-17-openjdk-amd64/lib/libjimage.so
705cb8633000-705cb8634000 r--p 00006000 08:06 17956990                   /usr/lib/jvm/java-17-openjdk-amd64/lib/libjimage.so
705cb8634000-705cb8635000 rw-p 00007000 08:06 17956990                   /usr/lib/jvm/java-17-openjdk-amd64/lib/libjimage.so
705cb8635000-705cb8637000 rw-p 00000000 00:00 0 
705cb8637000-705cb8639000 r--p 00000000 08:06 17041895                   /usr/lib/x86_64-linux-gnu/ld-linux-x86-64.so.2
705cb8639000-705cb8663000 r-xp 00002000 08:06 17041895                   /usr/lib/x86_64-linux-gnu/ld-linux-x86-64.so.2
705cb8663000-705cb866e000 r--p 0002c000 08:06 17041895                   /usr/lib/x86_64-linux-gnu/ld-linux-x86-64.so.2
705cb866e000-705cb866f000 rwxp 00000000 00:00 0 
705cb866f000-705cb8671000 r--p 00037000 08:06 17041895                   /usr/lib/x86_64-linux-gnu/ld-linux-x86-64.so.2
705cb8671000-705cb8673000 rw-p 00039000 08:06 17041895                   /usr/lib/x86_64-linux-gnu/ld-linux-x86-64.so.2
7ffc483e6000-7ffc48408000 rw-p 00000000 00:00 0                          [stack]
7ffc48489000-7ffc4848d000 r--p 00000000 00:00 0                          [vvar]
7ffc4848d000-7ffc4848f000 r-xp 00000000 00:00 0                          [vdso]
ffffffffff600000-ffffffffff601000 --xp 00000000 00:00 0                  [vsyscall]


VM Arguments:
jvm_args: --enable-native-access=ALL-UNNAMED -Dclassworlds.conf=/opt/apache-maven-3.9.11/bin/m2.conf -Dmaven.home=/opt/apache-maven-3.9.11 -Dlibrary.jansi.path=/opt/apache-maven-3.9.11/lib/jansi-native -Dmaven.multiModuleProjectDirectory=/home/timur/eclipse-workspaceак/b9-gateway 
java_command: org.codehaus.plexus.classworlds.launcher.Launcher clean install
java_class_path (initial): /opt/apache-maven-3.9.11/boot/plexus-classworlds-2.9.0.jar
Launcher Type: SUN_STANDARD

[Global flags]
     intx CICompilerCount                          = 4                                         {product} {ergonomic}
     uint ConcGCThreads                            = 3                                         {product} {ergonomic}
     uint G1ConcRefinementThreads                  = 10                                        {product} {ergonomic}
   size_t G1HeapRegionSize                         = 4194304                                   {product} {ergonomic}
    uintx GCDrainStackTargetSize                   = 64                                        {product} {ergonomic}
   size_t InitialHeapSize                          = 524288000                                 {product} {ergonomic}
   size_t MarkStackSize                            = 4194304                                   {product} {ergonomic}
   size_t MaxHeapSize                              = 8329887744                                {product} {ergonomic}
   size_t MaxNewSize                               = 4995416064                                {product} {ergonomic}
   size_t MinHeapDeltaBytes                        = 4194304                                   {product} {ergonomic}
   size_t MinHeapSize                              = 8388608                                   {product} {ergonomic}
    uintx NonNMethodCodeHeapSize                   = 5839372                                {pd product} {ergonomic}
    uintx NonProfiledCodeHeapSize                  = 122909434                              {pd product} {ergonomic}
    uintx ProfiledCodeHeapSize                     = 122909434                              {pd product} {ergonomic}
    uintx ReservedCodeCacheSize                    = 251658240                              {pd product} {ergonomic}
     bool SegmentedCodeCache                       = true                                      {product} {ergonomic}
   size_t SoftMaxHeapSize                          = 8329887744                             {manageable} {ergonomic}
     bool UseCompressedClassPointers               = true                           {product lp64_product} {ergonomic}
     bool UseCompressedOops                        = true                           {product lp64_product} {ergonomic}
     bool UseG1GC                                  = true                                      {product} {ergonomic}

Logging:
Log output configuration:
 #0: stdout all=warning uptime,level,tags
 #1: stderr all=off uptime,level,tags

Environment Variables:
JAVA_HOME=/usr/lib/jvm/java-17-openjdk-amd64
PATH=/opt/apache-maven-3.9.11/bin:/home/timur/.asdf/shims:/home/timur/.asdf/bin:/usr/lib/jvm/java-17-openjdk-amd64/bin:/opt/gradle/gradle-8.2.1/bin:/usr/local/sbin:/usr/local/bin:/usr/sbin:/usr/bin:/sbin:/bin:/usr/games:/usr/local/games:/snap/bin:/snap/bin:/usr/lib/jvm/jdk-20/bin:/usr/lib/jvm/jdk-20/db/bin
USERNAME=timur
SHELL=/bin/bash
DISPLAY=:0
LANG=en_US.UTF-8
LC_NUMERIC=ru_RU.UTF-8
LC_TIME=ru_RU.UTF-8
TERM=xterm-256color

Active Locale:
LC_ALL=LC_CTYPE=en_US.UTF-8;LC_NUMERIC=ru_RU.UTF-8;LC_TIME=ru_RU.UTF-8;LC_COLLATE=en_US.UTF-8;LC_MONETARY=ru_RU.UTF-8;LC_MESSAGES=en_US.UTF-8;LC_PAPER=ru_RU.UTF-8;LC_NAME=ru_RU.UTF-8;LC_ADDRESS=ru_RU.UTF-8;LC_TELEPHONE=ru_RU.UTF-8;LC_MEASUREMENT=ru_RU.UTF-8;LC_IDENTIFICATION=ru_RU.UTF-8
LC_COLLATE=en_US.UTF-8
LC_CTYPE=en_US.UTF-8
LC_MESSAGES=en_US.UTF-8
LC_MONETARY=ru_RU.UTF-8
LC_NUMERIC=ru_RU.UTF-8
LC_TIME=ru_RU.UTF-8

Signal Handlers:
   SIGSEGV: crash_handler in libjvm.so, mask=11100100010111111101111111111110, flags=SA_RESTART|SA_SIGINFO, unblocked
    SIGBUS: crash_handler in libjvm.so, mask=11100100010111111101111111111110, flags=SA_RESTART|SA_SIGINFO, unblocked
    SIGFPE: crash_handler in libjvm.so, mask=11100100010111111101111111111110, flags=SA_RESTART|SA_SIGINFO, unblocked
   SIGPIPE: javaSignalHandler in libjvm.so, mask=11100100010111111101111111111110, flags=SA_RESTART|SA_SIGINFO, unblocked
   SIGXFSZ: javaSignalHandler in libjvm.so, mask=11100100010111111101111111111110, flags=SA_RESTART|SA_SIGINFO, unblocked
    SIGILL: crash_handler in libjvm.so, mask=11100100010111111101111111111110, flags=SA_RESTART|SA_SIGINFO, unblocked
   SIGUSR2: SR_handler in libjvm.so, mask=00000000000000000000000000000000, flags=SA_RESTART|SA_SIGINFO, unblocked
    SIGHUP: UserHandler in libjvm.so, mask=11100100010111111101111111111110, flags=SA_RESTART|SA_SIGINFO, unblocked
    SIGINT: UserHandler in libjvm.so, mask=11100100010111111101111111111110, flags=SA_RESTART|SA_SIGINFO, unblocked
   SIGTERM: UserHandler in libjvm.so, mask=11100100010111111101111111111110, flags=SA_RESTART|SA_SIGINFO, unblocked
   SIGQUIT: UserHandler in libjvm.so, mask=11100100010111111101111111111110, flags=SA_RESTART|SA_SIGINFO, blocked
   SIGTRAP: crash_handler in libjvm.so, mask=11100100010111111101111111111110, flags=SA_RESTART|SA_SIGINFO, unblocked


Periodic native trim disabled


---------------  S Y S T E M  ---------------

OS:
DISTRIB_ID=Ubuntu
DISTRIB_RELEASE=22.04
DISTRIB_CODENAME=jammy
DISTRIB_DESCRIPTION="Ubuntu 22.04.2 LTS"
uname: Linux 6.8.0-90-generic #91~22.04.1-Ubuntu SMP PREEMPT_DYNAMIC Thu Nov 20 15:20:45 UTC 2 x86_64
OS uptime: 0 days 0:39 hours
libc: glibc 2.35 NPTL 2.35 
rlimit (soft/hard): STACK 8192k/infinity , CORE 0k/infinity , NPROC 126734/126734 , NOFILE 1048576/1048576 , AS infinity/infinity , CPU infinity/infinity , DATA infinity/infinity , FSIZE infinity/infinity , MEMLOCK 4065836k/4065836k
load average: 0,73 0,85 1,04

/proc/meminfo:
MemTotal:       32526696 kB
MemFree:        19050228 kB
MemAvailable:   23835392 kB
Buffers:          231820 kB
Cached:          4776876 kB
SwapCached:            0 kB
Active:          9372024 kB
Inactive:        2975448 kB
Active(anon):    7329708 kB
Inactive(anon):        0 kB
Active(file):    2042316 kB
Inactive(file):  2975448 kB
Unevictable:      417676 kB
Mlocked:              96 kB
SwapTotal:       2097148 kB
SwapFree:        2097148 kB
Zswap:                 0 kB
Zswapped:              0 kB
Dirty:              1352 kB
Writeback:             0 kB
AnonPages:       7756648 kB
Mapped:          1498568 kB
Shmem:            514032 kB
KReclaimable:     233804 kB
Slab:             481796 kB
SReclaimable:     233804 kB
SUnreclaim:       247992 kB
KernelStack:       28848 kB
PageTables:        61448 kB
SecPageTables:         0 kB
NFS_Unstable:          0 kB
Bounce:                0 kB
WritebackTmp:          0 kB
CommitLimit:    18360496 kB
Committed_AS:   16635812 kB
VmallocTotal:   34359738367 kB
VmallocUsed:       59380 kB
VmallocChunk:          0 kB
Percpu:            14544 kB
HardwareCorrupted:     0 kB
AnonHugePages:         0 kB
ShmemHugePages:        0 kB
ShmemPmdMapped:        0 kB
FileHugePages:         0 kB
FilePmdMapped:         0 kB
Unaccepted:            0 kB
HugePages_Total:       0
HugePages_Free:        0
HugePages_Rsvd:        0
HugePages_Surp:        0
Hugepagesize:       2048 kB
Hugetlb:               0 kB
DirectMap4k:      237244 kB
DirectMap2M:     6760448 kB
DirectMap1G:    27262976 kB

/sys/kernel/mm/transparent_hugepage/enabled: always [madvise] never
/sys/kernel/mm/transparent_hugepage/hpage_pmd_size: 2097152
/sys/kernel/mm/transparent_hugepage/defrag (defrag/compaction efforts parameter): always defer defer+madvise [madvise] never

Process Memory:
Virtual Size: 12164256K (peak: 12231168K)
Resident Set Size: 372420K (peak: 374132K) (anon: 342264K, file: 30156K, shmem: 0K)
Swapped out: 0K
C-Heap outstanding allocations: 69082K, retained: 21217K
glibc malloc tunables: (default)

/proc/sys/kernel/threads-max (system-wide limit on the number of threads): 253468
/proc/sys/vm/max_map_count (maximum number of memory map areas a process may have): 65530
/proc/sys/vm/swappiness (control to define how aggressively the kernel swaps out anonymous memory): 60
/proc/sys/kernel/pid_max (system-wide limit on number of process identifiers): 4194304

container (cgroup) information:
container_type: cgroupv2
cpu_cpuset_cpus: not supported
cpu_memory_nodes: not supported
active_processor_count: 12
cpu_quota: not supported
cpu_period: not supported
cpu_shares: not supported
memory_limit_in_bytes: unlimited
memory_and_swap_limit_in_bytes: unlimited
memory_soft_limit_in_bytes: 0
memory_usage_in_bytes: 350224 k
memory_max_usage_in_bytes: not supported
rss_usage_in_bytes: 343212 k
cache_usage_in_bytes: 4064 k
memory_swap_current_in_bytes: 0
memory_swap_max_limit_in_bytes: unlimited
maximum number of tasks: 38020
current number of tasks: 34

Steal ticks since vm start: 0
Steal ticks percentage since vm start:  0,000

CPU: total 12 (initial active 12) (6 cores per cpu, 2 threads per core) family 6 model 165 stepping 3 microcode 0x100, cx8, cmov, fxsr, ht, mmx, 3dnowpref, sse, sse2, sse3, ssse3, sse4.1, sse4.2, popcnt, lzcnt, tsc, tscinvbit, avx, avx2, aes, erms, clmul, bmi1, bmi2, adx, fma, vzeroupper, clflush, clflushopt
CPU Model and flags from /proc/cpuinfo:
model name	: Intel(R) Core(TM) i5-10400 CPU @ 2.90GHz
flags		: fpu vme de pse tsc msr pae mce cx8 apic sep mtrr pge mca cmov pat pse36 clflush dts acpi mmx fxsr sse sse2 ss ht tm pbe syscall nx pdpe1gb rdtscp lm constant_tsc art arch_perfmon pebs bts rep_good nopl xtopology nonstop_tsc cpuid aperfmperf pni pclmulqdq dtes64 monitor ds_cpl vmx est tm2 ssse3 sdbg fma cx16 xtpr pdcm pcid sse4_1 sse4_2 x2apic movbe popcnt tsc_deadline_timer aes xsave avx f16c rdrand lahf_lm abm 3dnowprefetch cpuid_fault epb ssbd ibrs ibpb stibp ibrs_enhanced tpr_shadow flexpriority ept vpid ept_ad fsgsbase tsc_adjust bmi1 avx2 smep bmi2 erms invpcid mpx rdseed adx smap clflushopt intel_pt xsaveopt xsavec xgetbv1 xsaves dtherm ida arat pln pts vnmi md_clear flush_l1d arch_capabilities ibpb_exit_to_user

Online cpus: 0-11
Offline cpus: 
BIOS frequency limitation: <Not Available>
Frequency switch latency (ns): 20000
Available cpu frequencies: <Not Available>
Current governor: schedutil
Core performance/turbo boost: <Not Available>

Memory: 4k page, physical 32526696k(19050228k free), swap 2097148k(2097148k free)
Page Sizes: 4k

vm_info: OpenJDK 64-Bit Server VM (17.0.17+10-Ubuntu-122.04) for linux-amd64 JRE (17.0.17+10-Ubuntu-122.04), built on Oct 23 2025 18:49:23 by "buildd" with gcc 11.4.0

END.
