#
# A fatal error has been detected by the Java Runtime Environment:
#
#  SIGSEGV (0xb) at pc=0x00007ce1da6854a4, pid=10078, tid=10095
#
# JRE version: OpenJDK Runtime Environment (17.0.17+10) (build 17.0.17+10-Ubuntu-122.04)
# Java VM: OpenJDK 64-Bit Server VM (17.0.17+10-Ubuntu-122.04, mixed mode, sharing, tiered, compressed oops, compressed class ptrs, g1 gc, linux-amd64)
# Problematic frame:
# V  [libjvm.so+0xa854a4]  PhaseCFG::schedule_local(Block*, GrowableArray<int>&, VectorSet&, long*)+0x1c4
#
# Core dump will be written. Default location: Core dumps may be processed with "/usr/share/apport/apport -p%p -s%s -c%c -d%d -P%P -u%u -g%g -F%F -- %E" (or dumping to /home/timur/eclipse-workspaceак/b9-hello-world-service/core.10078)
#
# If you would like to submit a bug report, please visit:
#   https://bugs.launchpad.net/ubuntu/+source/openjdk-17
#

---------------  S U M M A R Y ------------

Command Line: /home/timur/eclipse-workspaceак/b9-hello-world-service/target/surefire/surefirebooter-20251231220349453_3.jar /home/timur/eclipse-workspaceак/b9-hello-world-service/target/surefire 2025-12-31T22-03-49_247-jvmRun1 surefire-20251231220349453_1tmp surefire_0-20251231220349453_2tmp

Host: Intel(R) Core(TM) i5-10400 CPU @ 2.90GHz, 12 cores, 31G, Ubuntu 22.04.2 LTS
Time: Wed Dec 31 22:03:50 2025 MSK elapsed time: 0.789866 seconds (0d 0h 0m 0s)

---------------  T H R E A D  ---------------

Current thread (0x00007ce1d4155cd0):  JavaThread "C2 CompilerThread0" daemon [_thread_in_native, id=10095, stack(0x00007ce1a810f000,0x00007ce1a820f000)]


Current CompileTask:
C2:789 1252       4       jdk.internal.org.objectweb.asm.Frame::execute (2305 bytes)

Stack: [0x00007ce1a810f000,0x00007ce1a820f000],  sp=0x00007ce1a820a360,  free space=1004k
Native frames: (J=compiled Java code, j=interpreted, Vv=VM code, C=native code)
V  [libjvm.so+0xa854a4]  PhaseCFG::schedule_local(Block*, GrowableArray<int>&, VectorSet&, long*)+0x1c4
V  [libjvm.so+0x799112]  PhaseCFG::global_code_motion()+0x632
V  [libjvm.so+0x79a56a]  PhaseCFG::do_global_code_motion()+0x4a
V  [libjvm.so+0x5d647d]  Compile::Code_Gen()+0x29d
V  [libjvm.so+0x5dbfa4]  Compile::Compile(ciEnv*, ciMethod*, int, bool, bool, bool, bool, bool, DirectiveSet*)+0x13a4
V  [libjvm.so+0x5199ab]  C2Compiler::compile_method(ciEnv*, ciMethod*, int, bool, DirectiveSet*)+0xfb
V  [libjvm.so+0x5e4b0b]  CompileBroker::invoke_compiler_on_method(CompileTask*)+0xebb
V  [libjvm.so+0x5e5a68]  CompileBroker::compiler_thread_loop()+0x708
V  [libjvm.so+0xebe49d]  JavaThread::thread_main_inner()+0x1ed
V  [libjvm.so+0xec1dfe]  Thread::call_run()+0xae
V  [libjvm.so+0xc487ab]  thread_native_entry(Thread*)+0xeb


siginfo: si_signo: 11 (SIGSEGV), si_code: 2 (SEGV_ACCERR), si_addr: 0x00007ce1181aa668

Registers:
RAX=0x00007ce1282234a0, RBX=0x00007ce11c1aa6a8, RCX=0x0000000000000003, RDX=0x00007ce1181aa640
RSP=0x00007ce1a820a360, RBP=0x00007ce1a820a490, RSI=0x000000000000164b, RDI=0x00007ce1282234b8
R8 =0x00007ce1a820a910, R9 =0x000000000000000a, R10=0x00007ce1a820a600, R11=0x0000000000000000
R12=0x00007ce128223428, R13=0x0000000000000008, R14=0x0000000000000040, R15=0x0000000000000001
RIP=0x00007ce1da6854a4, EFLAGS=0x0000000000010202, CSGSFS=0x002b000000000033, ERR=0x0000000000000004
  TRAPNO=0x000000000000000e

XMM[0]=0x0000000000000000 0x0000000000000000
XMM[1]=0x00007ce128521028 0x00007ce128520e58
XMM[2]=0x0000000000000000 0x0000000000000000
XMM[3]=0x0000000000000000 0x0000000000000000
XMM[4]=0x0000000000000000 0x0000000000000000
XMM[5]=0x000000000000000a 0x0000000000000000
XMM[6]=0x00007ce1343781d0 0x00007ce134378100
XMM[7]=0x0000000000000000 0x000000000000293f
XMM[8]=0x00007ce134377028 0x00007ce134376ac8
XMM[9]=0x00007ce11c4ce470 0x00007ce11c4ce410
XMM[10]=0x00007ce11c4cde10 0x00007ce11c4cded0
XMM[11]=0x00007ce11c4cde70 0x00007ce11c4cdf30
XMM[12]=0x00007ce11c4cddb0 0x00007ce11c4cdd50
XMM[13]=0x0000000000000000 0x00007ce11c4ce230
XMM[14]=0x0000000000000000 0x00007ce11c4ce2f0
XMM[15]=0x0000000000000000 0x00007ce11c4ce3b0
  MXCSR=0x00001fa0


Register to memory mapping:

RAX=0x00007ce1282234a0 points into unknown readable memory: 0x00007ce1282234d0 | d0 34 22 28 e1 7c 00 00
RBX=0x00007ce11c1aa6a8 points into unknown readable memory: 0x00007ce1dae4c7b0 | b0 c7 e4 da e1 7c 00 00
RCX=0x0000000000000003 is an unknown value
RDX=0x00007ce1181aa640 is an unknown value
RSP=0x00007ce1a820a360 is pointing into the stack for thread: 0x00007ce1d4155cd0
RBP=0x00007ce1a820a490 is pointing into the stack for thread: 0x00007ce1d4155cd0
RSI=0x000000000000164b is an unknown value
RDI=0x00007ce1282234b8 points into unknown readable memory: 0x00007ce1dae68540 | 40 85 e6 da e1 7c 00 00
R8 =0x00007ce1a820a910 is pointing into the stack for thread: 0x00007ce1d4155cd0
R9 =0x000000000000000a is an unknown value
R10=0x00007ce1a820a600 is pointing into the stack for thread: 0x00007ce1d4155cd0
R11=0x0 is NULL
R12=0x00007ce128223428 points into unknown readable memory: 0x00007ce1dae77610 | 10 76 e7 da e1 7c 00 00
R13=0x0000000000000008 is an unknown value
R14=0x0000000000000040 is an unknown value
R15=0x0000000000000001 is an unknown value


Top of Stack: (sp=0x00007ce1a820a360)
0x00007ce1a820a360:   0000000000000052 00007ce12821e7f0
0x00007ce1a820a370:   000000000000293f 00007ce128525c88
0x00007ce1a820a380:   00007ce11c1aa140 00007ce1a820a910
0x00007ce1a820a390:   00007ce10000293f 01ffffffffffffb8
0x00007ce1a820a3a0:   00007ce1a820a550 00007ce1a820a3e0
0x00007ce1a820a3b0:   00007ce134afb6e0 00007ce1daf079b8
0x00007ce1a820a3c0:   00007ce1d41542c0 00007ce100000004
0x00007ce1a820a3d0:   00007ce10820ab40 00007ce100000000
0x00007ce1a820a3e0:   00007ce1d41542c0 00007ce100000004
0x00007ce1a820a3f0:   00007ce10820ab60 00007ce100000000
0x00007ce1a820a400:   00007ce1d41542c0 000000000000a500
0x00007ce1a820a410:   000000000000a500 0000000000000000
0x00007ce1a820a420:   00007ce1a820a490 00007ce1d9fd272f
0x00007ce1a820a430:   00007ce1a820a440 000000000000a510
0x00007ce1a820a440:   00007ce100000040 00007ce11c283190
0x00007ce1a820a450:   0000000500000040 00007ce1d41542c0
0x00007ce1a820a460:   00007ce1a820a910 00000000000000ff
0x00007ce1a820a470:   00007ce1a820a550 00007ce1a820a600
0x00007ce1a820a480:   00007ce134afb6e0 00007ce1a820a910
0x00007ce1a820a490:   00007ce1a820a870 00007ce1da399112
0x00007ce1a820a4a0:   00007ce1a820a500 00007ce1a820a600
0x00007ce1a820a4b0:   00000000000003d8 00007ce108001fb8
0x00007ce1a820a4c0:   00007ce108001be0 00007ce1da8114c7
0x00007ce1a820a4d0:   00007ce1a820a660 00007ce1a820a5c0
0x00007ce1a820a4e0:   00007ce108001bd0 00007ce1a820a660
0x00007ce1a820a4f0:   00007ce108001bd0 00007ce108001be0
0x00007ce1a820a500:   00007ce11c0922b0 00007ce11c099220
0x00007ce1a820a510:   000000000022c450 00007ce11c09a298
0x00007ce1a820a520:   00007ce11c0922b0 00007ce11c099220
0x00007ce1a820a530:   00007ce10000293f 00007ce1a820a590
0x00007ce1a820a540:   00007ce1d41542c0 000000000000a4f0
0x00007ce1a820a550:   00007ce100000200 00007ce1283e4690 

Instructions: (pc=0x00007ce1da6854a4)
0x00007ce1da6853a4:   89 d6 49 89 c2 e9 93 00 00 00 66 90 49 8b 44 24
0x00007ce1da6853b4:   08 48 8b 00 85 c9 0f 84 e0 02 00 00 48 8b 53 20
0x00007ce1da6853c4:   48 39 02 0f 85 a1 00 00 00 44 89 f8 48 8d 14 c5
0x00007ce1da6853d4:   00 00 00 00 44 39 f9 0f 86 67 06 00 00 48 8b 73
0x00007ce1da6853e4:   20 48 8b 04 c6 48 8d 7b 10 44 39 e9 0f 86 be 02
0x00007ce1da6853f4:   00 00 48 8b 4b 20 4a 89 04 31 41 8d 47 01 44 39
0x00007ce1da685404:   7b 18 0f 86 3c 02 00 00 48 8b 4b 20 48 8b bd 28
0x00007ce1da685414:   ff ff ff 4c 89 24 11 80 3f 00 74 0d 80 bd 0f ff
0x00007ce1da685424:   ff ff 00 0f 85 eb 02 00 00 41 89 c7 41 83 c5 01
0x00007ce1da685434:   49 83 c6 08 45 39 cd 0f 84 af 01 00 00 8b 4b 18
0x00007ce1da685444:   45 31 e4 44 39 e9 76 08 48 8b 43 20 4e 8b 24 30
0x00007ce1da685454:   41 8b 44 24 2c 83 e0 0f 83 f8 0c 0f 84 68 ff ff
0x00007ce1da685464:   ff 83 f8 08 0f 84 42 ff ff ff 41 8b 44 24 1c 45
0x00007ce1da685474:   31 db 85 c0 74 4e 49 8b 54 24 08 8d 48 ff 45 31
0x00007ce1da685484:   db 48 8d 42 08 48 8d 3c c8 eb 0d 90 48 89 c2 48
0x00007ce1da685494:   39 f8 74 30 48 83 c0 08 48 8b 12 48 85 d2 74 ec
0x00007ce1da6854a4:   8b 72 28 49 8b 48 78 48 3b 1c f1 75 df 48 83 7a
0x00007ce1da6854b4:   10 01 48 89 c2 41 83 db ff 48 39 f8 75 d6 66 0f
0x00007ce1da6854c4:   1f 44 00 00 49 8b 42 08 49 63 54 24 28 44 89 1c
0x00007ce1da6854d4:   90 41 8b 44 24 2c 83 e0 03 83 f8 02 0f 85 4a ff
0x00007ce1da6854e4:   ff ff 41 83 7c 24 18 05 0f 86 3e ff ff ff 49 8b
0x00007ce1da6854f4:   04 24 4c 89 95 f8 fe ff ff 4c 89 e7 4c 89 85 00
0x00007ce1da685504:   ff ff ff 44 89 8d 18 ff ff ff ff 90 48 01 00 00
0x00007ce1da685514:   44 8b 8d 18 ff ff ff 4c 8b 85 00 ff ff ff 3d ca
0x00007ce1da685524:   00 00 00 4c 8b 95 f8 fe ff ff 74 42 49 8b 04 24
0x00007ce1da685534:   4c 89 95 f8 fe ff ff 4c 89 e7 4c 89 85 00 ff ff
0x00007ce1da685544:   ff 44 89 8d 18 ff ff ff ff 90 48 01 00 00 44 8b
0x00007ce1da685554:   8d 18 ff ff ff 4c 8b 85 00 ff ff ff 3d d3 00 00
0x00007ce1da685564:   00 4c 8b 95 f8 fe ff ff 0f 85 be fe ff ff 49 8b
0x00007ce1da685574:   54 24 08 4c 8b 5a 28 4d 85 db 74 12 41 8b 4b 28
0x00007ce1da685584:   49 8b 40 78 48 3b 1c c8 0f 84 64 0f 00 00 be 05
0x00007ce1da685594:   00 00 00 4c 89 e7 4c 89 95 f0 fe ff ff 41 83 c5 


Stack slot to memory mapping:
stack at sp + 0 slots: 0x0000000000000052 is an unknown value
stack at sp + 1 slots: 0x00007ce12821e7f0 points into unknown readable memory: 0x0000000000000000 | 00 00 00 00 00 00 00 00
stack at sp + 2 slots: 0x000000000000293f is an unknown value
stack at sp + 3 slots: 0x00007ce128525c88 points into unknown readable memory: 0x00007ce1dae72f80 | 80 2f e7 da e1 7c 00 00
stack at sp + 4 slots: 0x00007ce11c1aa140 points into unknown readable memory: 0x00007ce1a820d160 | 60 d1 20 a8 e1 7c 00 00
stack at sp + 5 slots: 0x00007ce1a820a910 is pointing into the stack for thread: 0x00007ce1d4155cd0
stack at sp + 6 slots: 0x00007ce10000293f points into unknown readable memory: 00
stack at sp + 7 slots: 0x01ffffffffffffb8 is an unknown value


---------------  P R O C E S S  ---------------

Threads class SMR info:
_java_thread_list=0x00007ce1282daa70, length=15, elements={
0x00007ce1d40185c0, 0x00007ce1d4149cd0, 0x00007ce1d414b0b0, 0x00007ce1d4151b60,
0x00007ce1d4152f10, 0x00007ce1d4154320, 0x00007ce1d4155cd0, 0x00007ce1d4157200,
0x00007ce1d4160660, 0x00007ce1d4168720, 0x00007ce1d416b750, 0x00007ce134075f40,
0x00007ce1d44fef20, 0x00007ce1d450eec0, 0x00007ce1282d9aa0
}

Java Threads: ( => current thread )
  0x00007ce1d40185c0 JavaThread "main" [_thread_in_native, id=10079, stack(0x00007ce1d9700000,0x00007ce1d9800000)]
  0x00007ce1d4149cd0 JavaThread "Reference Handler" daemon [_thread_blocked, id=10089, stack(0x00007ce1a860f000,0x00007ce1a870f000)]
  0x00007ce1d414b0b0 JavaThread "Finalizer" daemon [_thread_blocked, id=10090, stack(0x00007ce1a850f000,0x00007ce1a860f000)]
  0x00007ce1d4151b60 JavaThread "Signal Dispatcher" daemon [_thread_blocked, id=10092, stack(0x00007ce1a840f000,0x00007ce1a850f000)]
  0x00007ce1d4152f10 JavaThread "Service Thread" daemon [_thread_blocked, id=10093, stack(0x00007ce1a830f000,0x00007ce1a840f000)]
  0x00007ce1d4154320 JavaThread "Monitor Deflation Thread" daemon [_thread_blocked, id=10094, stack(0x00007ce1a820f000,0x00007ce1a830f000)]
=>0x00007ce1d4155cd0 JavaThread "C2 CompilerThread0" daemon [_thread_in_native, id=10095, stack(0x00007ce1a810f000,0x00007ce1a820f000)]
  0x00007ce1d4157200 JavaThread "C1 CompilerThread0" daemon [_thread_blocked, id=10096, stack(0x00007ce1a800f000,0x00007ce1a810f000)]
  0x00007ce1d4160660 JavaThread "Sweeper thread" daemon [_thread_blocked, id=10097, stack(0x00007ce14e900000,0x00007ce14ea00000)]
  0x00007ce1d4168720 JavaThread "Notification Thread" daemon [_thread_blocked, id=10098, stack(0x00007ce14e800000,0x00007ce14e900000)]
  0x00007ce1d416b750 JavaThread "Common-Cleaner" daemon [_thread_blocked, id=10100, stack(0x00007ce14e5ff000,0x00007ce14e6ff000)]
  0x00007ce134075f40 JavaThread "C2 CompilerThread1" daemon [_thread_blocked, id=10101, stack(0x00007ce14e4ff000,0x00007ce14e5ff000)]
  0x00007ce1d44fef20 JavaThread "surefire-forkedjvm-stream-flusher" daemon [_thread_blocked, id=10102, stack(0x00007ce14e3ff000,0x00007ce14e4ff000)]
  0x00007ce1d450eec0 JavaThread "surefire-forkedjvm-command-thread" daemon [_thread_in_native, id=10103, stack(0x00007ce14e2ff000,0x00007ce14e3ff000)]
  0x00007ce1282d9aa0 JavaThread "C2 CompilerThread2" daemon [_thread_blocked, id=10104, stack(0x00007ce14e1ff000,0x00007ce14e2ff000)]

Other Threads:
  0x00007ce1d4145f80 VMThread "VM Thread" [stack: 0x00007ce1a8710000,0x00007ce1a8810000] [id=10088]
  0x00007ce1d416a060 WatcherThread [stack: 0x00007ce14e700000,0x00007ce14e800000] [id=10099]
  0x00007ce1d4046fa0 GCTaskThread "GC Thread#0" [stack: 0x00007ce1d8a0c000,0x00007ce1d8b0c000] [id=10081]
  0x00007ce148006d50 GCTaskThread "GC Thread#1" [stack: 0x00007ce14e0ff000,0x00007ce14e1ff000] [id=10105]
  0x00007ce148007760 GCTaskThread "GC Thread#2" [stack: 0x00007ce14dffe000,0x00007ce14e0fe000] [id=10106]
  0x00007ce148008170 GCTaskThread "GC Thread#3" [stack: 0x00007ce14defd000,0x00007ce14dffd000] [id=10107]
  0x00007ce148008b80 GCTaskThread "GC Thread#4" [stack: 0x00007ce14ddfc000,0x00007ce14defc000] [id=10108]
  0x00007ce148009590 GCTaskThread "GC Thread#5" [stack: 0x00007ce14dcfb000,0x00007ce14ddfb000] [id=10109]
  0x00007ce148009fd0 GCTaskThread "GC Thread#6" [stack: 0x00007ce14dbfa000,0x00007ce14dcfa000] [id=10110]
  0x00007ce14800aa10 GCTaskThread "GC Thread#7" [stack: 0x00007ce14daf9000,0x00007ce14dbf9000] [id=10111]
  0x00007ce14800b470 GCTaskThread "GC Thread#8" [stack: 0x00007ce14d9f8000,0x00007ce14daf8000] [id=10112]
  0x00007ce14800bef0 GCTaskThread "GC Thread#9" [stack: 0x00007ce14d8f7000,0x00007ce14d9f7000] [id=10113]
  0x00007ce1d4057e00 ConcurrentGCThread "G1 Main Marker" [stack: 0x00007ce1d890b000,0x00007ce1d8a0b000] [id=10082]
  0x00007ce1d4058d70 ConcurrentGCThread "G1 Conc#0" [stack: 0x00007ce1d880a000,0x00007ce1d890a000] [id=10083]
  0x00007ce1d4116300 ConcurrentGCThread "G1 Refine#0" [stack: 0x00007ce1a8b00000,0x00007ce1a8c00000] [id=10084]
  0x00007ce1d4117200 ConcurrentGCThread "G1 Service" [stack: 0x00007ce1a89ff000,0x00007ce1a8aff000] [id=10085]

Threads with active compile tasks:
C2 CompilerThread0  797 1252       4       jdk.internal.org.objectweb.asm.Frame::execute (2305 bytes)

VM state: not at safepoint (normal execution)

VM Mutex/Monitor currently owned by a thread: None

Heap address: 0x000000060f800000, size: 7944 MB, Compressed Oops mode: Zero based, Oop shift amount: 3

CDS archive(s) mapped at: [0x00007ce153000000-0x00007ce153bca000-0x00007ce153bca000), size 12361728, SharedBaseAddress: 0x00007ce153000000, ArchiveRelocationMode: 1.
Compressed class space mapped at: 0x00007ce154000000-0x00007ce194000000, reserved size: 1073741824
Narrow klass base: 0x00007ce153000000, Narrow klass shift: 0, Narrow klass range: 0x100000000

GC Precious Log:
 CPUs: 12 total, 12 available
 Memory: 31764M
 Large Page Support: Disabled
 NUMA Support: Disabled
 Compressed Oops: Enabled (Zero based)
 Heap Region Size: 4M
 Heap Min Capacity: 8M
 Heap Initial Capacity: 500M
 Heap Max Capacity: 7944M
 Pre-touch: Disabled
 Parallel Workers: 10
 Concurrent Workers: 3
 Concurrent Refinement Workers: 10
 Periodic GC: Disabled

Heap:
 garbage-first heap   total 520192K, used 17439K [0x000000060f800000, 0x0000000800000000)
  region size 4096K, 4 young (16384K), 1 survivors (4096K)
 Metaspace       used 7810K, committed 8128K, reserved 1114112K
  class space    used 1002K, committed 1152K, reserved 1048576K

Heap Regions: E=young(eden), S=young(survivor), O=old, HS=humongous(starts), HC=humongous(continues), CS=collection set, F=free, OA=open archive, CA=closed archive, TAMS=top-at-mark-start (previous, next)
|   0|0x000000060f800000, 0x000000060f91ae00, 0x000000060fc00000| 27%| O|  |TAMS 0x000000060f800000, 0x000000060f800000| Untracked 
|   1|0x000000060fc00000, 0x000000060fc00000, 0x0000000610000000|  0%| F|  |TAMS 0x000000060fc00000, 0x000000060fc00000| Untracked 
|   2|0x0000000610000000, 0x0000000610000000, 0x0000000610400000|  0%| F|  |TAMS 0x0000000610000000, 0x0000000610000000| Untracked 
|   3|0x0000000610400000, 0x0000000610400000, 0x0000000610800000|  0%| F|  |TAMS 0x0000000610400000, 0x0000000610400000| Untracked 
|   4|0x0000000610800000, 0x0000000610800000, 0x0000000610c00000|  0%| F|  |TAMS 0x0000000610800000, 0x0000000610800000| Untracked 
|   5|0x0000000610c00000, 0x0000000610c00000, 0x0000000611000000|  0%| F|  |TAMS 0x0000000610c00000, 0x0000000610c00000| Untracked 
|   6|0x0000000611000000, 0x0000000611000000, 0x0000000611400000|  0%| F|  |TAMS 0x0000000611000000, 0x0000000611000000| Untracked 
|   7|0x0000000611400000, 0x0000000611400000, 0x0000000611800000|  0%| F|  |TAMS 0x0000000611400000, 0x0000000611400000| Untracked 
|   8|0x0000000611800000, 0x0000000611800000, 0x0000000611c00000|  0%| F|  |TAMS 0x0000000611800000, 0x0000000611800000| Untracked 
|   9|0x0000000611c00000, 0x0000000611c00000, 0x0000000612000000|  0%| F|  |TAMS 0x0000000611c00000, 0x0000000611c00000| Untracked 
|  10|0x0000000612000000, 0x0000000612000000, 0x0000000612400000|  0%| F|  |TAMS 0x0000000612000000, 0x0000000612000000| Untracked 
|  11|0x0000000612400000, 0x0000000612400000, 0x0000000612800000|  0%| F|  |TAMS 0x0000000612400000, 0x0000000612400000| Untracked 
|  12|0x0000000612800000, 0x0000000612800000, 0x0000000612c00000|  0%| F|  |TAMS 0x0000000612800000, 0x0000000612800000| Untracked 
|  13|0x0000000612c00000, 0x0000000612c00000, 0x0000000613000000|  0%| F|  |TAMS 0x0000000612c00000, 0x0000000612c00000| Untracked 
|  14|0x0000000613000000, 0x0000000613000000, 0x0000000613400000|  0%| F|  |TAMS 0x0000000613000000, 0x0000000613000000| Untracked 
|  15|0x0000000613400000, 0x0000000613400000, 0x0000000613800000|  0%| F|  |TAMS 0x0000000613400000, 0x0000000613400000| Untracked 
|  16|0x0000000613800000, 0x0000000613800000, 0x0000000613c00000|  0%| F|  |TAMS 0x0000000613800000, 0x0000000613800000| Untracked 
|  17|0x0000000613c00000, 0x0000000613c00000, 0x0000000614000000|  0%| F|  |TAMS 0x0000000613c00000, 0x0000000613c00000| Untracked 
|  18|0x0000000614000000, 0x0000000614000000, 0x0000000614400000|  0%| F|  |TAMS 0x0000000614000000, 0x0000000614000000| Untracked 
|  19|0x0000000614400000, 0x0000000614400000, 0x0000000614800000|  0%| F|  |TAMS 0x0000000614400000, 0x0000000614400000| Untracked 
|  20|0x0000000614800000, 0x0000000614800000, 0x0000000614c00000|  0%| F|  |TAMS 0x0000000614800000, 0x0000000614800000| Untracked 
|  21|0x0000000614c00000, 0x0000000614c00000, 0x0000000615000000|  0%| F|  |TAMS 0x0000000614c00000, 0x0000000614c00000| Untracked 
|  22|0x0000000615000000, 0x0000000615000000, 0x0000000615400000|  0%| F|  |TAMS 0x0000000615000000, 0x0000000615000000| Untracked 
|  23|0x0000000615400000, 0x0000000615400000, 0x0000000615800000|  0%| F|  |TAMS 0x0000000615400000, 0x0000000615400000| Untracked 
|  24|0x0000000615800000, 0x0000000615800000, 0x0000000615c00000|  0%| F|  |TAMS 0x0000000615800000, 0x0000000615800000| Untracked 
|  25|0x0000000615c00000, 0x0000000615c00000, 0x0000000616000000|  0%| F|  |TAMS 0x0000000615c00000, 0x0000000615c00000| Untracked 
|  26|0x0000000616000000, 0x0000000616000000, 0x0000000616400000|  0%| F|  |TAMS 0x0000000616000000, 0x0000000616000000| Untracked 
|  27|0x0000000616400000, 0x0000000616400000, 0x0000000616800000|  0%| F|  |TAMS 0x0000000616400000, 0x0000000616400000| Untracked 
|  28|0x0000000616800000, 0x0000000616800000, 0x0000000616c00000|  0%| F|  |TAMS 0x0000000616800000, 0x0000000616800000| Untracked 
|  29|0x0000000616c00000, 0x0000000616c00000, 0x0000000617000000|  0%| F|  |TAMS 0x0000000616c00000, 0x0000000616c00000| Untracked 
|  30|0x0000000617000000, 0x0000000617000000, 0x0000000617400000|  0%| F|  |TAMS 0x0000000617000000, 0x0000000617000000| Untracked 
|  31|0x0000000617400000, 0x0000000617400000, 0x0000000617800000|  0%| F|  |TAMS 0x0000000617400000, 0x0000000617400000| Untracked 
|  32|0x0000000617800000, 0x0000000617800000, 0x0000000617c00000|  0%| F|  |TAMS 0x0000000617800000, 0x0000000617800000| Untracked 
|  33|0x0000000617c00000, 0x0000000617c00000, 0x0000000618000000|  0%| F|  |TAMS 0x0000000617c00000, 0x0000000617c00000| Untracked 
|  34|0x0000000618000000, 0x0000000618000000, 0x0000000618400000|  0%| F|  |TAMS 0x0000000618000000, 0x0000000618000000| Untracked 
|  35|0x0000000618400000, 0x0000000618400000, 0x0000000618800000|  0%| F|  |TAMS 0x0000000618400000, 0x0000000618400000| Untracked 
|  36|0x0000000618800000, 0x0000000618800000, 0x0000000618c00000|  0%| F|  |TAMS 0x0000000618800000, 0x0000000618800000| Untracked 
|  37|0x0000000618c00000, 0x0000000618c00000, 0x0000000619000000|  0%| F|  |TAMS 0x0000000618c00000, 0x0000000618c00000| Untracked 
|  38|0x0000000619000000, 0x0000000619000000, 0x0000000619400000|  0%| F|  |TAMS 0x0000000619000000, 0x0000000619000000| Untracked 
|  39|0x0000000619400000, 0x0000000619400000, 0x0000000619800000|  0%| F|  |TAMS 0x0000000619400000, 0x0000000619400000| Untracked 
|  40|0x0000000619800000, 0x0000000619800000, 0x0000000619c00000|  0%| F|  |TAMS 0x0000000619800000, 0x0000000619800000| Untracked 
|  41|0x0000000619c00000, 0x0000000619c00000, 0x000000061a000000|  0%| F|  |TAMS 0x0000000619c00000, 0x0000000619c00000| Untracked 
|  42|0x000000061a000000, 0x000000061a000000, 0x000000061a400000|  0%| F|  |TAMS 0x000000061a000000, 0x000000061a000000| Untracked 
|  43|0x000000061a400000, 0x000000061a400000, 0x000000061a800000|  0%| F|  |TAMS 0x000000061a400000, 0x000000061a400000| Untracked 
|  44|0x000000061a800000, 0x000000061a800000, 0x000000061ac00000|  0%| F|  |TAMS 0x000000061a800000, 0x000000061a800000| Untracked 
|  45|0x000000061ac00000, 0x000000061ac00000, 0x000000061b000000|  0%| F|  |TAMS 0x000000061ac00000, 0x000000061ac00000| Untracked 
|  46|0x000000061b000000, 0x000000061b000000, 0x000000061b400000|  0%| F|  |TAMS 0x000000061b000000, 0x000000061b000000| Untracked 
|  47|0x000000061b400000, 0x000000061b400000, 0x000000061b800000|  0%| F|  |TAMS 0x000000061b400000, 0x000000061b400000| Untracked 
|  48|0x000000061b800000, 0x000000061b800000, 0x000000061bc00000|  0%| F|  |TAMS 0x000000061b800000, 0x000000061b800000| Untracked 
|  49|0x000000061bc00000, 0x000000061bc00000, 0x000000061c000000|  0%| F|  |TAMS 0x000000061bc00000, 0x000000061bc00000| Untracked 
|  50|0x000000061c000000, 0x000000061c000000, 0x000000061c400000|  0%| F|  |TAMS 0x000000061c000000, 0x000000061c000000| Untracked 
|  51|0x000000061c400000, 0x000000061c400000, 0x000000061c800000|  0%| F|  |TAMS 0x000000061c400000, 0x000000061c400000| Untracked 
|  52|0x000000061c800000, 0x000000061c800000, 0x000000061cc00000|  0%| F|  |TAMS 0x000000061c800000, 0x000000061c800000| Untracked 
|  53|0x000000061cc00000, 0x000000061cc00000, 0x000000061d000000|  0%| F|  |TAMS 0x000000061cc00000, 0x000000061cc00000| Untracked 
|  54|0x000000061d000000, 0x000000061d000000, 0x000000061d400000|  0%| F|  |TAMS 0x000000061d000000, 0x000000061d000000| Untracked 
|  55|0x000000061d400000, 0x000000061d400000, 0x000000061d800000|  0%| F|  |TAMS 0x000000061d400000, 0x000000061d400000| Untracked 
|  56|0x000000061d800000, 0x000000061d800000, 0x000000061dc00000|  0%| F|  |TAMS 0x000000061d800000, 0x000000061d800000| Untracked 
|  57|0x000000061dc00000, 0x000000061dc00000, 0x000000061e000000|  0%| F|  |TAMS 0x000000061dc00000, 0x000000061dc00000| Untracked 
|  58|0x000000061e000000, 0x000000061e000000, 0x000000061e400000|  0%| F|  |TAMS 0x000000061e000000, 0x000000061e000000| Untracked 
|  59|0x000000061e400000, 0x000000061e400000, 0x000000061e800000|  0%| F|  |TAMS 0x000000061e400000, 0x000000061e400000| Untracked 
|  60|0x000000061e800000, 0x000000061e800000, 0x000000061ec00000|  0%| F|  |TAMS 0x000000061e800000, 0x000000061e800000| Untracked 
|  61|0x000000061ec00000, 0x000000061ec00000, 0x000000061f000000|  0%| F|  |TAMS 0x000000061ec00000, 0x000000061ec00000| Untracked 
|  62|0x000000061f000000, 0x000000061f000000, 0x000000061f400000|  0%| F|  |TAMS 0x000000061f000000, 0x000000061f000000| Untracked 
|  63|0x000000061f400000, 0x000000061f400000, 0x000000061f800000|  0%| F|  |TAMS 0x000000061f400000, 0x000000061f400000| Untracked 
|  64|0x000000061f800000, 0x000000061f800000, 0x000000061fc00000|  0%| F|  |TAMS 0x000000061f800000, 0x000000061f800000| Untracked 
|  65|0x000000061fc00000, 0x000000061fc00000, 0x0000000620000000|  0%| F|  |TAMS 0x000000061fc00000, 0x000000061fc00000| Untracked 
|  66|0x0000000620000000, 0x0000000620000000, 0x0000000620400000|  0%| F|  |TAMS 0x0000000620000000, 0x0000000620000000| Untracked 
|  67|0x0000000620400000, 0x0000000620400000, 0x0000000620800000|  0%| F|  |TAMS 0x0000000620400000, 0x0000000620400000| Untracked 
|  68|0x0000000620800000, 0x0000000620800000, 0x0000000620c00000|  0%| F|  |TAMS 0x0000000620800000, 0x0000000620800000| Untracked 
|  69|0x0000000620c00000, 0x0000000620c00000, 0x0000000621000000|  0%| F|  |TAMS 0x0000000620c00000, 0x0000000620c00000| Untracked 
|  70|0x0000000621000000, 0x0000000621000000, 0x0000000621400000|  0%| F|  |TAMS 0x0000000621000000, 0x0000000621000000| Untracked 
|  71|0x0000000621400000, 0x0000000621400000, 0x0000000621800000|  0%| F|  |TAMS 0x0000000621400000, 0x0000000621400000| Untracked 
|  72|0x0000000621800000, 0x0000000621800000, 0x0000000621c00000|  0%| F|  |TAMS 0x0000000621800000, 0x0000000621800000| Untracked 
|  73|0x0000000621c00000, 0x0000000621c00000, 0x0000000622000000|  0%| F|  |TAMS 0x0000000621c00000, 0x0000000621c00000| Untracked 
|  74|0x0000000622000000, 0x0000000622000000, 0x0000000622400000|  0%| F|  |TAMS 0x0000000622000000, 0x0000000622000000| Untracked 
|  75|0x0000000622400000, 0x0000000622400000, 0x0000000622800000|  0%| F|  |TAMS 0x0000000622400000, 0x0000000622400000| Untracked 
|  76|0x0000000622800000, 0x0000000622800000, 0x0000000622c00000|  0%| F|  |TAMS 0x0000000622800000, 0x0000000622800000| Untracked 
|  77|0x0000000622c00000, 0x0000000622c00000, 0x0000000623000000|  0%| F|  |TAMS 0x0000000622c00000, 0x0000000622c00000| Untracked 
|  78|0x0000000623000000, 0x0000000623000000, 0x0000000623400000|  0%| F|  |TAMS 0x0000000623000000, 0x0000000623000000| Untracked 
|  79|0x0000000623400000, 0x0000000623400000, 0x0000000623800000|  0%| F|  |TAMS 0x0000000623400000, 0x0000000623400000| Untracked 
|  80|0x0000000623800000, 0x0000000623800000, 0x0000000623c00000|  0%| F|  |TAMS 0x0000000623800000, 0x0000000623800000| Untracked 
|  81|0x0000000623c00000, 0x0000000623c00000, 0x0000000624000000|  0%| F|  |TAMS 0x0000000623c00000, 0x0000000623c00000| Untracked 
|  82|0x0000000624000000, 0x0000000624000000, 0x0000000624400000|  0%| F|  |TAMS 0x0000000624000000, 0x0000000624000000| Untracked 
|  83|0x0000000624400000, 0x0000000624400000, 0x0000000624800000|  0%| F|  |TAMS 0x0000000624400000, 0x0000000624400000| Untracked 
|  84|0x0000000624800000, 0x0000000624800000, 0x0000000624c00000|  0%| F|  |TAMS 0x0000000624800000, 0x0000000624800000| Untracked 
|  85|0x0000000624c00000, 0x0000000624c00000, 0x0000000625000000|  0%| F|  |TAMS 0x0000000624c00000, 0x0000000624c00000| Untracked 
|  86|0x0000000625000000, 0x0000000625000000, 0x0000000625400000|  0%| F|  |TAMS 0x0000000625000000, 0x0000000625000000| Untracked 
|  87|0x0000000625400000, 0x0000000625400000, 0x0000000625800000|  0%| F|  |TAMS 0x0000000625400000, 0x0000000625400000| Untracked 
|  88|0x0000000625800000, 0x0000000625800000, 0x0000000625c00000|  0%| F|  |TAMS 0x0000000625800000, 0x0000000625800000| Untracked 
|  89|0x0000000625c00000, 0x0000000625c00000, 0x0000000626000000|  0%| F|  |TAMS 0x0000000625c00000, 0x0000000625c00000| Untracked 
|  90|0x0000000626000000, 0x0000000626000000, 0x0000000626400000|  0%| F|  |TAMS 0x0000000626000000, 0x0000000626000000| Untracked 
|  91|0x0000000626400000, 0x0000000626400000, 0x0000000626800000|  0%| F|  |TAMS 0x0000000626400000, 0x0000000626400000| Untracked 
|  92|0x0000000626800000, 0x0000000626800000, 0x0000000626c00000|  0%| F|  |TAMS 0x0000000626800000, 0x0000000626800000| Untracked 
|  93|0x0000000626c00000, 0x0000000626c00000, 0x0000000627000000|  0%| F|  |TAMS 0x0000000626c00000, 0x0000000626c00000| Untracked 
|  94|0x0000000627000000, 0x0000000627000000, 0x0000000627400000|  0%| F|  |TAMS 0x0000000627000000, 0x0000000627000000| Untracked 
|  95|0x0000000627400000, 0x0000000627400000, 0x0000000627800000|  0%| F|  |TAMS 0x0000000627400000, 0x0000000627400000| Untracked 
|  96|0x0000000627800000, 0x0000000627800000, 0x0000000627c00000|  0%| F|  |TAMS 0x0000000627800000, 0x0000000627800000| Untracked 
|  97|0x0000000627c00000, 0x0000000627c00000, 0x0000000628000000|  0%| F|  |TAMS 0x0000000627c00000, 0x0000000627c00000| Untracked 
|  98|0x0000000628000000, 0x0000000628000000, 0x0000000628400000|  0%| F|  |TAMS 0x0000000628000000, 0x0000000628000000| Untracked 
|  99|0x0000000628400000, 0x0000000628400000, 0x0000000628800000|  0%| F|  |TAMS 0x0000000628400000, 0x0000000628400000| Untracked 
| 100|0x0000000628800000, 0x0000000628800000, 0x0000000628c00000|  0%| F|  |TAMS 0x0000000628800000, 0x0000000628800000| Untracked 
| 101|0x0000000628c00000, 0x0000000628c00000, 0x0000000629000000|  0%| F|  |TAMS 0x0000000628c00000, 0x0000000628c00000| Untracked 
| 102|0x0000000629000000, 0x0000000629000000, 0x0000000629400000|  0%| F|  |TAMS 0x0000000629000000, 0x0000000629000000| Untracked 
| 103|0x0000000629400000, 0x0000000629400000, 0x0000000629800000|  0%| F|  |TAMS 0x0000000629400000, 0x0000000629400000| Untracked 
| 104|0x0000000629800000, 0x0000000629800000, 0x0000000629c00000|  0%| F|  |TAMS 0x0000000629800000, 0x0000000629800000| Untracked 
| 105|0x0000000629c00000, 0x0000000629c00000, 0x000000062a000000|  0%| F|  |TAMS 0x0000000629c00000, 0x0000000629c00000| Untracked 
| 106|0x000000062a000000, 0x000000062a000000, 0x000000062a400000|  0%| F|  |TAMS 0x000000062a000000, 0x000000062a000000| Untracked 
| 107|0x000000062a400000, 0x000000062a400000, 0x000000062a800000|  0%| F|  |TAMS 0x000000062a400000, 0x000000062a400000| Untracked 
| 108|0x000000062a800000, 0x000000062a800000, 0x000000062ac00000|  0%| F|  |TAMS 0x000000062a800000, 0x000000062a800000| Untracked 
| 109|0x000000062ac00000, 0x000000062ac00000, 0x000000062b000000|  0%| F|  |TAMS 0x000000062ac00000, 0x000000062ac00000| Untracked 
| 110|0x000000062b000000, 0x000000062b000000, 0x000000062b400000|  0%| F|  |TAMS 0x000000062b000000, 0x000000062b000000| Untracked 
| 111|0x000000062b400000, 0x000000062b400000, 0x000000062b800000|  0%| F|  |TAMS 0x000000062b400000, 0x000000062b400000| Untracked 
| 112|0x000000062b800000, 0x000000062b800000, 0x000000062bc00000|  0%| F|  |TAMS 0x000000062b800000, 0x000000062b800000| Untracked 
| 113|0x000000062bc00000, 0x000000062bc00000, 0x000000062c000000|  0%| F|  |TAMS 0x000000062bc00000, 0x000000062bc00000| Untracked 
| 114|0x000000062c000000, 0x000000062c000000, 0x000000062c400000|  0%| F|  |TAMS 0x000000062c000000, 0x000000062c000000| Untracked 
| 115|0x000000062c400000, 0x000000062c400000, 0x000000062c800000|  0%| F|  |TAMS 0x000000062c400000, 0x000000062c400000| Untracked 
| 116|0x000000062c800000, 0x000000062c800000, 0x000000062cc00000|  0%| F|  |TAMS 0x000000062c800000, 0x000000062c800000| Untracked 
| 117|0x000000062cc00000, 0x000000062cc00000, 0x000000062d000000|  0%| F|  |TAMS 0x000000062cc00000, 0x000000062cc00000| Untracked 
| 118|0x000000062d000000, 0x000000062d400000, 0x000000062d400000|100%| S|CS|TAMS 0x000000062d000000, 0x000000062d000000| Complete 
| 119|0x000000062d400000, 0x000000062d400000, 0x000000062d800000|  0%| F|  |TAMS 0x000000062d400000, 0x000000062d400000| Untracked 
| 120|0x000000062d800000, 0x000000062d800000, 0x000000062dc00000|  0%| F|  |TAMS 0x000000062d800000, 0x000000062d800000| Untracked 
| 121|0x000000062dc00000, 0x000000062dc00000, 0x000000062e000000|  0%| F|  |TAMS 0x000000062dc00000, 0x000000062dc00000| Untracked 
| 122|0x000000062e000000, 0x000000062e18c180, 0x000000062e400000| 38%| E|  |TAMS 0x000000062e000000, 0x000000062e000000| Complete 
| 123|0x000000062e400000, 0x000000062e800000, 0x000000062e800000|100%| E|CS|TAMS 0x000000062e400000, 0x000000062e400000| Complete 
| 124|0x000000062e800000, 0x000000062ec00000, 0x000000062ec00000|100%| E|CS|TAMS 0x000000062e800000, 0x000000062e800000| Complete 
|1984|0x00000007ff800000, 0x00000007ffb75000, 0x00000007ffc00000| 86%|OA|  |TAMS 0x00000007ff800000, 0x00000007ff800000| Untracked 
|1985|0x00000007ffc00000, 0x00000007ffc78000, 0x0000000800000000| 11%|CA|  |TAMS 0x00000007ffc00000, 0x00000007ffc00000| Untracked 

Card table byte_map: [0x00007ce1bb4f8000,0x00007ce1bc47c000] _byte_map_base: 0x00007ce1b847c000

Marking Bits (Prev, Next): (CMBitMap*) 0x00007ce1d4047a30, (CMBitMap*) 0x00007ce1d4047a70
 Prev Bits: [0x00007ce1b2954000, 0x00007ce1ba574000)
 Next Bits: [0x00007ce1aad34000, 0x00007ce1b2954000)

Polling page: 0x00007ce1db28a000

Metaspace:

Usage:
  Non-class:      6,65 MB used.
      Class:   1002,89 KB used.
       Both:      7,63 MB used.

Virtual space:
  Non-class space:       64,00 MB reserved,       6,81 MB ( 11%) committed,  1 nodes.
      Class space:        1,00 GB reserved,       1,12 MB ( <1%) committed,  1 nodes.
             Both:        1,06 GB reserved,       7,94 MB ( <1%) committed. 

Chunk freelists:
   Non-Class:  8,48 MB
       Class:  14,73 MB
        Both:  23,22 MB

MaxMetaspaceSize: unlimited
CompressedClassSpaceSize: 1,00 GB
Initial GC threshold: 21,00 MB
Current GC threshold: 21,00 MB
CDS: on
MetaspaceReclaimPolicy: balanced
 - commit_granule_bytes: 65536.
 - commit_granule_words: 8192.
 - virtual_space_node_default_size: 8388608.
 - enlarge_chunks_in_place: 1.
 - new_chunks_are_fully_committed: 0.
 - uncommit_free_chunks: 1.
 - use_allocation_guard: 0.
 - handle_deallocations: 1.


Internal statistics:

num_allocs_failed_limit: 0.
num_arena_births: 238.
num_arena_deaths: 0.
num_vsnodes_births: 2.
num_vsnodes_deaths: 0.
num_space_committed: 127.
num_space_uncommitted: 0.
num_chunks_returned_to_freelist: 0.
num_chunks_taken_from_freelist: 508.
num_chunk_merges: 0.
num_chunk_splits: 296.
num_chunks_enlarged: 185.
num_inconsistent_stats: 0.

CodeHeap 'non-profiled nmethods': size=120028Kb used=626Kb max_used=626Kb free=119401Kb
 bounds [0x00007ce1c4ec9000, 0x00007ce1c5139000, 0x00007ce1cc400000]
CodeHeap 'profiled nmethods': size=120028Kb used=2963Kb max_used=2963Kb free=117064Kb
 bounds [0x00007ce1bd400000, 0x00007ce1bd6f0000, 0x00007ce1c4937000]
CodeHeap 'non-nmethods': size=5704Kb used=1145Kb max_used=1219Kb free=4558Kb
 bounds [0x00007ce1c4937000, 0x00007ce1c4ba7000, 0x00007ce1c4ec9000]
 total_blobs=1960 nmethods=1522 adapters=352
 compilation: enabled
              stopped_count=0, restarted_count=0
 full_count=0

Compilation events (20 events):
Event: 0,622 Thread 0x00007ce1d4157200 nmethod 1492 0x00007ce1bd6c3d10 code [0x00007ce1bd6c3ec0, 0x00007ce1bd6c40a0]
Event: 0,622 Thread 0x00007ce1d4157200 1493       3       java.lang.invoke.MethodHandles$Lookup::findConstructor (61 bytes)
Event: 0,622 Thread 0x00007ce1d4157200 nmethod 1493 0x00007ce1bd6c4190 code [0x00007ce1bd6c4400, 0x00007ce1bd6c4bf0]
Event: 0,622 Thread 0x00007ce1d4157200 1494       3       java.lang.invoke.MethodHandles$Lookup::getDirectConstructor (10 bytes)
Event: 0,622 Thread 0x00007ce1d4157200 nmethod 1494 0x00007ce1bd6c4f10 code [0x00007ce1bd6c50c0, 0x00007ce1bd6c5200]
Event: 0,622 Thread 0x00007ce1d4157200 1495       3       java.lang.invoke.DirectMethodHandle$Constructor::viewAsType (49 bytes)
Event: 0,622 Thread 0x00007ce1d4157200 nmethod 1495 0x00007ce1bd6c5290 code [0x00007ce1bd6c5440, 0x00007ce1bd6c5640]
Event: 0,622 Thread 0x00007ce1d4157200 1496       3       java.lang.Class::getDeclaredAnnotations (11 bytes)
Event: 0,622 Thread 0x00007ce1d4157200 nmethod 1496 0x00007ce1bd6c5710 code [0x00007ce1bd6c5900, 0x00007ce1bd6c5d40]
Event: 0,623 Thread 0x00007ce1282d9aa0 nmethod 1478 0x00007ce1c4f57290 code [0x00007ce1c4f57460, 0x00007ce1c4f58128]
Event: 0,623 Thread 0x00007ce1d4157200 1497       3       java.util.stream.Sink$ChainedReference::cancellationRequested (10 bytes)
Event: 0,623 Thread 0x00007ce1282d9aa0 1481       4       java.lang.invoke.MethodType$ConcurrentWeakInternSet::get (47 bytes)
Event: 0,623 Thread 0x00007ce1d4157200 nmethod 1497 0x00007ce1bd6c5e90 code [0x00007ce1bd6c6040, 0x00007ce1bd6c6220]
Event: 0,626 Thread 0x00007ce1282d9aa0 nmethod 1481 0x00007ce1c4f58690 code [0x00007ce1c4f58840, 0x00007ce1c4f58c48]
Event: 0,627 Thread 0x00007ce1282d9aa0 1499       4       jdk.internal.org.objectweb.asm.MethodWriter::visitCode (1 bytes)
Event: 0,627 Thread 0x00007ce1282d9aa0 nmethod 1499 0x00007ce1c4f58f90 code [0x00007ce1c4f59100, 0x00007ce1c4f59178]
Event: 0,627 Thread 0x00007ce1282d9aa0 1500       4       sun.reflect.generics.parser.SignatureParser::skipIdentifier (67 bytes)
Event: 0,628 Thread 0x00007ce1d4157200 1501       3       java.lang.invoke.Invokers::callSiteForm (308 bytes)
Event: 0,629 Thread 0x00007ce1d4157200 nmethod 1501 0x00007ce1bd6c6310 code [0x00007ce1bd6c6640, 0x00007ce1bd6c7d00]
Event: 0,629 Thread 0x00007ce1d4157200 1503       3       java.util.concurrent.ConcurrentHashMap::get (162 bytes)

GC Heap History (2 events):
Event: 0,494 GC heap before
{Heap before GC invocations=0 (full 0):
 garbage-first heap   total 520192K, used 24500K [0x000000060f800000, 0x0000000800000000)
  region size 4096K, 6 young (24576K), 0 survivors (0K)
 Metaspace       used 5749K, committed 5888K, reserved 1114112K
  class space    used 666K, committed 704K, reserved 1048576K
}
Event: 0,495 GC heap after
{Heap after GC invocations=1 (full 0):
 garbage-first heap   total 520192K, used 9247K [0x000000060f800000, 0x0000000800000000)
  region size 4096K, 1 young (4096K), 1 survivors (4096K)
 Metaspace       used 5749K, committed 5888K, reserved 1114112K
  class space    used 666K, committed 704K, reserved 1048576K
}

Dll operation events (7 events):
Event: 0,001 Loaded shared library /usr/lib/jvm/java-17-openjdk-amd64/lib/libjava.so
Event: 0,010 Loaded shared library /usr/lib/jvm/java-17-openjdk-amd64/lib/libjsvml.so
Event: 0,016 Loaded shared library /usr/lib/jvm/java-17-openjdk-amd64/lib/libnio.so
Event: 0,017 Loaded shared library /usr/lib/jvm/java-17-openjdk-amd64/lib/libzip.so
Event: 0,041 Loaded shared library /usr/lib/jvm/java-17-openjdk-amd64/lib/libmanagement.so
Event: 0,043 Loaded shared library /usr/lib/jvm/java-17-openjdk-amd64/lib/libmanagement_ext.so
Event: 0,051 Loaded shared library /usr/lib/jvm/java-17-openjdk-amd64/lib/libjimage.so

Deoptimization events (20 events):
Event: 0,417 Thread 0x00007ce1d40185c0 Uncommon trap: trap_request=0xffffffde fr.pc=0x00007ce1c4f1ff30 relative=0x0000000000001470
Event: 0,417 Thread 0x00007ce1d40185c0 Uncommon trap: reason=class_check action=maybe_recompile pc=0x00007ce1c4f1ff30 method=java.util.HashMap.putVal(ILjava/lang/Object;Ljava/lang/Object;ZZ)Ljava/lang/Object; @ 253 c2
Event: 0,417 Thread 0x00007ce1d40185c0 DEOPT PACKING pc=0x00007ce1c4f1ff30 sp=0x00007ce1d97fcf00
Event: 0,417 Thread 0x00007ce1d40185c0 DEOPT UNPACKING pc=0x00007ce1c498d699 sp=0x00007ce1d97fce48 mode 2
Event: 0,476 Thread 0x00007ce1d40185c0 DEOPT PACKING pc=0x00007ce1bd4b67e8 sp=0x00007ce1d97fae50
Event: 0,476 Thread 0x00007ce1d40185c0 DEOPT UNPACKING pc=0x00007ce1c498de2f sp=0x00007ce1d97fa310 mode 0
Event: 0,477 Thread 0x00007ce1d40185c0 DEOPT PACKING pc=0x00007ce1bd4877b8 sp=0x00007ce1d97fb910
Event: 0,477 Thread 0x00007ce1d40185c0 DEOPT UNPACKING pc=0x00007ce1c498de2f sp=0x00007ce1d97fae48 mode 0
Event: 0,499 Thread 0x00007ce1d40185c0 Uncommon trap: trap_request=0xffffffde fr.pc=0x00007ce1c4f25710 relative=0x0000000000001650
Event: 0,499 Thread 0x00007ce1d40185c0 Uncommon trap: reason=class_check action=maybe_recompile pc=0x00007ce1c4f25710 method=java.util.HashMap.putVal(ILjava/lang/Object;Ljava/lang/Object;ZZ)Ljava/lang/Object; @ 91 c2
Event: 0,499 Thread 0x00007ce1d40185c0 DEOPT PACKING pc=0x00007ce1c4f25710 sp=0x00007ce1d97fc510
Event: 0,499 Thread 0x00007ce1d40185c0 DEOPT UNPACKING pc=0x00007ce1c498d699 sp=0x00007ce1d97fc4c0 mode 2
Event: 0,499 Thread 0x00007ce1d40185c0 Uncommon trap: trap_request=0xffffffde fr.pc=0x00007ce1c4f25710 relative=0x0000000000001650
Event: 0,499 Thread 0x00007ce1d40185c0 Uncommon trap: reason=class_check action=maybe_recompile pc=0x00007ce1c4f25710 method=java.util.HashMap.putVal(ILjava/lang/Object;Ljava/lang/Object;ZZ)Ljava/lang/Object; @ 91 c2
Event: 0,499 Thread 0x00007ce1d40185c0 DEOPT PACKING pc=0x00007ce1c4f25710 sp=0x00007ce1d97fc510
Event: 0,499 Thread 0x00007ce1d40185c0 DEOPT UNPACKING pc=0x00007ce1c498d699 sp=0x00007ce1d97fc4c0 mode 2
Event: 0,625 Thread 0x00007ce1d40185c0 Uncommon trap: trap_request=0xffffff45 fr.pc=0x00007ce1c4f2fb30 relative=0x0000000000000290
Event: 0,625 Thread 0x00007ce1d40185c0 Uncommon trap: reason=unstable_if action=reinterpret pc=0x00007ce1c4f2fb30 method=java.util.concurrent.ConcurrentHashMap.get(Ljava/lang/Object;)Ljava/lang/Object; @ 86 c2
Event: 0,625 Thread 0x00007ce1d40185c0 DEOPT PACKING pc=0x00007ce1c4f2fb30 sp=0x00007ce1d97fbdc0
Event: 0,625 Thread 0x00007ce1d40185c0 DEOPT UNPACKING pc=0x00007ce1c498d699 sp=0x00007ce1d97fbd58 mode 2

Classes loaded (20 events):
Event: 0,611 Loading class java/lang/invoke/VarHandleLongs$Array
Event: 0,611 Loading class java/lang/invoke/VarHandleLongs$Array done
Event: 0,611 Loading class java/util/concurrent/atomic/AtomicReferenceArray
Event: 0,611 Loading class java/util/concurrent/atomic/AtomicReferenceArray done
Event: 0,617 Loading class java/util/stream/SortedOps
Event: 0,617 Loading class java/util/stream/SortedOps done
Event: 0,617 Loading class java/util/stream/SortedOps$OfRef
Event: 0,617 Loading class java/util/stream/SortedOps$OfRef done
Event: 0,617 Loading class java/util/stream/SortedOps$RefSortingSink
Event: 0,617 Loading class java/util/stream/SortedOps$AbstractRefSortingSink
Event: 0,617 Loading class java/util/stream/SortedOps$AbstractRefSortingSink done
Event: 0,617 Loading class java/util/stream/SortedOps$RefSortingSink done
Event: 0,623 Loading class java/net/URLDecoder
Event: 0,623 Loading class java/net/URLDecoder done
Event: 0,625 Loading class java/lang/invoke/DirectMethodHandle$Special
Event: 0,625 Loading class java/lang/invoke/DirectMethodHandle$Special done
Event: 0,626 Loading class java/lang/StrictMath
Event: 0,626 Loading class java/lang/StrictMath done
Event: 0,626 Loading class java/nio/StringCharBuffer
Event: 0,626 Loading class java/nio/StringCharBuffer done

Classes unloaded (0 events):
No events

Classes redefined (0 events):
No events

Internal exceptions (20 events):
Event: 0,512 Thread 0x00007ce1d40185c0 Exception <a 'java/lang/NoSuchMethodError'{0x000000062e92b038}: 'int java.lang.invoke.DirectMethodHandle$Holder.invokeStaticInit(java.lang.Object, long, long)'> (0x000000062e92b038) 
thrown [./src/hotspot/share/interpreter/linkResolver.cpp, line 758]
Event: 0,513 Thread 0x00007ce1d40185c0 Exception <a 'java/lang/NoSuchMethodError'{0x000000062e932130}: 'int java.lang.invoke.DirectMethodHandle$Holder.invokeStaticInit(java.lang.Object, float, float)'> (0x000000062e932130) 
thrown [./src/hotspot/share/interpreter/linkResolver.cpp, line 758]
Event: 0,513 Thread 0x00007ce1d40185c0 Exception <a 'java/lang/NoSuchMethodError'{0x000000062e939230}: 'int java.lang.invoke.DirectMethodHandle$Holder.invokeStaticInit(java.lang.Object, double, double)'> (0x000000062e939230) 
thrown [./src/hotspot/share/interpreter/linkResolver.cpp, line 758]
Event: 0,513 Thread 0x00007ce1d40185c0 Exception <a 'java/lang/NoSuchMethodError'{0x000000062e93dae0}: 'int java.lang.invoke.DirectMethodHandle$Holder.invokeStatic(java.lang.Object, long)'> (0x000000062e93dae0) 
thrown [./src/hotspot/share/interpreter/linkResolver.cpp, line 758]
Event: 0,515 Thread 0x00007ce1d40185c0 Exception <a 'java/lang/NoSuchMethodError'{0x000000062e962440}: 'int java.lang.invoke.Invokers$Holder.linkToTargetMethod(java.lang.Object, java.lang.Object)'> (0x000000062e962440) 
thrown [./src/hotspot/share/interpreter/linkResolver.cpp, line 758]
Event: 0,519 Thread 0x00007ce1d40185c0 Exception <a 'java/lang/NoSuchMethodError'{0x000000062e9d15d8}: 'void java.lang.invoke.DirectMethodHandle$Holder.invokeInterface(java.lang.Object, java.lang.Object, java.lang.Object, java.lang.Object, java.lang.Object)'> (0x000000062e9d15d8) 
thrown [./src/hotspot/share/interpreter/linkResolver.cpp, line 758]
Event: 0,519 Thread 0x00007ce1d40185c0 Exception <a 'java/lang/IncompatibleClassChangeError'{0x000000062e9d5550}: Found class java.lang.Object, but interface was expected> (0x000000062e9d5550) 
thrown [./src/hotspot/share/interpreter/linkResolver.cpp, line 826]
Event: 0,524 Thread 0x00007ce1d40185c0 Exception <a 'java/lang/IncompatibleClassChangeError'{0x000000062ea26fc0}: Found class java.lang.Object, but interface was expected> (0x000000062ea26fc0) 
thrown [./src/hotspot/share/interpreter/linkResolver.cpp, line 826]
Event: 0,533 Thread 0x00007ce1d40185c0 Exception <a 'java/lang/IncompatibleClassChangeError'{0x000000062eb19aa0}: Found class java.lang.Object, but interface was expected> (0x000000062eb19aa0) 
thrown [./src/hotspot/share/interpreter/linkResolver.cpp, line 826]
Event: 0,533 Thread 0x00007ce1d40185c0 Exception <a 'java/lang/NoSuchMethodError'{0x000000062eb24770}: 'void java.lang.invoke.DirectMethodHandle$Holder.invokeSpecial(java.lang.Object, java.lang.Object, java.lang.Object, java.lang.Object, java.lang.Object)'> (0x000000062eb24770) 
thrown [./src/hotspot/share/interpreter/linkResolver.cpp, line 758]
Event: 0,534 Thread 0x00007ce1d40185c0 Exception <a 'java/lang/NoSuchMethodError'{0x000000062eb32920}: 'void java.lang.invoke.DirectMethodHandle$Holder.invokeInterface(java.lang.Object, java.lang.Object)'> (0x000000062eb32920) 
thrown [./src/hotspot/share/interpreter/linkResolver.cpp, line 758]
Event: 0,534 Thread 0x00007ce1d40185c0 Exception <a 'java/lang/IncompatibleClassChangeError'{0x000000062eb35eb0}: Found class java.lang.Object, but interface was expected> (0x000000062eb35eb0) 
thrown [./src/hotspot/share/interpreter/linkResolver.cpp, line 826]
Event: 0,543 Thread 0x00007ce1d40185c0 Exception <a 'java/lang/NoSuchMethodError'{0x000000062ebca9d8}: 'void java.lang.invoke.DirectMethodHandle$Holder.invokeInterface(java.lang.Object, java.lang.Object, java.lang.Object, java.lang.Object)'> (0x000000062ebca9d8) 
thrown [./src/hotspot/share/interpreter/linkResolver.cpp, line 758]
Event: 0,543 Thread 0x00007ce1d40185c0 Exception <a 'java/lang/IncompatibleClassChangeError'{0x000000062ebce348}: Found class java.lang.Object, but interface was expected> (0x000000062ebce348) 
thrown [./src/hotspot/share/interpreter/linkResolver.cpp, line 826]
Event: 0,545 Thread 0x00007ce1d40185c0 Exception <a 'java/lang/ClassNotFoundException'{0x000000062e402eb0}: jdk/jfr/internal/handlers/EventHandler2710_1767207829913-10078> (0x000000062e402eb0) 
thrown [./src/hotspot/share/classfile/systemDictionary.cpp, line 256]
Event: 0,551 Thread 0x00007ce1d40185c0 Exception <a 'java/lang/NoSuchMethodError'{0x000000062e4a4630}: 'int java.lang.invoke.DirectMethodHandle$Holder.invokeStatic(java.lang.Object, java.lang.Object, java.lang.Object, java.lang.Object, java.lang.Object)'> (0x000000062e4a4630) 
thrown [./src/hotspot/share/interpreter/linkResolver.cpp, line 758]
Event: 0,577 Thread 0x00007ce1d40185c0 Exception <a 'java/lang/ClassNotFoundException'{0x000000062e636b18}: jdk/jfr/internal/handlers/EventHandler2834_1767207829913-10078> (0x000000062e636b18) 
thrown [./src/hotspot/share/classfile/systemDictionary.cpp, line 256]
Event: 0,581 Thread 0x00007ce1d40185c0 Exception <a 'java/lang/NoSuchMethodError'{0x000000062e682688}: 'java.lang.Object java.lang.invoke.DirectMethodHandle$Holder.invokeSpecial(java.lang.Object, java.lang.Object, java.lang.Object, int, java.lang.Object)'> (0x000000062e682688) 
thrown [./src/hotspot/share/interpreter/linkResolver.cpp, line 758]
Event: 0,583 Thread 0x00007ce1d40185c0 Exception <a 'java/lang/NoSuchMethodError'{0x000000062e6b60e8}: 'java.lang.Object java.lang.invoke.DirectMethodHandle$Holder.invokeSpecial(java.lang.Object, java.lang.Object, int, java.lang.Object, int)'> (0x000000062e6b60e8) 
thrown [./src/hotspot/share/interpreter/linkResolver.cpp, line 758]
Event: 0,623 Thread 0x00007ce1d40185c0 Exception <a 'java/lang/NoSuchMethodError'{0x000000062e056388}: 'java.lang.Object java.lang.invoke.DirectMethodHandle$Holder.newInvokeSpecial(java.lang.Object, java.lang.Object, int)'> (0x000000062e056388) 
thrown [./src/hotspot/share/interpreter/linkResolver.cpp, line 758]

VM Operations (18 events):
Event: 0,120 Executing VM operation: HandshakeAllThreads
Event: 0,120 Executing VM operation: HandshakeAllThreads done
Event: 0,133 Executing VM operation: HandshakeAllThreads
Event: 0,134 Executing VM operation: HandshakeAllThreads done
Event: 0,258 Executing VM operation: HandshakeAllThreads
Event: 0,258 Executing VM operation: HandshakeAllThreads done
Event: 0,270 Executing VM operation: HandshakeAllThreads
Event: 0,270 Executing VM operation: HandshakeAllThreads done
Event: 0,338 Executing VM operation: HandshakeAllThreads
Event: 0,338 Executing VM operation: HandshakeAllThreads done
Event: 0,380 Executing VM operation: ICBufferFull
Event: 0,380 Executing VM operation: ICBufferFull done
Event: 0,493 Executing VM operation: G1CollectForAllocation
Event: 0,495 Executing VM operation: G1CollectForAllocation done
Event: 0,508 Executing VM operation: HandshakeAllThreads
Event: 0,508 Executing VM operation: HandshakeAllThreads done
Event: 0,614 Executing VM operation: HandshakeAllThreads
Event: 0,614 Executing VM operation: HandshakeAllThreads done

Memory protections (15 events):
Event: 0,001 Protecting memory [0x00007ce1d9700000,0x00007ce1d9704000] with protection modes 0
Event: 0,011 Protecting memory [0x00007ce1a860f000,0x00007ce1a8613000] with protection modes 0
Event: 0,011 Protecting memory [0x00007ce1a850f000,0x00007ce1a8513000] with protection modes 0
Event: 0,013 Protecting memory [0x00007ce1a840f000,0x00007ce1a8413000] with protection modes 0
Event: 0,013 Protecting memory [0x00007ce1a830f000,0x00007ce1a8313000] with protection modes 0
Event: 0,013 Protecting memory [0x00007ce1a820f000,0x00007ce1a8213000] with protection modes 0
Event: 0,013 Protecting memory [0x00007ce1a810f000,0x00007ce1a8113000] with protection modes 0
Event: 0,013 Protecting memory [0x00007ce1a800f000,0x00007ce1a8013000] with protection modes 0
Event: 0,013 Protecting memory [0x00007ce14e900000,0x00007ce14e904000] with protection modes 0
Event: 0,014 Protecting memory [0x00007ce14e800000,0x00007ce14e804000] with protection modes 0
Event: 0,015 Protecting memory [0x00007ce14e5ff000,0x00007ce14e603000] with protection modes 0
Event: 0,061 Protecting memory [0x00007ce14e4ff000,0x00007ce14e503000] with protection modes 0
Event: 0,129 Protecting memory [0x00007ce14e3ff000,0x00007ce14e403000] with protection modes 0
Event: 0,137 Protecting memory [0x00007ce14e2ff000,0x00007ce14e303000] with protection modes 0
Event: 0,277 Protecting memory [0x00007ce14e1ff000,0x00007ce14e203000] with protection modes 0

Nmethod flushes (0 events):
No events

Events (15 events):
Event: 0,010 Thread 0x00007ce1d40185c0 Thread added: 0x00007ce1d40185c0
Event: 0,011 Thread 0x00007ce1d40185c0 Thread added: 0x00007ce1d4149cd0
Event: 0,011 Thread 0x00007ce1d40185c0 Thread added: 0x00007ce1d414b0b0
Event: 0,013 Thread 0x00007ce1d40185c0 Thread added: 0x00007ce1d4151b60
Event: 0,013 Thread 0x00007ce1d40185c0 Thread added: 0x00007ce1d4152f10
Event: 0,013 Thread 0x00007ce1d40185c0 Thread added: 0x00007ce1d4154320
Event: 0,013 Thread 0x00007ce1d40185c0 Thread added: 0x00007ce1d4155cd0
Event: 0,013 Thread 0x00007ce1d40185c0 Thread added: 0x00007ce1d4157200
Event: 0,013 Thread 0x00007ce1d40185c0 Thread added: 0x00007ce1d4160660
Event: 0,014 Thread 0x00007ce1d40185c0 Thread added: 0x00007ce1d4168720
Event: 0,015 Thread 0x00007ce1d40185c0 Thread added: 0x00007ce1d416b750
Event: 0,061 Thread 0x00007ce1d4155cd0 Thread added: 0x00007ce134075f40
Event: 0,129 Thread 0x00007ce1d40185c0 Thread added: 0x00007ce1d44fef20
Event: 0,137 Thread 0x00007ce1d40185c0 Thread added: 0x00007ce1d450eec0
Event: 0,277 Thread 0x00007ce1d4157200 Thread added: 0x00007ce1282d9aa0


Dynamic libraries:
60f800000-62ec00000 rw-p 00000000 00:00 0 
62ec00000-7ff800000 ---p 00000000 00:00 0 
7ff800000-7ffb00000 rw-p 00000000 00:00 0 
7ffb00000-7ffb75000 rw-p 00c7a000 08:06 17957031                         /usr/lib/jvm/java-17-openjdk-amd64/lib/server/classes.jsa
7ffb75000-7ffc00000 rw-p 00000000 00:00 0 
7ffc00000-7ffc78000 rw-p 00c02000 08:06 17957031                         /usr/lib/jvm/java-17-openjdk-amd64/lib/server/classes.jsa
7ffc78000-800000000 rw-p 00000000 00:00 0 
56a26bed3000-56a26bed4000 r--p 00000000 08:06 17956937                   /usr/lib/jvm/java-17-openjdk-amd64/bin/java
56a26bed4000-56a26bed5000 r-xp 00001000 08:06 17956937                   /usr/lib/jvm/java-17-openjdk-amd64/bin/java
56a26bed5000-56a26bed6000 r--p 00002000 08:06 17956937                   /usr/lib/jvm/java-17-openjdk-amd64/bin/java
56a26bed6000-56a26bed7000 r--p 00002000 08:06 17956937                   /usr/lib/jvm/java-17-openjdk-amd64/bin/java
56a26bed7000-56a26bed8000 rw-p 00003000 08:06 17956937                   /usr/lib/jvm/java-17-openjdk-amd64/bin/java
56a275d76000-56a275dbd000 rw-p 00000000 00:00 0                          [heap]
7ce0e8000000-7ce0e8021000 rw-p 00000000 00:00 0 
7ce0e8021000-7ce0ec000000 ---p 00000000 00:00 0 
7ce0ec000000-7ce0ec021000 rw-p 00000000 00:00 0 
7ce0ec021000-7ce0f0000000 ---p 00000000 00:00 0 
7ce0f0000000-7ce0f0021000 rw-p 00000000 00:00 0 
7ce0f0021000-7ce0f4000000 ---p 00000000 00:00 0 
7ce0f4000000-7ce0f4021000 rw-p 00000000 00:00 0 
7ce0f4021000-7ce0f8000000 ---p 00000000 00:00 0 
7ce0f8000000-7ce0f8021000 rw-p 00000000 00:00 0 
7ce0f8021000-7ce0fc000000 ---p 00000000 00:00 0 
7ce0fc000000-7ce0fc021000 rw-p 00000000 00:00 0 
7ce0fc021000-7ce100000000 ---p 00000000 00:00 0 
7ce100000000-7ce100021000 rw-p 00000000 00:00 0 
7ce100021000-7ce104000000 ---p 00000000 00:00 0 
7ce104000000-7ce104021000 rw-p 00000000 00:00 0 
7ce104021000-7ce108000000 ---p 00000000 00:00 0 
7ce108000000-7ce108719000 rw-p 00000000 00:00 0 
7ce108719000-7ce10c000000 ---p 00000000 00:00 0 
7ce10c000000-7ce10c021000 rw-p 00000000 00:00 0 
7ce10c021000-7ce110000000 ---p 00000000 00:00 0 
7ce110000000-7ce110021000 rw-p 00000000 00:00 0 
7ce110021000-7ce114000000 ---p 00000000 00:00 0 
7ce114000000-7ce114021000 rw-p 00000000 00:00 0 
7ce114021000-7ce118000000 ---p 00000000 00:00 0 
7ce118000000-7ce118021000 rw-p 00000000 00:00 0 
7ce118021000-7ce11c000000 ---p 00000000 00:00 0 
7ce11c000000-7ce11d017000 rw-p 00000000 00:00 0 
7ce11d017000-7ce120000000 ---p 00000000 00:00 0 
7ce120000000-7ce120021000 rw-p 00000000 00:00 0 
7ce120021000-7ce124000000 ---p 00000000 00:00 0 
7ce124000000-7ce124021000 rw-p 00000000 00:00 0 
7ce124021000-7ce128000000 ---p 00000000 00:00 0 
7ce128000000-7ce12862b000 rw-p 00000000 00:00 0 
7ce12862b000-7ce12c000000 ---p 00000000 00:00 0 
7ce12c000000-7ce12c021000 rw-p 00000000 00:00 0 
7ce12c021000-7ce130000000 ---p 00000000 00:00 0 
7ce130000000-7ce130021000 rw-p 00000000 00:00 0 
7ce130021000-7ce134000000 ---p 00000000 00:00 0 
7ce134000000-7ce134d64000 rw-p 00000000 00:00 0 
7ce134d64000-7ce138000000 ---p 00000000 00:00 0 
7ce138000000-7ce138021000 rw-p 00000000 00:00 0 
7ce138021000-7ce13c000000 ---p 00000000 00:00 0 
7ce13c000000-7ce13c021000 rw-p 00000000 00:00 0 
7ce13c021000-7ce140000000 ---p 00000000 00:00 0 
7ce140000000-7ce140021000 rw-p 00000000 00:00 0 
7ce140021000-7ce144000000 ---p 00000000 00:00 0 
7ce144000000-7ce144021000 rw-p 00000000 00:00 0 
7ce144021000-7ce148000000 ---p 00000000 00:00 0 
7ce148000000-7ce148021000 rw-p 00000000 00:00 0 
7ce148021000-7ce14c000000 ---p 00000000 00:00 0 
7ce14d319000-7ce14d8f6000 rw-p 00000000 00:00 0 
7ce14d8f6000-7ce14d8f7000 ---p 00000000 00:00 0 
7ce14d8f7000-7ce14d9f7000 rw-p 00000000 00:00 0 
7ce14d9f7000-7ce14d9f8000 ---p 00000000 00:00 0 
7ce14d9f8000-7ce14daf8000 rw-p 00000000 00:00 0 
7ce14daf8000-7ce14daf9000 ---p 00000000 00:00 0 
7ce14daf9000-7ce14dbf9000 rw-p 00000000 00:00 0 
7ce14dbf9000-7ce14dbfa000 ---p 00000000 00:00 0 
7ce14dbfa000-7ce14dcfa000 rw-p 00000000 00:00 0 
7ce14dcfa000-7ce14dcfb000 ---p 00000000 00:00 0 
7ce14dcfb000-7ce14ddfb000 rw-p 00000000 00:00 0 
7ce14ddfb000-7ce14ddfc000 ---p 00000000 00:00 0 
7ce14ddfc000-7ce14defc000 rw-p 00000000 00:00 0 
7ce14defc000-7ce14defd000 ---p 00000000 00:00 0 
7ce14defd000-7ce14dffd000 rw-p 00000000 00:00 0 
7ce14dffd000-7ce14dffe000 ---p 00000000 00:00 0 
7ce14dffe000-7ce14e0fe000 rw-p 00000000 00:00 0 
7ce14e0fe000-7ce14e0ff000 ---p 00000000 00:00 0 
7ce14e0ff000-7ce14e1ff000 rw-p 00000000 00:00 0 
7ce14e1ff000-7ce14e203000 ---p 00000000 00:00 0 
7ce14e203000-7ce14e2ff000 rw-p 00000000 00:00 0 
7ce14e2ff000-7ce14e303000 ---p 00000000 00:00 0 
7ce14e303000-7ce14e3ff000 rw-p 00000000 00:00 0 
7ce14e3ff000-7ce14e403000 ---p 00000000 00:00 0 
7ce14e403000-7ce14e4ff000 rw-p 00000000 00:00 0 
7ce14e4ff000-7ce14e503000 ---p 00000000 00:00 0 
7ce14e503000-7ce14e5ff000 rw-p 00000000 00:00 0 
7ce14e5ff000-7ce14e603000 ---p 00000000 00:00 0 
7ce14e603000-7ce14e6ff000 rw-p 00000000 00:00 0 
7ce14e6ff000-7ce14e700000 ---p 00000000 00:00 0 
7ce14e700000-7ce14e800000 rw-p 00000000 00:00 0 
7ce14e800000-7ce14e804000 ---p 00000000 00:00 0 
7ce14e804000-7ce14e900000 rw-p 00000000 00:00 0 
7ce14e900000-7ce14e904000 ---p 00000000 00:00 0 
7ce14e904000-7ce14ea00000 rw-p 00000000 00:00 0 
7ce14ea00000-7ce14ef74000 r--p 00000000 08:06 17042922                   /usr/lib/locale/locale-archive
7ce14f000000-7ce14f340000 rw-p 00000000 00:00 0 
7ce14f340000-7ce14f400000 ---p 00000000 00:00 0 
7ce14f400000-7ce14f790000 rw-p 00000000 00:00 0 
7ce14f790000-7ce153000000 ---p 00000000 00:00 0 
7ce153000000-7ce153bca000 rw-p 00001000 08:06 17957031                   /usr/lib/jvm/java-17-openjdk-amd64/lib/server/classes.jsa
7ce153bca000-7ce154000000 ---p 00000000 00:00 0 
7ce154000000-7ce154030000 rw-p 00000000 00:00 0 
7ce154030000-7ce1540d0000 rw-p 00000000 00:00 0 
7ce1540d0000-7ce154100000 ---p 00000000 00:00 0 
7ce154100000-7ce154150000 rw-p 00000000 00:00 0 
7ce154150000-7ce194000000 ---p 00000000 00:00 0 
7ce194000000-7ce194021000 rw-p 00000000 00:00 0 
7ce194021000-7ce198000000 ---p 00000000 00:00 0 
7ce198000000-7ce198021000 rw-p 00000000 00:00 0 
7ce198021000-7ce19c000000 ---p 00000000 00:00 0 
7ce19c000000-7ce19c021000 rw-p 00000000 00:00 0 
7ce19c021000-7ce1a0000000 ---p 00000000 00:00 0 
7ce1a0000000-7ce1a0021000 rw-p 00000000 00:00 0 
7ce1a0021000-7ce1a4000000 ---p 00000000 00:00 0 
7ce1a4000000-7ce1a4021000 rw-p 00000000 00:00 0 
7ce1a4021000-7ce1a8000000 ---p 00000000 00:00 0 
7ce1a800f000-7ce1a8013000 ---p 00000000 00:00 0 
7ce1a8013000-7ce1a810f000 rw-p 00000000 00:00 0 
7ce1a810f000-7ce1a8113000 ---p 00000000 00:00 0 
7ce1a8113000-7ce1a820f000 rw-p 00000000 00:00 0 
7ce1a820f000-7ce1a8213000 ---p 00000000 00:00 0 
7ce1a8213000-7ce1a830f000 rw-p 00000000 00:00 0 
7ce1a830f000-7ce1a8313000 ---p 00000000 00:00 0 
7ce1a8313000-7ce1a840f000 rw-p 00000000 00:00 0 
7ce1a840f000-7ce1a8413000 ---p 00000000 00:00 0 
7ce1a8413000-7ce1a850f000 rw-p 00000000 00:00 0 
7ce1a850f000-7ce1a8513000 ---p 00000000 00:00 0 
7ce1a8513000-7ce1a860f000 rw-p 00000000 00:00 0 
7ce1a860f000-7ce1a8613000 ---p 00000000 00:00 0 
7ce1a8613000-7ce1a870f000 rw-p 00000000 00:00 0 
7ce1a870f000-7ce1a8710000 ---p 00000000 00:00 0 
7ce1a8710000-7ce1a8810000 rw-p 00000000 00:00 0 
7ce1a8810000-7ce1a8815000 r--p 00000000 08:06 17956994                   /usr/lib/jvm/java-17-openjdk-amd64/lib/libjsvml.so
7ce1a8815000-7ce1a8856000 r-xp 00005000 08:06 17956994                   /usr/lib/jvm/java-17-openjdk-amd64/lib/libjsvml.so
7ce1a8856000-7ce1a88df000 r--p 00046000 08:06 17956994                   /usr/lib/jvm/java-17-openjdk-amd64/lib/libjsvml.so
7ce1a88df000-7ce1a88e0000 r--p 000ce000 08:06 17956994                   /usr/lib/jvm/java-17-openjdk-amd64/lib/libjsvml.so
7ce1a88e0000-7ce1a88e1000 rw-p 000cf000 08:06 17956994                   /usr/lib/jvm/java-17-openjdk-amd64/lib/libjsvml.so
7ce1a88e1000-7ce1a89fe000 rw-p 00000000 00:00 0 
7ce1a89fe000-7ce1a89ff000 ---p 00000000 00:00 0 
7ce1a89ff000-7ce1a8aff000 rw-p 00000000 00:00 0 
7ce1a8aff000-7ce1a8b00000 ---p 00000000 00:00 0 
7ce1a8b00000-7ce1a8c00000 rw-p 00000000 00:00 0 
7ce1a8c00000-7ce1aac00000 rw-p 00000000 00:00 0 
7ce1aac33000-7ce1ab504000 rw-p 00000000 00:00 0 
7ce1ab504000-7ce1b2934000 ---p 00000000 00:00 0 
7ce1b2934000-7ce1b3124000 rw-p 00000000 00:00 0 
7ce1b3124000-7ce1ba554000 ---p 00000000 00:00 0 
7ce1ba554000-7ce1ba66e000 rw-p 00000000 00:00 0 
7ce1ba66e000-7ce1bb4f4000 ---p 00000000 00:00 0 
7ce1bb4f4000-7ce1bb5f2000 rw-p 00000000 00:00 0 
7ce1bb5f2000-7ce1bc478000 ---p 00000000 00:00 0 
7ce1bc478000-7ce1bc576000 rw-p 00000000 00:00 0 
7ce1bc576000-7ce1bd3fc000 ---p 00000000 00:00 0 
7ce1bd3fc000-7ce1bd400000 rw-p 00000000 00:00 0 
7ce1bd400000-7ce1bd6f0000 rwxp 00000000 00:00 0 
7ce1bd6f0000-7ce1c4937000 ---p 00000000 00:00 0 
7ce1c4937000-7ce1c4ba7000 rwxp 00000000 00:00 0 
7ce1c4ba7000-7ce1c4ec9000 ---p 00000000 00:00 0 
7ce1c4ec9000-7ce1c5139000 rwxp 00000000 00:00 0 
7ce1c5139000-7ce1cc400000 ---p 00000000 00:00 0 
7ce1cc400000-7ce1d3ed0000 r--s 00000000 08:06 17957030                   /usr/lib/jvm/java-17-openjdk-amd64/lib/modules
7ce1d3ee9000-7ce1d3ef0000 r--s 00000000 08:06 17048970                   /usr/lib/x86_64-linux-gnu/gconv/gconv-modules.cache
7ce1d3ef0000-7ce1d3ef2000 r--p 00000000 08:06 17957001                   /usr/lib/jvm/java-17-openjdk-amd64/lib/libmanagement_ext.so
7ce1d3ef2000-7ce1d3ef5000 r-xp 00002000 08:06 17957001                   /usr/lib/jvm/java-17-openjdk-amd64/lib/libmanagement_ext.so
7ce1d3ef5000-7ce1d3ef7000 r--p 00005000 08:06 17957001                   /usr/lib/jvm/java-17-openjdk-amd64/lib/libmanagement_ext.so
7ce1d3ef7000-7ce1d3ef8000 r--p 00006000 08:06 17957001                   /usr/lib/jvm/java-17-openjdk-amd64/lib/libmanagement_ext.so
7ce1d3ef8000-7ce1d3ef9000 rw-p 00007000 08:06 17957001                   /usr/lib/jvm/java-17-openjdk-amd64/lib/libmanagement_ext.so
7ce1d3ef9000-7ce1d3efb000 r--p 00000000 08:06 17956996                   /usr/lib/jvm/java-17-openjdk-amd64/lib/libmanagement.so
7ce1d3efb000-7ce1d3efc000 r-xp 00002000 08:06 17956996                   /usr/lib/jvm/java-17-openjdk-amd64/lib/libmanagement.so
7ce1d3efc000-7ce1d3efd000 r--p 00003000 08:06 17956996                   /usr/lib/jvm/java-17-openjdk-amd64/lib/libmanagement.so
7ce1d3efd000-7ce1d3efe000 r--p 00003000 08:06 17956996                   /usr/lib/jvm/java-17-openjdk-amd64/lib/libmanagement.so
7ce1d3efe000-7ce1d3eff000 rw-p 00004000 08:06 17956996                   /usr/lib/jvm/java-17-openjdk-amd64/lib/libmanagement.so
7ce1d3eff000-7ce1d4000000 rw-p 00000000 00:00 0 
7ce1d4000000-7ce1d490d000 rw-p 00000000 00:00 0 
7ce1d490d000-7ce1d8000000 ---p 00000000 00:00 0 
7ce1d8001000-7ce1d8809000 rw-p 00000000 00:00 0 
7ce1d8809000-7ce1d880a000 ---p 00000000 00:00 0 
7ce1d880a000-7ce1d890a000 rw-p 00000000 00:00 0 
7ce1d890a000-7ce1d890b000 ---p 00000000 00:00 0 
7ce1d890b000-7ce1d8a0b000 rw-p 00000000 00:00 0 
7ce1d8a0b000-7ce1d8a0c000 ---p 00000000 00:00 0 
7ce1d8a0c000-7ce1d8b0c000 rw-p 00000000 00:00 0 
7ce1d8b0c000-7ce1d961a000 rw-p 00000000 00:00 0 
7ce1d961a000-7ce1d9700000 ---p 00000000 00:00 0 
7ce1d9700000-7ce1d9704000 ---p 00000000 00:00 0 
7ce1d9704000-7ce1d9800000 rw-p 00000000 00:00 0 
7ce1d9800000-7ce1d989a000 r--p 00000000 08:06 17045153                   /usr/lib/x86_64-linux-gnu/libstdc++.so.6.0.30
7ce1d989a000-7ce1d99ab000 r-xp 0009a000 08:06 17045153                   /usr/lib/x86_64-linux-gnu/libstdc++.so.6.0.30
7ce1d99ab000-7ce1d9a1a000 r--p 001ab000 08:06 17045153                   /usr/lib/x86_64-linux-gnu/libstdc++.so.6.0.30
7ce1d9a1a000-7ce1d9a1b000 ---p 0021a000 08:06 17045153                   /usr/lib/x86_64-linux-gnu/libstdc++.so.6.0.30
7ce1d9a1b000-7ce1d9a26000 r--p 0021a000 08:06 17045153                   /usr/lib/x86_64-linux-gnu/libstdc++.so.6.0.30
7ce1d9a26000-7ce1d9a29000 rw-p 00225000 08:06 17045153                   /usr/lib/x86_64-linux-gnu/libstdc++.so.6.0.30
7ce1d9a29000-7ce1d9a2c000 rw-p 00000000 00:00 0 
7ce1d9a2e000-7ce1d9a34000 rw-p 00000000 00:00 0 
7ce1d9a34000-7ce1d9b19000 ---p 00000000 00:00 0 
7ce1d9b19000-7ce1d9b27000 r--p 00000000 08:06 17045262                   /usr/lib/x86_64-linux-gnu/libm.so.6
7ce1d9b27000-7ce1d9ba3000 r-xp 0000e000 08:06 17045262                   /usr/lib/x86_64-linux-gnu/libm.so.6
7ce1d9ba3000-7ce1d9bfe000 r--p 0008a000 08:06 17045262                   /usr/lib/x86_64-linux-gnu/libm.so.6
7ce1d9bfe000-7ce1d9bff000 r--p 000e4000 08:06 17045262                   /usr/lib/x86_64-linux-gnu/libm.so.6
7ce1d9bff000-7ce1d9c00000 rw-p 000e5000 08:06 17045262                   /usr/lib/x86_64-linux-gnu/libm.so.6
7ce1d9c00000-7ce1d9e51000 r--p 00000000 08:06 17957034                   /usr/lib/jvm/java-17-openjdk-amd64/lib/server/libjvm.so
7ce1d9e51000-7ce1dabc6000 r-xp 00251000 08:06 17957034                   /usr/lib/jvm/java-17-openjdk-amd64/lib/server/libjvm.so
7ce1dabc6000-7ce1dae49000 r--p 00fc6000 08:06 17957034                   /usr/lib/jvm/java-17-openjdk-amd64/lib/server/libjvm.so
7ce1dae49000-7ce1dae4a000 ---p 01249000 08:06 17957034                   /usr/lib/jvm/java-17-openjdk-amd64/lib/server/libjvm.so
7ce1dae4a000-7ce1daf02000 r--p 01249000 08:06 17957034                   /usr/lib/jvm/java-17-openjdk-amd64/lib/server/libjvm.so
7ce1daf02000-7ce1daf37000 rw-p 01301000 08:06 17957034                   /usr/lib/jvm/java-17-openjdk-amd64/lib/server/libjvm.so
7ce1daf37000-7ce1daf91000 rw-p 00000000 00:00 0 
7ce1daf92000-7ce1daf94000 r--p 00000000 08:06 17957029                   /usr/lib/jvm/java-17-openjdk-amd64/lib/libzip.so
7ce1daf94000-7ce1daf99000 r-xp 00002000 08:06 17957029                   /usr/lib/jvm/java-17-openjdk-amd64/lib/libzip.so
7ce1daf99000-7ce1daf9b000 r--p 00007000 08:06 17957029                   /usr/lib/jvm/java-17-openjdk-amd64/lib/libzip.so
7ce1daf9b000-7ce1daf9c000 r--p 00008000 08:06 17957029                   /usr/lib/jvm/java-17-openjdk-amd64/lib/libzip.so
7ce1daf9c000-7ce1daf9d000 rw-p 00009000 08:06 17957029                   /usr/lib/jvm/java-17-openjdk-amd64/lib/libzip.so
7ce1daf9d000-7ce1dafa1000 r--p 00000000 08:06 17957003                   /usr/lib/jvm/java-17-openjdk-amd64/lib/libnet.so
7ce1dafa1000-7ce1dafaf000 r-xp 00004000 08:06 17957003                   /usr/lib/jvm/java-17-openjdk-amd64/lib/libnet.so
7ce1dafaf000-7ce1dafb3000 r--p 00012000 08:06 17957003                   /usr/lib/jvm/java-17-openjdk-amd64/lib/libnet.so
7ce1dafb3000-7ce1dafb4000 r--p 00015000 08:06 17957003                   /usr/lib/jvm/java-17-openjdk-amd64/lib/libnet.so
7ce1dafb4000-7ce1dafb5000 rw-p 00016000 08:06 17957003                   /usr/lib/jvm/java-17-openjdk-amd64/lib/libnet.so
7ce1dafb5000-7ce1dafbc000 r--p 00000000 08:06 17957004                   /usr/lib/jvm/java-17-openjdk-amd64/lib/libnio.so
7ce1dafbc000-7ce1dafc5000 r-xp 00007000 08:06 17957004                   /usr/lib/jvm/java-17-openjdk-amd64/lib/libnio.so
7ce1dafc5000-7ce1dafc9000 r--p 00010000 08:06 17957004                   /usr/lib/jvm/java-17-openjdk-amd64/lib/libnio.so
7ce1dafc9000-7ce1dafca000 ---p 00014000 08:06 17957004                   /usr/lib/jvm/java-17-openjdk-amd64/lib/libnio.so
7ce1dafca000-7ce1dafcb000 r--p 00014000 08:06 17957004                   /usr/lib/jvm/java-17-openjdk-amd64/lib/libnio.so
7ce1dafcb000-7ce1dafcc000 rw-p 00015000 08:06 17957004                   /usr/lib/jvm/java-17-openjdk-amd64/lib/libnio.so
7ce1dafcc000-7ce1dafd1000 rw-p 00000000 00:00 0 
7ce1dafd1000-7ce1dafd8000 ---p 00000000 00:00 0 
7ce1dafd8000-7ce1dafe4000 r--p 00000000 08:06 17956987                   /usr/lib/jvm/java-17-openjdk-amd64/lib/libjava.so
7ce1dafe4000-7ce1daff7000 r-xp 0000c000 08:06 17956987                   /usr/lib/jvm/java-17-openjdk-amd64/lib/libjava.so
7ce1daff7000-7ce1daffd000 r--p 0001f000 08:06 17956987                   /usr/lib/jvm/java-17-openjdk-amd64/lib/libjava.so
7ce1daffd000-7ce1daffe000 r--p 00024000 08:06 17956987                   /usr/lib/jvm/java-17-openjdk-amd64/lib/libjava.so
7ce1daffe000-7ce1dafff000 rw-p 00025000 08:06 17956987                   /usr/lib/jvm/java-17-openjdk-amd64/lib/libjava.so
7ce1dafff000-7ce1db000000 rw-p 00000000 00:00 0 
7ce1db000000-7ce1db028000 r--p 00000000 08:06 17045259                   /usr/lib/x86_64-linux-gnu/libc.so.6
7ce1db028000-7ce1db1bd000 r-xp 00028000 08:06 17045259                   /usr/lib/x86_64-linux-gnu/libc.so.6
7ce1db1bd000-7ce1db215000 r--p 001bd000 08:06 17045259                   /usr/lib/x86_64-linux-gnu/libc.so.6
7ce1db215000-7ce1db216000 ---p 00215000 08:06 17045259                   /usr/lib/x86_64-linux-gnu/libc.so.6
7ce1db216000-7ce1db21a000 r--p 00215000 08:06 17045259                   /usr/lib/x86_64-linux-gnu/libc.so.6
7ce1db21a000-7ce1db21c000 rw-p 00219000 08:06 17045259                   /usr/lib/x86_64-linux-gnu/libc.so.6
7ce1db21c000-7ce1db229000 rw-p 00000000 00:00 0 
7ce1db22d000-7ce1db235000 rw-s 00000000 08:06 26738766                   /tmp/hsperfdata_timur/10078
7ce1db235000-7ce1db238000 r--p 00000000 08:06 17039554                   /usr/lib/x86_64-linux-gnu/libgcc_s.so.1
7ce1db238000-7ce1db24f000 r-xp 00003000 08:06 17039554                   /usr/lib/x86_64-linux-gnu/libgcc_s.so.1
7ce1db24f000-7ce1db253000 r--p 0001a000 08:06 17039554                   /usr/lib/x86_64-linux-gnu/libgcc_s.so.1
7ce1db253000-7ce1db254000 r--p 0001d000 08:06 17039554                   /usr/lib/x86_64-linux-gnu/libgcc_s.so.1
7ce1db254000-7ce1db255000 rw-p 0001e000 08:06 17039554                   /usr/lib/x86_64-linux-gnu/libgcc_s.so.1
7ce1db255000-7ce1db258000 rw-p 00000000 00:00 0 
7ce1db258000-7ce1db25a000 r--p 00000000 08:06 17956991                   /usr/lib/jvm/java-17-openjdk-amd64/lib/libjli.so
7ce1db25a000-7ce1db264000 r-xp 00002000 08:06 17956991                   /usr/lib/jvm/java-17-openjdk-amd64/lib/libjli.so
7ce1db264000-7ce1db267000 r--p 0000c000 08:06 17956991                   /usr/lib/jvm/java-17-openjdk-amd64/lib/libjli.so
7ce1db267000-7ce1db268000 r--p 0000e000 08:06 17956991                   /usr/lib/jvm/java-17-openjdk-amd64/lib/libjli.so
7ce1db268000-7ce1db269000 rw-p 0000f000 08:06 17956991                   /usr/lib/jvm/java-17-openjdk-amd64/lib/libjli.so
7ce1db269000-7ce1db26b000 r--p 00000000 08:06 17067559                   /usr/lib/x86_64-linux-gnu/libz.so.1.2.11
7ce1db26b000-7ce1db27c000 r-xp 00002000 08:06 17067559                   /usr/lib/x86_64-linux-gnu/libz.so.1.2.11
7ce1db27c000-7ce1db282000 r--p 00013000 08:06 17067559                   /usr/lib/x86_64-linux-gnu/libz.so.1.2.11
7ce1db282000-7ce1db283000 ---p 00019000 08:06 17067559                   /usr/lib/x86_64-linux-gnu/libz.so.1.2.11
7ce1db283000-7ce1db284000 r--p 00019000 08:06 17067559                   /usr/lib/x86_64-linux-gnu/libz.so.1.2.11
7ce1db284000-7ce1db285000 rw-p 0001a000 08:06 17067559                   /usr/lib/x86_64-linux-gnu/libz.so.1.2.11
7ce1db28a000-7ce1db28b000 ---p 00000000 00:00 0 
7ce1db28b000-7ce1db28c000 r--p 00000000 00:00 0 
7ce1db28c000-7ce1db28e000 r--p 00000000 08:06 17956990                   /usr/lib/jvm/java-17-openjdk-amd64/lib/libjimage.so
7ce1db28e000-7ce1db291000 r-xp 00002000 08:06 17956990                   /usr/lib/jvm/java-17-openjdk-amd64/lib/libjimage.so
7ce1db291000-7ce1db292000 r--p 00005000 08:06 17956990                   /usr/lib/jvm/java-17-openjdk-amd64/lib/libjimage.so
7ce1db292000-7ce1db293000 ---p 00006000 08:06 17956990                   /usr/lib/jvm/java-17-openjdk-amd64/lib/libjimage.so
7ce1db293000-7ce1db294000 r--p 00006000 08:06 17956990                   /usr/lib/jvm/java-17-openjdk-amd64/lib/libjimage.so
7ce1db294000-7ce1db295000 rw-p 00007000 08:06 17956990                   /usr/lib/jvm/java-17-openjdk-amd64/lib/libjimage.so
7ce1db295000-7ce1db297000 rw-p 00000000 00:00 0 
7ce1db297000-7ce1db299000 r--p 00000000 08:06 17041895                   /usr/lib/x86_64-linux-gnu/ld-linux-x86-64.so.2
7ce1db299000-7ce1db2c3000 r-xp 00002000 08:06 17041895                   /usr/lib/x86_64-linux-gnu/ld-linux-x86-64.so.2
7ce1db2c3000-7ce1db2ce000 r--p 0002c000 08:06 17041895                   /usr/lib/x86_64-linux-gnu/ld-linux-x86-64.so.2
7ce1db2ce000-7ce1db2cf000 ---p 00000000 00:00 0 
7ce1db2cf000-7ce1db2d1000 r--p 00037000 08:06 17041895                   /usr/lib/x86_64-linux-gnu/ld-linux-x86-64.so.2
7ce1db2d1000-7ce1db2d3000 rw-p 00039000 08:06 17041895                   /usr/lib/x86_64-linux-gnu/ld-linux-x86-64.so.2
7ffd963ad000-7ffd963cf000 rw-p 00000000 00:00 0                          [stack]
7ffd963e8000-7ffd963ec000 r--p 00000000 00:00 0                          [vvar]
7ffd963ec000-7ffd963ee000 r-xp 00000000 00:00 0                          [vdso]
ffffffffff600000-ffffffffff601000 --xp 00000000 00:00 0                  [vsyscall]


VM Arguments:
java_command: /home/timur/eclipse-workspaceак/b9-hello-world-service/target/surefire/surefirebooter-20251231220349453_3.jar /home/timur/eclipse-workspaceак/b9-hello-world-service/target/surefire 2025-12-31T22-03-49_247-jvmRun1 surefire-20251231220349453_1tmp surefire_0-20251231220349453_2tmp
java_class_path (initial): /home/timur/eclipse-workspaceак/b9-hello-world-service/target/surefire/surefirebooter-20251231220349453_3.jar
Launcher Type: SUN_STANDARD

[Global flags]
     intx CICompilerCount                          = 4                                         {product} {ergonomic}
     uint ConcGCThreads                            = 3                                         {product} {ergonomic}
     uint G1ConcRefinementThreads                  = 10                                        {product} {ergonomic}
   size_t G1HeapRegionSize                         = 4194304                                   {product} {ergonomic}
    uintx GCDrainStackTargetSize                   = 64                                        {product} {ergonomic}
   size_t InitialHeapSize                          = 524288000                                 {product} {ergonomic}
   size_t MarkStackSize                            = 4194304                                   {product} {ergonomic}
   size_t MaxHeapSize                              = 8329887744                                {product} {ergonomic}
   size_t MaxNewSize                               = 4995416064                                {product} {ergonomic}
   size_t MinHeapDeltaBytes                        = 4194304                                   {product} {ergonomic}
   size_t MinHeapSize                              = 8388608                                   {product} {ergonomic}
    uintx NonNMethodCodeHeapSize                   = 5839372                                {pd product} {ergonomic}
    uintx NonProfiledCodeHeapSize                  = 122909434                              {pd product} {ergonomic}
    uintx ProfiledCodeHeapSize                     = 122909434                              {pd product} {ergonomic}
    uintx ReservedCodeCacheSize                    = 251658240                              {pd product} {ergonomic}
     bool SegmentedCodeCache                       = true                                      {product} {ergonomic}
   size_t SoftMaxHeapSize                          = 8329887744                             {manageable} {ergonomic}
     bool UseCompressedClassPointers               = true                           {product lp64_product} {ergonomic}
     bool UseCompressedOops                        = true                           {product lp64_product} {ergonomic}
     bool UseG1GC                                  = true                                      {product} {ergonomic}

Logging:
Log output configuration:
 #0: stdout all=warning uptime,level,tags
 #1: stderr all=off uptime,level,tags

Environment Variables:
JAVA_HOME=/usr/lib/jvm/java-17-openjdk-amd64
PATH=/opt/apache-maven-3.9.11/bin:/home/timur/.asdf/shims:/home/timur/.asdf/bin:/usr/lib/jvm/java-17-openjdk-amd64/bin:/opt/gradle/gradle-8.2.1/bin:/usr/local/sbin:/usr/local/bin:/usr/sbin:/usr/bin:/sbin:/bin:/usr/games:/usr/local/games:/snap/bin:/snap/bin:/usr/lib/jvm/jdk-20/bin:/usr/lib/jvm/jdk-20/db/bin
USERNAME=timur
SHELL=/bin/bash
DISPLAY=:0
LANG=en_US.UTF-8
LC_NUMERIC=ru_RU.UTF-8
LC_TIME=ru_RU.UTF-8
TERM=xterm-256color

Active Locale:
LC_ALL=LC_CTYPE=en_US.UTF-8;LC_NUMERIC=ru_RU.UTF-8;LC_TIME=ru_RU.UTF-8;LC_COLLATE=en_US.UTF-8;LC_MONETARY=ru_RU.UTF-8;LC_MESSAGES=en_US.UTF-8;LC_PAPER=ru_RU.UTF-8;LC_NAME=ru_RU.UTF-8;LC_ADDRESS=ru_RU.UTF-8;LC_TELEPHONE=ru_RU.UTF-8;LC_MEASUREMENT=ru_RU.UTF-8;LC_IDENTIFICATION=ru_RU.UTF-8
LC_COLLATE=en_US.UTF-8
LC_CTYPE=en_US.UTF-8
LC_MESSAGES=en_US.UTF-8
LC_MONETARY=ru_RU.UTF-8
LC_NUMERIC=ru_RU.UTF-8
LC_TIME=ru_RU.UTF-8

Signal Handlers:
   SIGSEGV: crash_handler in libjvm.so, mask=11100100010111111101111111111110, flags=SA_RESTART|SA_SIGINFO, unblocked
    SIGBUS: crash_handler in libjvm.so, mask=11100100010111111101111111111110, flags=SA_RESTART|SA_SIGINFO, unblocked
    SIGFPE: crash_handler in libjvm.so, mask=11100100010111111101111111111110, flags=SA_RESTART|SA_SIGINFO, unblocked
   SIGPIPE: javaSignalHandler in libjvm.so, mask=11100100010111111101111111111110, flags=SA_RESTART|SA_SIGINFO, blocked
   SIGXFSZ: javaSignalHandler in libjvm.so, mask=11100100010111111101111111111110, flags=SA_RESTART|SA_SIGINFO, blocked
    SIGILL: crash_handler in libjvm.so, mask=11100100010111111101111111111110, flags=SA_RESTART|SA_SIGINFO, unblocked
   SIGUSR2: SR_handler in libjvm.so, mask=00000000000000000000000000000000, flags=SA_RESTART|SA_SIGINFO, blocked
    SIGHUP: UserHandler in libjvm.so, mask=11100100010111111101111111111110, flags=SA_RESTART|SA_SIGINFO, blocked
    SIGINT: UserHandler in libjvm.so, mask=11100100010111111101111111111110, flags=SA_RESTART|SA_SIGINFO, blocked
   SIGTERM: UserHandler in libjvm.so, mask=11100100010111111101111111111110, flags=SA_RESTART|SA_SIGINFO, blocked
   SIGQUIT: UserHandler in libjvm.so, mask=11100100010111111101111111111110, flags=SA_RESTART|SA_SIGINFO, blocked
   SIGTRAP: crash_handler in libjvm.so, mask=11100100010111111101111111111110, flags=SA_RESTART|SA_SIGINFO, unblocked


Periodic native trim disabled


---------------  S Y S T E M  ---------------

OS:
DISTRIB_ID=Ubuntu
DISTRIB_RELEASE=22.04
DISTRIB_CODENAME=jammy
DISTRIB_DESCRIPTION="Ubuntu 22.04.2 LTS"
uname: Linux 6.8.0-90-generic #91~22.04.1-Ubuntu SMP PREEMPT_DYNAMIC Thu Nov 20 15:20:45 UTC 2 x86_64
OS uptime: 0 days 1:30 hours
libc: glibc 2.35 NPTL 2.35 
rlimit (soft/hard): STACK 8192k/infinity , CORE 0k/infinity , NPROC 126734/126734 , NOFILE 1048576/1048576 , AS infinity/infinity , CPU infinity/infinity , DATA infinity/infinity , FSIZE infinity/infinity , MEMLOCK 4065836k/4065836k
load average: 1,00 0,51 0,24

/proc/meminfo:
MemTotal:       32526696 kB
MemFree:        27690504 kB
MemAvailable:   29456680 kB
Buffers:          152616 kB
Cached:          2104356 kB
SwapCached:            0 kB
Active:          3519632 kB
Inactive:         671428 kB
Active(anon):    2107948 kB
Inactive(anon):        0 kB
Active(file):    1411684 kB
Inactive(file):   671428 kB
Unevictable:      117096 kB
Mlocked:              64 kB
SwapTotal:       2097148 kB
SwapFree:        2097148 kB
Zswap:                 0 kB
Zswapped:              0 kB
Dirty:               436 kB
Writeback:             0 kB
AnonPages:       2051484 kB
Mapped:          1004368 kB
Shmem:            173824 kB
KReclaimable:      98644 kB
Slab:             314764 kB
SReclaimable:      98644 kB
SUnreclaim:       216120 kB
KernelStack:       16016 kB
PageTables:        27896 kB
SecPageTables:         0 kB
NFS_Unstable:          0 kB
Bounce:                0 kB
WritebackTmp:          0 kB
CommitLimit:    18360496 kB
Committed_AS:    8302020 kB
VmallocTotal:   34359738367 kB
VmallocUsed:       46284 kB
VmallocChunk:          0 kB
Percpu:            14064 kB
HardwareCorrupted:     0 kB
AnonHugePages:         0 kB
ShmemHugePages:        0 kB
ShmemPmdMapped:        0 kB
FileHugePages:         0 kB
FilePmdMapped:         0 kB
Unaccepted:            0 kB
HugePages_Total:       0
HugePages_Free:        0
HugePages_Rsvd:        0
HugePages_Surp:        0
Hugepagesize:       2048 kB
Hugetlb:               0 kB
DirectMap4k:      216764 kB
DirectMap2M:     7829504 kB
DirectMap1G:    26214400 kB

/sys/kernel/mm/transparent_hugepage/enabled: always [madvise] never
/sys/kernel/mm/transparent_hugepage/hpage_pmd_size: 2097152
/sys/kernel/mm/transparent_hugepage/defrag (defrag/compaction efforts parameter): always defer defer+madvise [madvise] never

Process Memory:
Virtual Size: 12098792K (peak: 12099892K)
Resident Set Size: 134884K (peak: 134884K) (anon: 112560K, file: 22324K, shmem: 0K)
Swapped out: 0K
C-Heap outstanding allocations: 70212K, retained: 12063K
glibc malloc tunables: (default)

/proc/sys/kernel/threads-max (system-wide limit on the number of threads): 253468
/proc/sys/vm/max_map_count (maximum number of memory map areas a process may have): 65530
/proc/sys/vm/swappiness (control to define how aggressively the kernel swaps out anonymous memory): 60
/proc/sys/kernel/pid_max (system-wide limit on number of process identifiers): 4194304

container (cgroup) information:
container_type: cgroupv2
cpu_cpuset_cpus: not supported
cpu_memory_nodes: not supported
active_processor_count: 12
cpu_quota: not supported
cpu_period: not supported
cpu_shares: not supported
memory_limit_in_bytes: unlimited
memory_and_swap_limit_in_bytes: unlimited
memory_soft_limit_in_bytes: 0
memory_usage_in_bytes: 409364 k
memory_max_usage_in_bytes: not supported
rss_usage_in_bytes: 350912 k
cache_usage_in_bytes: 50808 k
memory_swap_current_in_bytes: 0
memory_swap_max_limit_in_bytes: unlimited
maximum number of tasks: 38020
current number of tasks: 79

Steal ticks since vm start: 0
Steal ticks percentage since vm start:  0,000

CPU: total 12 (initial active 12) (6 cores per cpu, 2 threads per core) family 6 model 165 stepping 3 microcode 0x100, cx8, cmov, fxsr, ht, mmx, 3dnowpref, sse, sse2, sse3, ssse3, sse4.1, sse4.2, popcnt, lzcnt, tsc, tscinvbit, avx, avx2, aes, erms, clmul, bmi1, bmi2, adx, fma, vzeroupper, clflush, clflushopt
CPU Model and flags from /proc/cpuinfo:
model name	: Intel(R) Core(TM) i5-10400 CPU @ 2.90GHz
flags		: fpu vme de pse tsc msr pae mce cx8 apic sep mtrr pge mca cmov pat pse36 clflush dts acpi mmx fxsr sse sse2 ss ht tm pbe syscall nx pdpe1gb rdtscp lm constant_tsc art arch_perfmon pebs bts rep_good nopl xtopology nonstop_tsc cpuid aperfmperf pni pclmulqdq dtes64 monitor ds_cpl vmx est tm2 ssse3 sdbg fma cx16 xtpr pdcm pcid sse4_1 sse4_2 x2apic movbe popcnt tsc_deadline_timer aes xsave avx f16c rdrand lahf_lm abm 3dnowprefetch cpuid_fault epb ssbd ibrs ibpb stibp ibrs_enhanced tpr_shadow flexpriority ept vpid ept_ad fsgsbase tsc_adjust bmi1 avx2 smep bmi2 erms invpcid mpx rdseed adx smap clflushopt intel_pt xsaveopt xsavec xgetbv1 xsaves dtherm ida arat pln pts vnmi md_clear flush_l1d arch_capabilities ibpb_exit_to_user

Online cpus: 0-11
Offline cpus: 
BIOS frequency limitation: <Not Available>
Frequency switch latency (ns): 20000
Available cpu frequencies: <Not Available>
Current governor: schedutil
Core performance/turbo boost: <Not Available>

Memory: 4k page, physical 32526696k(27690504k free), swap 2097148k(2097148k free)
Page Sizes: 4k

vm_info: OpenJDK 64-Bit Server VM (17.0.17+10-Ubuntu-122.04) for linux-amd64 JRE (17.0.17+10-Ubuntu-122.04), built on Oct 23 2025 18:49:23 by "buildd" with gcc 11.4.0

END.
